seq 16 0.000572 0.000073 0.000668
seq 16 0.000251 0.000044 0.000310
seq 16 0.000495 0.000077 0.000599
seq 16 0.000433 0.000052 0.000502
seq 16 0.000430 0.000058 0.000506
seq 16 0.000246 0.000038 0.000295
seq 16 0.000246 0.000035 0.000291
seq 16 0.000245 0.000031 0.000287
seq 16 0.000245 0.000031 0.000286
seq 16 0.000245 0.000031 0.000290
\n
seq 32 0.001920 0.000088 0.002048
seq 32 0.001915 0.000074 0.002031
seq 32 0.000962 0.000039 0.001031
seq 32 0.000959 0.000049 0.001035
seq 32 0.000962 0.000041 0.001022
seq 32 0.000977 0.000039 0.001038
seq 32 0.001093 0.000039 0.001168
seq 32 0.000958 0.000039 0.001018
seq 32 0.000963 0.000039 0.001024
seq 32 0.000965 0.000042 0.001028
\n
seq 64 0.003815 0.000087 0.003968
seq 64 0.003795 0.000079 0.003939
seq 64 0.003787 0.000083 0.003943
seq 64 0.003843 0.000083 0.003990
seq 64 0.006245 0.000147 0.006512
seq 64 0.003794 0.000084 0.003947
seq 64 0.008290 0.000217 0.008686
seq 64 0.006824 0.000150 0.007091
seq 64 0.003792 0.000091 0.003952
seq 64 0.007340 0.000190 0.007667
\n
seq 128 0.015089 0.000225 0.015547
seq 128 0.015094 0.000374 0.015704
seq 128 0.017222 0.000238 0.017726
seq 128 0.015072 0.000226 0.015532
seq 128 0.015092 0.000236 0.015561
seq 128 0.015116 0.000272 0.015624
seq 128 0.019688 0.000246 0.020166
seq 128 0.018818 0.000252 0.019505
seq 128 0.021185 0.000245 0.021925
seq 128 0.015125 0.000253 0.015611
\n
seq 256 0.064429 0.000865 0.067166
seq 256 0.060275 0.000866 0.062095
seq 256 0.060324 0.001333 0.062585
seq 256 0.063917 0.000863 0.066430
seq 256 0.060284 0.000861 0.062084
seq 256 0.060361 0.000867 0.062169
seq 256 0.060345 0.000863 0.062305
seq 256 0.065948 0.000869 0.068477
seq 256 0.066246 0.000921 0.069038
seq 256 0.065556 0.000886 0.068331
\n
seq 512 0.242514 0.003234 0.253178
seq 512 0.242773 0.003501 0.250308
seq 512 0.240471 0.003415 0.247874
seq 512 0.241966 0.003263 0.253086
seq 512 0.243590 0.003333 0.254088
seq 512 0.243467 0.003317 0.254395
seq 512 0.240728 0.003491 0.248224
seq 512 0.240531 0.003512 0.248017
seq 512 0.240420 0.003360 0.247788
seq 512 0.240740 0.003262 0.248041
\n
seq 1024 0.964022 0.012823 0.998522
seq 1024 0.961811 0.012778 1.002485
seq 1024 0.962634 0.012778 0.992287
seq 1024 0.962825 0.013243 0.992502
seq 1024 0.976495 0.012925 1.008363
seq 1024 0.961837 0.013533 0.991829
seq 1024 0.965752 0.021056 1.004938
seq 1024 0.963678 0.013131 0.996587
seq 1024 0.963353 0.013232 0.995610
seq 1024 0.972173 0.012845 1.002196
\n
seq 2048 3.859957 0.080180 4.011036
seq 2048 3.857101 0.089346 4.012419
seq 2048 3.846483 0.072522 3.988205
seq 2048 3.859707 0.092765 4.024426
seq 2048 3.849170 0.076666 3.996643
seq 2048 3.841537 0.075032 3.993215
seq 2048 3.858730 0.081121 4.017014
seq 2048 3.850613 0.082120 4.001834
seq 2048 3.868052 0.077508 4.016164
seq 2048 3.851926 0.076761 3.999632
\n
seq 4096 15.389285 0.334766 15.996401
seq 4096 15.404637 0.296590 15.992854
seq 4096 15.437549 0.313926 16.037696
seq 4096 15.554739 0.329773 16.163034
seq 4096 15.503299 0.319884 16.112630
seq 4096 15.662337 0.336663 16.301216
seq 4096 15.692095 0.327501 16.311320
seq 4096 15.583762 0.327684 16.197279
seq 4096 15.617888 0.324959 16.235017
seq 4096 15.394862 0.308908 15.983224
\n
seq 8192 61.703260 1.292444 64.034326
seq 8192 61.688935 1.330710 64.103762
seq 8192 61.630285 1.334376 64.035729
seq 8192 61.911768 1.354301 64.315725
seq 8192 61.825278 1.285812 64.176334
seq 8192 61.442300 1.290215 63.778672
seq 8192 61.438855 1.170349 63.678223
seq 8192 61.518416 1.317860 63.931280
seq 8192 61.445924 1.264259 63.750854
seq 8192 61.425015 1.311882 63.784288
\n
