seq 16 0.000110 0.000068 0.000207
seq 16 0.000041 0.000040 0.000092
seq 16 0.000043 0.000045 0.000101
seq 16 0.000083 0.000065 0.000168
seq 16 0.000043 0.000055 0.000110
seq 16 0.000072 0.000053 0.000143
seq 16 0.000041 0.000046 0.000098
seq 16 0.000041 0.000035 0.000086
seq 16 0.000041 0.000031 0.000082
seq 16 0.000041 0.000033 0.000084
\n
seq 32 0.000152 0.000039 0.000212
seq 32 0.000154 0.000045 0.000221
seq 32 0.000152 0.000043 0.000217
seq 32 0.000263 0.000066 0.000357
seq 32 0.000266 0.000068 0.000373
seq 32 0.000151 0.000039 0.000212
seq 32 0.000151 0.000043 0.000217
seq 32 0.000152 0.000039 0.000211
seq 32 0.000154 0.000054 0.000234
seq 32 0.000150 0.000039 0.000211
\n
seq 64 0.000583 0.000080 0.000731
seq 64 0.000579 0.000078 0.000721
seq 64 0.001016 0.000161 0.001300
seq 64 0.000579 0.000079 0.000721
seq 64 0.000579 0.000082 0.000732
seq 64 0.000596 0.000078 0.000738
seq 64 0.001009 0.000133 0.001261
seq 64 0.000862 0.000079 0.001071
seq 64 0.001223 0.000166 0.001528
seq 64 0.001015 0.000136 0.001261
\n
seq 128 0.002248 0.000243 0.002746
seq 128 0.002253 0.000226 0.002714
seq 128 0.004426 0.000467 0.005382
seq 128 0.002257 0.000232 0.002761
seq 128 0.002259 0.000225 0.002720
seq 128 0.002250 0.000225 0.002708
seq 128 0.004651 0.000415 0.005574
seq 128 0.002273 0.000226 0.002736
seq 128 0.004622 0.000466 0.005581
seq 128 0.004588 0.000496 0.005581
\n
seq 256 0.008948 0.000827 0.010792
seq 256 0.008950 0.000824 0.010719
seq 256 0.009064 0.000955 0.011009
seq 256 0.011141 0.001307 0.013425
seq 256 0.008934 0.000848 0.010773
seq 256 0.008931 0.000821 0.010696
seq 256 0.008968 0.000840 0.010762
seq 256 0.014618 0.000840 0.017362
seq 256 0.008945 0.000845 0.010733
seq 256 0.015066 0.000920 0.017853
\n
seq 512 0.035508 0.003195 0.042764
seq 512 0.036576 0.003242 0.043815
seq 512 0.041767 0.003240 0.049096
seq 512 0.035574 0.003265 0.042817
seq 512 0.040241 0.003452 0.047675
seq 512 0.035568 0.003474 0.043081
seq 512 0.035504 0.003447 0.042962
seq 512 0.038425 0.003372 0.045832
seq 512 0.035576 0.003249 0.042819
seq 512 0.038897 0.003254 0.046165
\n
seq 1024 0.145799 0.013450 0.175323
seq 1024 0.141639 0.012993 0.181443
seq 1024 0.141617 0.013261 0.175325
seq 1024 0.143161 0.012863 0.176848
seq 1024 0.141645 0.012917 0.171176
seq 1024 0.144348 0.013852 0.180779
seq 1024 0.141506 0.012792 0.170916
seq 1024 0.141749 0.012917 0.176322
seq 1024 0.141461 0.012926 0.173074
seq 1024 0.145777 0.012801 0.178645
\n
seq 2048 0.569608 0.062320 0.697529
seq 2048 0.574527 0.072930 0.712963
seq 2048 0.566649 0.076277 0.709766
seq 2048 0.565637 0.072840 0.710201
seq 2048 0.571488 0.069633 0.708357
seq 2048 0.565258 0.070263 0.705682
seq 2048 0.565238 0.068425 0.706905
seq 2048 0.565759 0.068152 0.705946
seq 2048 0.570608 0.069929 0.710663
seq 2048 0.565594 0.068036 0.704201
\n
seq 4096 2.270554 0.292436 2.837213
seq 4096 2.257993 0.327909 2.869405
seq 4096 2.285461 0.320304 2.889089
seq 4096 2.297963 0.314057 2.894230
seq 4096 2.298538 0.313019 2.928469
seq 4096 2.318327 0.320058 2.940802
seq 4096 2.308898 0.341861 2.946803
seq 4096 2.298365 0.361415 2.937047
seq 4096 2.308457 0.326852 2.926140
seq 4096 2.316260 0.332167 2.944138
\n
seq 8192 9.058537 1.349555 11.512409
seq 8192 9.144054 1.282207 11.530443
seq 8192 9.052807 1.314238 11.414835
seq 8192 9.025596 1.323361 11.400852
seq 8192 9.045716 1.323736 11.422713
seq 8192 9.028327 1.326524 11.394102
seq 8192 9.009843 1.290128 11.360740
seq 8192 9.029553 1.297840 11.372777
seq 8192 9.020685 1.266883 11.333731
seq 8192 9.018240 1.315736 11.396712
\n
