seq 16 0.000690 0.000081 0.000801
seq 16 0.000506 0.000079 0.000609
seq 16 0.000578 0.000085 0.000684
seq 16 0.000503 0.000068 0.000594
seq 16 0.000502 0.000054 0.000573
seq 16 0.000290 0.000049 0.000351
seq 16 0.000287 0.000031 0.000328
seq 16 0.000287 0.000031 0.000328
seq 16 0.000291 0.000031 0.000332
seq 16 0.000288 0.000030 0.000328
\n
seq 32 0.002850 0.000102 0.002996
seq 32 0.002026 0.000073 0.002144
seq 32 0.001137 0.000041 0.001199
seq 32 0.002002 0.000080 0.002123
seq 32 0.001143 0.000039 0.001204
seq 32 0.001137 0.000050 0.001211
seq 32 0.001144 0.000042 0.001207
seq 32 0.002126 0.000113 0.002283
seq 32 0.001146 0.000044 0.001212
seq 32 0.001143 0.000041 0.001207
\n
seq 64 0.004561 0.000079 0.004703
seq 64 0.007965 0.000103 0.008192
seq 64 0.004588 0.000089 0.004742
seq 64 0.004585 0.000083 0.004739
seq 64 0.006327 0.000083 0.006506
seq 64 0.009263 0.000230 0.009630
seq 64 0.008691 0.000174 0.008985
seq 64 0.006308 0.000090 0.006519
seq 64 0.006573 0.000149 0.006809
seq 64 0.008151 0.000087 0.008357
\n
seq 128 0.018176 0.000247 0.018656
seq 128 0.025150 0.000248 0.025898
seq 128 0.023124 0.000260 0.023877
seq 128 0.018140 0.000251 0.018624
seq 128 0.018181 0.000238 0.018655
seq 128 0.021630 0.000258 0.022336
seq 128 0.018319 0.000254 0.018885
seq 128 0.018243 0.000249 0.018759
seq 128 0.018193 0.000262 0.018691
seq 128 0.018277 0.000249 0.018763
\n
seq 256 0.072601 0.000862 0.074407
seq 256 0.072655 0.000969 0.074585
seq 256 0.081253 0.000941 0.084069
seq 256 0.072593 0.000879 0.074413
seq 256 0.072594 0.000854 0.074387
seq 256 0.072618 0.000850 0.074415
seq 256 0.076065 0.001347 0.079291
seq 256 0.072715 0.000870 0.074536
seq 256 0.077954 0.000877 0.080690
seq 256 0.073317 0.000880 0.075195
\n
seq 512 0.290950 0.003274 0.300957
seq 512 0.290298 0.003504 0.297876
seq 512 0.291766 0.003222 0.302826
seq 512 0.290065 0.003255 0.297322
seq 512 0.290257 0.003258 0.297544
seq 512 0.291228 0.003471 0.302314
seq 512 0.290248 0.003487 0.297706
seq 512 0.290049 0.003244 0.297315
seq 512 0.290303 0.003229 0.297513
seq 512 0.291428 0.003243 0.298661
\n
seq 1024 1.162551 0.015753 1.195105
seq 1024 1.160653 0.013319 1.190298
seq 1024 1.161489 0.012850 1.196736
seq 1024 1.161426 0.012887 1.191002
seq 1024 1.168080 0.019847 1.209708
seq 1024 1.164527 0.013536 1.194745
seq 1024 1.162210 0.012833 1.196902
seq 1024 1.162332 0.013004 1.192092
seq 1024 1.166334 0.012984 1.196174
seq 1024 1.162785 0.012809 1.196522
\n
seq 2048 4.648334 0.070016 4.789401
seq 2048 4.641734 0.075846 4.786350
seq 2048 4.659845 0.093446 4.830915
seq 2048 4.643497 0.073375 4.788663
seq 2048 4.667823 0.084556 4.828472
seq 2048 4.664127 0.068084 4.806150
seq 2048 4.654745 0.068688 4.799424
seq 2048 4.644924 0.068546 4.788079
seq 2048 4.653232 0.069081 4.800558
seq 2048 4.652389 0.067932 4.799709
\n
seq 4096 18.592072 0.327637 19.197474
seq 4096 18.815392 0.338412 19.426628
seq 4096 18.729078 0.343647 19.349194
seq 4096 18.756873 0.332886 19.376207
seq 4096 18.803969 0.324158 19.408574
seq 4096 18.895514 0.340050 19.512512
seq 4096 18.862115 0.328139 19.482807
seq 4096 18.868331 0.340207 19.503017
seq 4096 18.838929 0.358707 19.495943
seq 4096 18.691177 0.453025 19.417905
\n
seq 8192 74.977835 1.341898 77.369454
seq 8192 74.369069 1.316132 76.739945
seq 8192 74.417154 1.337469 76.803441
seq 8192 74.853223 1.318030 77.260452
seq 8192 74.418802 1.275443 76.743410
seq 8192 73.906705 1.311898 76.270192
seq 8192 74.355199 1.259784 76.677956
seq 8192 74.217974 1.335779 76.598648
seq 8192 74.290685 1.314737 76.651964
seq 8192 74.226672 1.405118 76.683677
\n
