omp 1 16 0.000253 0.000034 0.000293
omp 1 16 0.000249 0.000034 0.000288
omp 1 16 0.000254 0.000033 0.000293
omp 1 16 0.000249 0.000034 0.000289
omp 1 16 0.000436 0.000063 0.000508
omp 1 16 0.000437 0.000061 0.000508
omp 1 16 0.000438 0.000060 0.000507
omp 1 16 0.000436 0.000055 0.000500
omp 1 16 0.000249 0.000034 0.000290
omp 1 16 0.000256 0.000035 0.000297
\n
omp 1 32 0.000974 0.000041 0.001020
omp 1 32 0.000994 0.000043 0.001042
omp 1 32 0.000975 0.000044 0.001024
omp 1 32 0.000979 0.000041 0.001025
omp 1 32 0.000994 0.000041 0.001042
omp 1 32 0.000974 0.000041 0.001020
omp 1 32 0.001946 0.000087 0.002044
omp 1 32 0.001957 0.000081 0.002047
omp 1 32 0.001725 0.000069 0.001805
omp 1 32 0.000981 0.000047 0.001034
\n
omp 1 64 0.005673 0.000155 0.005835
omp 1 64 0.007236 0.000155 0.007402
omp 1 64 0.003918 0.000141 0.004064
omp 1 64 0.003833 0.000091 0.003930
omp 1 64 0.003830 0.000088 0.003924
omp 1 64 0.003843 0.000089 0.003938
omp 1 64 0.003836 0.000087 0.003928
omp 1 64 0.003836 0.000088 0.003929
omp 1 64 0.007938 0.000194 0.008142
omp 1 64 0.003848 0.000085 0.003938
\n
omp 1 128 0.020936 0.000258 0.021203
omp 1 128 0.015235 0.000247 0.015488
omp 1 128 0.019212 0.000263 0.019483
omp 1 128 0.015246 0.000248 0.015499
omp 1 128 0.015292 0.000251 0.015549
omp 1 128 0.020490 0.000263 0.020762
omp 1 128 0.015248 0.000282 0.015537
omp 1 128 0.015280 0.000249 0.015535
omp 1 128 0.015246 0.000251 0.015503
omp 1 128 0.018024 0.000252 0.018286
\n
omp 1 256 0.061102 0.000929 0.062038
omp 1 256 0.060880 0.000911 0.061799
omp 1 256 0.060836 0.000908 0.061751
omp 1 256 0.063393 0.000909 0.064309
omp 1 256 0.061073 0.000908 0.061990
omp 1 256 0.061223 0.000912 0.062145
omp 1 256 0.067663 0.000921 0.068594
omp 1 256 0.062940 0.000909 0.063857
omp 1 256 0.065453 0.000909 0.066369
omp 1 256 0.060953 0.000912 0.061872
\n
omp 1 512 0.250827 0.003570 0.254412
omp 1 512 0.244059 0.003466 0.247539
omp 1 512 0.245941 0.003962 0.249916
omp 1 512 0.249993 0.003551 0.253561
omp 1 512 0.244142 0.003520 0.247675
omp 1 512 0.250946 0.003739 0.254701
omp 1 512 0.243197 0.003638 0.246848
omp 1 512 0.243227 0.003546 0.246785
omp 1 512 0.245781 0.003533 0.249329
omp 1 512 0.243765 0.003954 0.247732
\n
omp 1 1024 0.973267 0.014055 0.987337
omp 1 1024 0.972877 0.013993 0.986882
omp 1 1024 0.975671 0.013989 0.989677
omp 1 1024 0.977603 0.014025 0.991644
omp 1 1024 0.981323 0.014044 0.995385
omp 1 1024 0.983070 0.015406 0.998493
omp 1 1024 0.972649 0.015295 0.987959
omp 1 1024 0.975162 0.015644 0.990821
omp 1 1024 0.972857 0.015618 0.988492
omp 1 1024 0.977601 0.013988 0.991604
\n
omp 1 2048 3.892319 0.082857 3.975193
omp 1 2048 3.892380 0.074981 3.967378
omp 1 2048 3.899340 0.078169 3.977529
omp 1 2048 3.902151 0.077003 3.979174
omp 1 2048 3.901082 0.072982 3.974084
omp 1 2048 3.893053 0.072401 3.965474
omp 1 2048 3.917159 0.076667 3.993845
omp 1 2048 3.894947 0.075048 3.970010
omp 1 2048 3.906162 0.072438 3.978621
omp 1 2048 3.915125 0.072622 3.987765
\n
omp 1 4096 15.664176 0.328467 15.992664
omp 1 4096 15.692803 0.333482 16.026307
omp 1 4096 15.613724 0.333542 15.947287
omp 1 4096 15.606770 0.348104 15.954895
omp 1 4096 15.632684 0.318153 15.950858
omp 1 4096 15.565764 0.327826 15.893611
omp 1 4096 15.624947 0.326340 15.951308
omp 1 4096 15.561020 0.329856 15.890899
omp 1 4096 15.638762 0.327434 15.966218
omp 1 4096 15.601787 0.323913 15.925721
\n
omp 1 8192 62.294668 1.452525 63.747211
omp 1 8192 62.230591 1.366738 63.597348
omp 1 8192 62.453914 1.370483 63.824416
omp 1 8192 62.330938 1.233612 63.564568
omp 1 8192 62.578098 1.345614 63.923733
omp 1 8192 62.272798 1.397431 63.670242
omp 1 8192 62.335431 1.345384 63.680837
omp 1 8192 62.241462 1.364513 63.605995
omp 1 8192 62.257746 1.396162 63.653926
omp 1 8192 62.353063 1.385604 63.738687
\n
omp 2 16 0.000258 0.000055 0.000322
omp 2 16 0.000271 0.000033 0.000309
omp 2 16 0.000298 0.000069 0.000376
omp 2 16 0.000268 0.000078 0.000355
omp 2 16 0.000238 0.000036 0.000280
omp 2 16 0.000241 0.000033 0.000280
omp 2 16 0.000240 0.000037 0.000282
omp 2 16 0.000255 0.000066 0.000330
omp 2 16 0.000149 0.000037 0.000192
omp 2 16 0.000147 0.000033 0.000186
\n
omp 2 32 0.000521 0.000042 0.000568
omp 2 32 0.000900 0.000070 0.000979
omp 2 32 0.000907 0.000077 0.000993
omp 2 32 0.000528 0.000043 0.000577
omp 2 32 0.000517 0.000042 0.000565
omp 2 32 0.000519 0.000041 0.000566
omp 2 32 0.000523 0.000046 0.000574
omp 2 32 0.000521 0.000046 0.000572
omp 2 32 0.000861 0.000048 0.000915
omp 2 32 0.000862 0.000047 0.000914
\n
omp 2 64 0.003950 0.000190 0.004150
omp 2 64 0.003365 0.000096 0.003467
omp 2 64 0.002847 0.000090 0.002945
omp 2 64 0.003747 0.000101 0.003854
omp 2 64 0.003204 0.000090 0.003300
omp 2 64 0.001973 0.000091 0.002069
omp 2 64 0.002214 0.000090 0.002309
omp 2 64 0.002002 0.000095 0.002103
omp 2 64 0.001970 0.000102 0.002078
omp 2 64 0.001968 0.000091 0.002065
\n
omp 2 128 0.013348 0.000281 0.013639
omp 2 128 0.007766 0.000267 0.008039
omp 2 128 0.007714 0.000263 0.007982
omp 2 128 0.012573 0.000512 0.013093
omp 2 128 0.007742 0.000291 0.008039
omp 2 128 0.007723 0.000269 0.007998
omp 2 128 0.007735 0.000271 0.008012
omp 2 128 0.007722 0.000275 0.008003
omp 2 128 0.008735 0.000271 0.009012
omp 2 128 0.007730 0.000268 0.008003
\n
omp 2 256 0.032031 0.000993 0.033031
omp 2 256 0.030819 0.001006 0.031832
omp 2 256 0.036458 0.000999 0.037467
omp 2 256 0.032479 0.001016 0.033502
omp 2 256 0.030798 0.001002 0.031807
omp 2 256 0.030833 0.001004 0.031845
omp 2 256 0.035460 0.000995 0.036464
omp 2 256 0.034915 0.001561 0.036490
omp 2 256 0.037573 0.001123 0.038704
omp 2 256 0.030649 0.000995 0.031652
\n
omp 2 512 0.122701 0.003865 0.126580
omp 2 512 0.123202 0.003874 0.127089
omp 2 512 0.129009 0.004020 0.133043
omp 2 512 0.123156 0.003853 0.127022
omp 2 512 0.125136 0.003898 0.129047
omp 2 512 0.128578 0.003910 0.132505
omp 2 512 0.128397 0.003872 0.132282
omp 2 512 0.127214 0.003894 0.131126
omp 2 512 0.127856 0.003994 0.131863
omp 2 512 0.123635 0.003844 0.127492
\n
omp 2 1024 0.497186 0.015184 0.512386
omp 2 1024 0.493529 0.016260 0.509805
omp 2 1024 0.493512 0.015458 0.508989
omp 2 1024 0.494214 0.015397 0.509629
omp 2 1024 0.495570 0.015241 0.510825
omp 2 1024 0.494180 0.017139 0.511336
omp 2 1024 0.496143 0.015374 0.511538
omp 2 1024 0.503515 0.015539 0.519071
omp 2 1024 0.490352 0.015227 0.505596
omp 2 1024 0.502026 0.024494 0.526539
\n
omp 2 2048 1.977442 0.091637 2.069096
omp 2 2048 1.983297 0.078061 2.061378
omp 2 2048 1.968257 0.399574 2.367847
omp 2 2048 1.981581 0.101264 2.082868
omp 2 2048 1.966726 0.083267 2.050013
omp 2 2048 1.975943 0.094580 2.070542
omp 2 2048 1.970474 0.081253 2.051748
omp 2 2048 1.983182 0.078215 2.061416
omp 2 2048 1.974696 0.081975 2.056690
omp 2 2048 1.965482 0.083414 2.048918
\n
omp 2 4096 7.895774 0.372129 8.267921
omp 2 4096 7.856583 0.346047 8.202650
omp 2 4096 7.895892 0.347699 8.243608
omp 2 4096 7.896611 0.357902 8.254537
omp 2 4096 7.865204 0.399444 8.264668
omp 2 4096 7.886855 0.349349 8.236226
omp 2 4096 7.880078 0.357151 8.237251
omp 2 4096 7.892657 0.355323 8.248003
omp 2 4096 7.858289 0.346097 8.204405
omp 2 4096 7.873664 0.344487 8.218173
\n
omp 2 8192 31.383588 1.440005 32.823615
omp 2 8192 31.549277 1.428262 32.977560
omp 2 8192 31.462197 1.464637 32.926858
omp 2 8192 31.479696 1.461581 32.941297
omp 2 8192 31.553823 1.478767 33.032613
omp 2 8192 31.481414 1.508664 32.990100
omp 2 8192 31.499609 1.425220 32.924850
omp 2 8192 31.475614 1.485187 32.960820
omp 2 8192 31.459506 1.499798 32.959322
omp 2 8192 31.430415 1.466478 32.896917
\n
omp 4 16 0.000224 0.000044 0.000273
omp 4 16 0.000223 0.000070 0.000304
omp 4 16 0.000187 0.000068 0.000265
omp 4 16 0.000146 0.000037 0.000189
omp 4 16 0.000140 0.000038 0.000184
omp 4 16 0.000145 0.000038 0.000188
omp 4 16 0.000163 0.000041 0.000210
omp 4 16 0.000199 0.000062 0.000270
omp 4 16 0.000144 0.000037 0.000187
omp 4 16 0.000141 0.000037 0.000184
\n
omp 4 32 0.000438 0.000054 0.000499
omp 4 32 0.000586 0.000084 0.000680
omp 4 32 0.000333 0.000050 0.000388
omp 4 32 0.000335 0.000050 0.000391
omp 4 32 0.000333 0.000051 0.000390
omp 4 32 0.000434 0.000050 0.000490
omp 4 32 0.000333 0.000050 0.000389
omp 4 32 0.000336 0.000051 0.000392
omp 4 32 0.000339 0.000052 0.000397
omp 4 32 0.000341 0.000051 0.000399
\n
omp 4 64 0.001182 0.000112 0.001300
omp 4 64 0.001489 0.000113 0.001609
omp 4 64 0.002061 0.000119 0.002186
omp 4 64 0.001202 0.000113 0.001321
omp 4 64 0.001198 0.000113 0.001318
omp 4 64 0.001215 0.000115 0.001334
omp 4 64 0.002073 0.000202 0.002285
omp 4 64 0.001181 0.000111 0.001297
omp 4 64 0.001181 0.000113 0.001300
omp 4 64 0.001209 0.000117 0.001332
\n
omp 4 128 0.004703 0.000338 0.005048
omp 4 128 0.004628 0.000340 0.004975
omp 4 128 0.004654 0.000349 0.005009
omp 4 128 0.006218 0.000349 0.006574
omp 4 128 0.004639 0.000344 0.004989
omp 4 128 0.005036 0.000352 0.005396
omp 4 128 0.004642 0.000347 0.004994
omp 4 128 0.004662 0.000349 0.005018
omp 4 128 0.004635 0.000348 0.004989
omp 4 128 0.004647 0.000347 0.005001
\n
omp 4 256 0.018490 0.001298 0.019795
omp 4 256 0.024265 0.001300 0.025574
omp 4 256 0.018247 0.001275 0.019529
omp 4 256 0.020928 0.001293 0.022228
omp 4 256 0.018416 0.001283 0.019709
omp 4 256 0.018478 0.001305 0.019791
omp 4 256 0.018473 0.001304 0.019785
omp 4 256 0.019520 0.001296 0.020826
omp 4 256 0.018517 0.001293 0.019817
omp 4 256 0.018916 0.001299 0.020223
\n
omp 4 512 0.077398 0.003860 0.081272
omp 4 512 0.076679 0.003867 0.080563
omp 4 512 0.073982 0.005003 0.078999
omp 4 512 0.074080 0.005061 0.079154
omp 4 512 0.073447 0.004967 0.078427
omp 4 512 0.074793 0.003854 0.078664
omp 4 512 0.073511 0.004989 0.078515
omp 4 512 0.075379 0.005052 0.080447
omp 4 512 0.078170 0.003920 0.082104
omp 4 512 0.071753 0.006196 0.077962
\n
omp 4 1024 0.288254 0.015495 0.303768
omp 4 1024 0.287672 0.024309 0.312001
omp 4 1024 0.287221 0.015504 0.302742
omp 4 1024 0.287672 0.016463 0.304155
omp 4 1024 0.290519 0.016356 0.306893
omp 4 1024 0.287462 0.017288 0.304768
omp 4 1024 0.288261 0.015481 0.303761
omp 4 1024 0.289958 0.015448 0.305424
omp 4 1024 0.288146 0.015501 0.303666
omp 4 1024 0.286887 0.015428 0.302335
\n
omp 4 2048 1.158078 0.086530 1.244629
omp 4 2048 1.162466 0.084705 1.247196
omp 4 2048 1.157457 0.088582 1.246056
omp 4 2048 1.162179 0.086478 1.248676
omp 4 2048 1.165748 0.082622 1.248392
omp 4 2048 1.164360 0.097602 1.261985
omp 4 2048 1.155001 0.079516 1.234539
omp 4 2048 1.159296 0.082814 1.242133
omp 4 2048 1.152469 0.082694 1.235188
omp 4 2048 1.160271 0.083548 1.243842
\n
omp 4 4096 4.618747 0.374649 4.993415
omp 4 4096 4.602943 0.340618 4.943587
omp 4 4096 4.596399 0.369272 4.965690
omp 4 4096 4.608913 0.332790 4.941723
omp 4 4096 4.592509 0.341469 4.934002
omp 4 4096 4.598933 4.295106 8.894059
omp 4 4096 4.606772 0.340601 4.947389
omp 4 4096 4.607425 0.332804 4.940249
omp 4 4096 4.594483 0.390409 4.984910
omp 4 4096 4.611288 0.334810 4.946122
\n
omp 4 8192 18.325727 1.478340 19.804085
omp 4 8192 18.371965 1.451591 19.823577
omp 4 8192 18.325781 1.473320 19.799121
omp 4 8192 18.325710 1.412374 19.738107
omp 4 8192 18.378816 1.482376 19.861212
omp 4 8192 18.342782 1.461864 19.804668
omp 4 8192 18.390424 1.456090 19.846538
omp 4 8192 18.340381 1.453824 19.794222
omp 4 8192 18.375453 1.459515 19.834991
omp 4 8192 18.403653 1.457336 19.861008
\n
omp 8 16 0.001556 0.000044 0.001605
omp 8 16 0.003814 0.000067 0.003887
omp 8 16 0.004754 0.000054 0.004814
omp 8 16 0.000536 0.000042 0.000584
omp 8 16 0.000175 0.000049 0.000229
omp 8 16 0.000513 0.000055 0.000574
omp 8 16 0.000146 0.000049 0.000200
omp 8 16 0.000319 0.000055 0.000380
omp 8 16 0.009425 0.000053 0.009485
omp 8 16 0.004690 0.000042 0.004738
\n
omp 8 32 0.000831 0.000062 0.000899
omp 8 32 0.000244 0.000062 0.000311
omp 8 32 0.000516 0.000057 0.000578
omp 8 32 0.004911 0.000070 0.004986
omp 8 32 0.009571 0.000079 0.009657
omp 8 32 0.002947 0.000055 0.003008
omp 8 32 0.000248 0.000057 0.000310
omp 8 32 0.000633 0.000078 0.000717
omp 8 32 0.004862 0.000068 0.004935
omp 8 32 0.000254 0.000055 0.000315
\n
omp 8 64 0.004150 0.000125 0.004280
omp 8 64 0.000698 0.002359 0.003063
omp 8 64 0.002799 0.000161 0.002966
omp 8 64 0.004819 0.000136 0.004960
omp 8 64 0.010406 0.000138 0.010550
omp 8 64 0.000742 0.000140 0.000887
omp 8 64 0.000690 0.000116 0.000811
omp 8 64 0.010118 0.000136 0.010260
omp 8 64 0.000706 0.002303 0.003015
omp 8 64 0.000700 0.000131 0.000838
\n
omp 8 128 0.007120 0.000360 0.007485
omp 8 128 0.002499 0.000355 0.002860
omp 8 128 0.006395 0.000362 0.006763
omp 8 128 0.003166 0.000362 0.003534
omp 8 128 0.002999 0.001794 0.004806
omp 8 128 0.002486 0.000358 0.002850
omp 8 128 0.007177 0.000393 0.007576
omp 8 128 0.003956 0.000376 0.004338
omp 8 128 0.007196 0.000408 0.007610
omp 8 128 0.002850 0.000404 0.003260
\n
omp 8 256 0.019733 0.001593 0.021334
omp 8 256 0.019110 0.001466 0.020584
omp 8 256 0.022938 0.002048 0.024995
omp 8 256 0.014457 0.001494 0.015960
omp 8 256 0.014517 0.001499 0.016023
omp 8 256 0.018491 0.005706 0.024204
omp 8 256 0.014970 0.001371 0.016348
omp 8 256 0.020794 0.001148 0.021950
omp 8 256 0.021762 0.001609 0.023379
omp 8 256 0.020429 0.001520 0.021957
\n
omp 8 512 0.039326 0.006923 0.046265
omp 8 512 0.051250 0.005453 0.056717
omp 8 512 0.049089 0.005128 0.054232
omp 8 512 0.059445 0.009267 0.068727
omp 8 512 0.042560 0.005517 0.048093
omp 8 512 0.044628 0.006920 0.051576
omp 8 512 0.039521 0.005841 0.045377
omp 8 512 0.041681 0.005581 0.047277
omp 8 512 0.041053 0.005661 0.046730
omp 8 512 0.054835 0.008128 0.062978
\n
omp 8 1024 0.170697 0.028645 0.199363
omp 8 1024 0.161483 0.017174 0.178676
omp 8 1024 0.177520 0.018556 0.196092
omp 8 1024 0.161661 0.020647 0.182336
omp 8 1024 0.183497 0.019733 0.203248
omp 8 1024 0.171050 0.016589 0.187657
omp 8 1024 0.159947 0.017925 0.177889
omp 8 1024 0.177935 0.017969 0.195922
omp 8 1024 0.169196 0.021625 0.190840
omp 8 1024 0.168862 0.016664 0.185544
\n
omp 8 2048 0.645510 0.103787 0.749313
omp 8 2048 0.640725 0.080007 0.720753
omp 8 2048 0.642129 0.084961 0.727113
omp 8 2048 0.651610 0.084273 0.735905
omp 8 2048 0.644649 0.082439 0.727107
omp 8 2048 0.635913 0.079943 0.715879
omp 8 2048 0.648704 0.079558 0.728282
omp 8 2048 0.644829 0.084391 0.729243
omp 8 2048 0.638232 0.080398 0.718651
omp 8 2048 0.633982 0.085878 0.719879
\n
omp 8 4096 2.535491 0.362593 2.898106
omp 8 4096 2.555279 0.396460 2.951763
omp 8 4096 2.534611 0.347837 2.882470
omp 8 4096 2.536020 0.361581 2.897623
omp 8 4096 2.531071 0.360777 2.891869
omp 8 4096 2.560303 0.362686 2.923012
omp 8 4096 2.542488 0.349105 2.891608
omp 8 4096 2.536829 0.358814 2.895661
omp 8 4096 2.539022 0.359528 2.898570
omp 8 4096 2.528470 0.360286 2.888778
\n
omp 8 8192 10.133161 1.475466 11.608647
omp 8 8192 10.120282 1.514561 11.634866
omp 8 8192 10.105686 1.438668 11.544375
omp 8 8192 10.100177 4.240124 14.340317
omp 8 8192 10.136189 1.470138 11.606346
omp 8 8192 10.124395 1.439096 11.563514
omp 8 8192 10.132128 1.441646 11.573795
omp 8 8192 10.106249 1.548739 11.655008
omp 8 8192 10.092783 1.427694 11.520500
omp 8 8192 10.076692 1.492017 11.568726
\n
omp 16 16 0.000709 0.000071 0.000787
omp 16 16 0.000462 0.000041 0.000508
omp 16 16 0.000579 0.000063 0.000652
omp 16 16 0.000506 0.000066 0.000582
omp 16 16 0.000533 0.000062 0.000605
omp 16 16 0.000559 0.000036 0.000601
omp 16 16 0.000368 0.000037 0.000410
omp 16 16 0.000952 0.000067 0.001029
omp 16 16 0.000448 0.000070 0.000530
omp 16 16 0.000434 0.000063 0.000505
\n
omp 16 32 0.000868 0.000084 0.000961
omp 16 32 0.001234 0.000076 0.001318
omp 16 32 0.001434 0.000082 0.001526
omp 16 32 0.001467 0.000056 0.001529
omp 16 32 0.001073 0.000053 0.001131
omp 16 32 0.001080 0.000057 0.001144
omp 16 32 0.000896 0.000052 0.000953
omp 16 32 0.001493 0.000107 0.001611
omp 16 32 0.000831 0.000066 0.000905
omp 16 32 0.001086 0.000085 0.001182
\n
omp 16 64 0.002182 0.000130 0.002321
omp 16 64 0.002076 0.000159 0.002245
omp 16 64 0.004132 0.000115 0.004253
omp 16 64 0.002192 0.000107 0.002304
omp 16 64 0.002819 0.000130 0.002955
omp 16 64 0.002250 0.000101 0.002357
omp 16 64 0.002848 0.000138 0.002997
omp 16 64 0.002754 0.000179 0.002941
omp 16 64 0.002505 0.000187 0.002701
omp 16 64 0.002755 0.000102 0.002863
\n
omp 16 128 0.006442 0.000276 0.006730
omp 16 128 0.005545 0.000324 0.005880
omp 16 128 0.005295 0.000559 0.005870
omp 16 128 0.006823 0.000279 0.007112
omp 16 128 0.005108 0.000660 0.005776
omp 16 128 0.004530 0.000346 0.004883
omp 16 128 0.005937 0.000540 0.006486
omp 16 128 0.005169 0.000472 0.005649
omp 16 128 0.005475 0.000351 0.005835
omp 16 128 0.004202 0.000279 0.004488
\n
omp 16 256 0.012703 0.001643 0.014357
omp 16 256 0.014899 0.001054 0.015965
omp 16 256 0.015253 0.002085 0.017348
omp 16 256 0.014276 0.001587 0.015872
omp 16 256 0.012665 0.001028 0.013702
omp 16 256 0.014093 0.001034 0.015134
omp 16 256 0.012806 0.001038 0.013854
omp 16 256 0.012880 0.001009 0.013903
omp 16 256 0.014033 0.001047 0.015097
omp 16 256 0.014315 0.001169 0.015493
\n
omp 16 512 0.046281 0.003896 0.050191
omp 16 512 0.050540 0.004554 0.055110
omp 16 512 0.052724 0.003928 0.056668
omp 16 512 0.046449 0.004438 0.050902
omp 16 512 0.055592 0.004166 0.059776
omp 16 512 0.049523 0.004136 0.053673
omp 16 512 0.050422 0.004528 0.054967
omp 16 512 0.053629 0.007315 0.060961
omp 16 512 0.049738 0.004412 0.054169
omp 16 512 0.050872 0.004241 0.055129
\n
omp 16 1024 0.164543 0.021281 0.185848
omp 16 1024 0.165541 0.019274 0.184835
omp 16 1024 0.167528 0.021215 0.188764
omp 16 1024 0.170343 0.015533 0.185898
omp 16 1024 0.170577 0.015966 0.186566
omp 16 1024 0.163691 0.017365 0.181076
omp 16 1024 0.170359 0.015686 0.186063
omp 16 1024 0.162290 0.015858 0.178162
omp 16 1024 0.173474 0.019920 0.193414
omp 16 1024 0.169222 0.015691 0.184932
\n
omp 16 2048 0.603754 0.567907 1.171690
omp 16 2048 0.608193 0.095505 0.703725
omp 16 2048 0.598179 0.079494 0.677695
omp 16 2048 0.639910 0.085263 0.725192
omp 16 2048 0.647443 0.085031 0.732500
omp 16 2048 0.625088 0.084566 0.709679
omp 16 2048 0.578897 0.104435 0.683357
omp 16 2048 0.604648 0.100906 0.705578
omp 16 2048 0.581930 0.092054 0.674009
omp 16 2048 0.613085 0.085280 0.698394
\n
omp 16 4096 2.350943 1.923924 4.274891
omp 16 4096 2.383258 0.329094 2.712371
omp 16 4096 2.334539 0.355695 2.690258
omp 16 4096 2.343672 2.117745 4.461439
omp 16 4096 2.271720 0.362299 2.634040
omp 16 4096 2.353294 0.351178 2.704490
omp 16 4096 2.368010 2.117593 4.485631
omp 16 4096 2.317558 0.374761 2.692338
omp 16 4096 2.378782 0.346811 2.725616
omp 16 4096 2.378726 3.705803 6.084553
\n
omp 16 8192 9.269814 1.468655 10.738492
omp 16 8192 10.102370 1.491760 11.594148
omp 16 8192 9.520521 1.517978 11.038519
omp 16 8192 9.218607 1.547924 10.766552
omp 16 8192 9.335569 1.507326 10.842915
omp 16 8192 9.704084 1.493392 11.197497
omp 16 8192 9.293855 1.504077 10.797956
omp 16 8192 9.211242 1.491296 10.702560
omp 16 8192 9.246931 1.441926 10.688881
omp 16 8192 9.257257 1.487775 10.745055
\n
omp 32 16 0.004481 0.000077 0.004567
omp 32 16 0.003301 0.000066 0.003375
omp 32 16 0.004537 0.000092 0.004639
omp 32 16 0.002730 0.000080 0.002818
omp 32 16 0.005018 0.000082 0.005113
omp 32 16 0.004281 0.000087 0.004378
omp 32 16 0.003436 0.000075 0.003521
omp 32 16 0.004302 0.000082 0.004395
omp 32 16 0.003330 0.000051 0.003386
omp 32 16 0.004637 0.000063 0.004709
\n
omp 32 32 0.001942 0.000064 0.002014
omp 32 32 0.001902 0.000105 0.002025
omp 32 32 0.000886 0.000073 0.000966
omp 32 32 0.001222 0.000064 0.001295
omp 32 32 0.001147 0.000057 0.001210
omp 32 32 0.001780 0.000102 0.001892
omp 32 32 0.000980 0.000101 0.001091
omp 32 32 0.001124 0.000087 0.001219
omp 32 32 0.001806 0.000095 0.001909
omp 32 32 0.001110 0.000106 0.001226
\n
omp 32 64 0.003651 0.000199 0.003859
omp 32 64 0.003410 0.000108 0.003524
omp 32 64 0.002512 0.000189 0.002711
omp 32 64 0.001830 0.000180 0.002021
omp 32 64 0.003423 0.000110 0.003539
omp 32 64 0.003466 0.000133 0.003605
omp 32 64 0.004575 0.000129 0.004714
omp 32 64 0.002640 0.000185 0.002836
omp 32 64 0.002808 0.000196 0.003011
omp 32 64 0.001779 0.000115 0.001899
\n
omp 32 128 0.006457 0.000500 0.006966
omp 32 128 0.007300 0.000321 0.007630
omp 32 128 0.006532 0.000482 0.007025
omp 32 128 0.009636 0.000290 0.009933
omp 32 128 0.006446 0.000294 0.006755
omp 32 128 0.005241 0.000288 0.005538
omp 32 128 0.005317 0.000429 0.005757
omp 32 128 0.005889 0.000329 0.006229
omp 32 128 0.004161 0.000396 0.004563
omp 32 128 0.006728 0.000289 0.007023
\n
omp 32 256 0.012191 0.001046 0.013245
omp 32 256 0.015308 0.001278 0.016596
omp 32 256 0.014898 0.001113 0.016020
omp 32 256 0.014720 0.001822 0.016554
omp 32 256 0.015625 0.001065 0.016700
omp 32 256 0.015939 0.001750 0.017699
omp 32 256 0.014903 0.001047 0.015958
omp 32 256 0.013333 0.001045 0.014386
omp 32 256 0.016202 0.001121 0.017331
omp 32 256 0.013185 0.001069 0.014262
\n
omp 32 512 0.046775 0.004072 0.050861
omp 32 512 0.046694 0.005235 0.051947
omp 32 512 0.047857 0.004200 0.052075
omp 32 512 0.042696 0.004001 0.046713
omp 32 512 0.044415 0.006612 0.051040
omp 32 512 0.046615 0.006827 0.053458
omp 32 512 0.046900 0.004032 0.050947
omp 32 512 0.042856 0.004078 0.046948
omp 32 512 0.038852 0.004006 0.042875
omp 32 512 0.044080 0.003995 0.048095
\n
omp 32 1024 0.148553 0.017517 0.166091
omp 32 1024 0.153622 0.021094 0.174741
omp 32 1024 0.151698 0.020092 0.171811
omp 32 1024 0.153419 0.015866 0.169307
omp 32 1024 0.155141 0.016297 0.171458
omp 32 1024 0.160364 0.015840 0.176221
omp 32 1024 0.164461 0.015691 0.180170
omp 32 1024 0.157229 0.024402 0.181654
omp 32 1024 0.153142 0.015678 0.168842
omp 32 1024 0.164119 0.015871 0.180009
\n
omp 32 2048 0.604932 0.081885 0.686838
omp 32 2048 0.585328 0.081497 0.666842
omp 32 2048 0.578003 0.090144 0.668173
omp 32 2048 0.572761 0.080461 0.653250
omp 32 2048 0.594600 0.075877 0.670499
omp 32 2048 0.601357 0.086248 0.687627
omp 32 2048 0.571531 0.080449 0.652002
omp 32 2048 0.580651 0.081183 0.661853
omp 32 2048 0.600240 0.079593 0.679853
omp 32 2048 0.582302 0.078978 0.661301
\n
omp 32 4096 2.294359 0.346222 2.640621
omp 32 4096 2.211972 0.376826 2.588818
omp 32 4096 2.247184 0.366963 2.614169
omp 32 4096 2.232855 0.361758 2.594632
omp 32 4096 2.246334 0.423418 2.669774
omp 32 4096 2.277436 0.362889 2.640343
omp 32 4096 2.248549 0.377823 2.626392
omp 32 4096 2.281806 0.334611 2.616437
omp 32 4096 2.322985 0.343825 2.666834
omp 32 4096 2.281131 0.352859 2.634010
\n
omp 32 8192 9.071965 1.482951 10.554937
omp 32 8192 8.955918 1.549097 10.505033
omp 32 8192 8.957988 1.437588 10.395597
omp 32 8192 9.140742 1.451951 10.592715
omp 32 8192 9.014060 1.539919 10.554000
omp 32 8192 9.048806 1.522368 10.571190
omp 32 8192 8.989370 1.506579 10.495970
omp 32 8192 8.949321 1.492125 10.441466
omp 32 8192 9.075945 1.479495 10.555452
omp 32 8192 9.030733 1.417656 10.448409
\n
