omp 1 16 0.000254 0.000051 0.000310
omp 1 16 0.000259 0.000035 0.000299
omp 1 16 0.000254 0.000032 0.000290
omp 1 16 0.000255 0.000037 0.000297
omp 1 16 0.000259 0.000037 0.000302
omp 1 16 0.000455 0.000062 0.000526
omp 1 16 0.000467 0.000062 0.000537
omp 1 16 0.000259 0.000042 0.000309
omp 1 16 0.000446 0.000055 0.000510
omp 1 16 0.000254 0.000033 0.000292
\n
omp 1 32 0.001017 0.000043 0.001066
omp 1 32 0.001020 0.000041 0.001066
omp 1 32 0.001816 0.000080 0.001906
omp 1 32 0.001026 0.000041 0.001074
omp 1 32 0.001021 0.000041 0.001068
omp 1 32 0.001017 0.000044 0.001066
omp 1 32 0.001739 0.000078 0.001824
omp 1 32 0.002075 0.000497 0.002583
omp 1 32 0.001341 0.000072 0.001420
omp 1 32 0.001771 0.000069 0.001849
\n
omp 1 64 0.004057 0.000086 0.004148
omp 1 64 0.004040 0.000087 0.004132
omp 1 64 0.004469 0.000089 0.004567
omp 1 64 0.006065 0.000088 0.006161
omp 1 64 0.004043 0.000088 0.004136
omp 1 64 0.007792 0.000103 0.007904
omp 1 64 0.004053 0.000086 0.004145
omp 1 64 0.004047 0.000091 0.004143
omp 1 64 0.007941 0.000085 0.008035
omp 1 64 0.004034 0.000085 0.004125
\n
omp 1 128 0.016140 0.000251 0.016396
omp 1 128 0.016116 0.000244 0.016365
omp 1 128 0.016109 0.000241 0.016355
omp 1 128 0.017981 0.000247 0.018234
omp 1 128 0.017997 0.000263 0.018269
omp 1 128 0.019498 0.000252 0.019759
omp 1 128 0.016111 0.000252 0.016368
omp 1 128 0.016196 0.000250 0.016452
omp 1 128 0.016123 0.000254 0.016383
omp 1 128 0.016147 0.000359 0.016512
\n
omp 1 256 0.064664 0.000923 0.065594
omp 1 256 0.064785 0.000911 0.065703
omp 1 256 0.066884 0.000917 0.067809
omp 1 256 0.065973 0.000908 0.066888
omp 1 256 0.064614 0.001011 0.065634
omp 1 256 0.071365 0.000933 0.072308
omp 1 256 0.068403 0.000931 0.069345
omp 1 256 0.066097 0.000908 0.067012
omp 1 256 0.066706 0.000917 0.067630
omp 1 256 0.069820 0.000911 0.070742
\n
omp 1 512 0.268591 0.003563 0.272170
omp 1 512 0.259296 0.003544 0.262853
omp 1 512 0.258857 0.003965 0.262837
omp 1 512 0.258491 0.005234 0.263740
omp 1 512 0.259498 0.003542 0.263051
omp 1 512 0.264401 0.003538 0.267956
omp 1 512 0.257990 0.003538 0.261541
omp 1 512 0.264348 0.003530 0.267894
omp 1 512 0.257982 0.003619 0.261614
omp 1 512 0.258785 0.003924 0.262723
\n
omp 1 1024 1.033375 0.013774 1.047166
omp 1 1024 1.034403 0.013950 1.048369
omp 1 1024 1.033057 0.013976 1.047049
omp 1 1024 1.032471 0.013975 1.046461
omp 1 1024 1.032620 0.013976 1.046611
omp 1 1024 1.032309 0.014003 1.046326
omp 1 1024 1.032004 0.015361 1.047382
omp 1 1024 1.039697 0.015635 1.055348
omp 1 1024 1.032651 0.015444 1.048111
omp 1 1024 1.037927 0.014815 1.052759
\n
omp 1 2048 4.159161 0.532814 4.691995
omp 1 2048 4.131297 0.087932 4.219245
omp 1 2048 4.158076 0.073276 4.231371
omp 1 2048 4.136023 0.087272 4.223311
omp 1 2048 4.139581 0.079347 4.218948
omp 1 2048 4.131914 0.072573 4.204509
omp 1 2048 4.136134 0.072417 4.208571
omp 1 2048 4.135694 0.074475 4.210187
omp 1 2048 4.150558 0.073428 4.224006
omp 1 2048 4.149229 0.073015 4.222264
\n
omp 1 4096 16.634684 0.327493 16.962201
omp 1 4096 16.635037 0.347546 16.982604
omp 1 4096 16.548097 0.324787 16.872906
omp 1 4096 16.576285 0.331950 16.908257
omp 1 4096 16.558014 0.323561 16.881594
omp 1 4096 16.524806 0.354015 16.878844
omp 1 4096 16.507692 0.331106 16.838818
omp 1 4096 16.509346 0.340958 16.850321
omp 1 4096 16.531327 0.324474 16.855825
omp 1 4096 16.568539 0.323191 16.891753
\n
omp 1 8192 66.156863 1.343971 67.500857
omp 1 8192 66.231532 1.399621 67.631174
omp 1 8192 66.074808 1.343686 67.418513
omp 1 8192 66.225825 1.551393 67.777241
omp 1 8192 66.147068 1.384081 67.531170
omp 1 8192 66.333375 1.368873 67.702270
omp 1 8192 66.011880 1.419257 67.431154
omp 1 8192 66.303557 1.343564 67.647144
omp 1 8192 66.441433 1.399120 67.840569
omp 1 8192 66.362392 1.343233 67.705646
\n
omp 2 16 0.000294 0.000071 0.000377
omp 2 16 0.000281 0.000055 0.000346
omp 2 16 0.000250 0.000033 0.000288
omp 2 16 0.000292 0.000062 0.000363
omp 2 16 0.000161 0.000035 0.000202
omp 2 16 0.000223 0.000033 0.000263
omp 2 16 0.000222 0.000035 0.000262
omp 2 16 0.000232 0.000034 0.000271
omp 2 16 0.000183 0.000037 0.000226
omp 2 16 0.000160 0.000034 0.000199
\n
omp 2 32 0.000585 0.000042 0.000633
omp 2 32 0.000588 0.000042 0.000635
omp 2 32 0.001061 0.000075 0.001145
omp 2 32 0.000595 0.000043 0.000643
omp 2 32 0.000591 0.000045 0.000641
omp 2 32 0.000806 0.000042 0.000854
omp 2 32 0.000586 0.000045 0.000638
omp 2 32 0.000588 0.000046 0.000640
omp 2 32 0.000599 0.000045 0.000648
omp 2 32 0.000810 0.000047 0.000862
\n
omp 2 64 0.003137 0.000138 0.003281
omp 2 64 0.003141 0.000092 0.003237
omp 2 64 0.002822 0.000155 0.002984
omp 2 64 0.002304 0.000095 0.002404
omp 2 64 0.003160 0.000091 0.003257
omp 2 64 0.002318 0.000090 0.002413
omp 2 64 0.002340 0.000097 0.002444
omp 2 64 0.002307 0.000094 0.002406
omp 2 64 0.002301 0.000102 0.002409
omp 2 64 0.002303 0.000089 0.002397
\n
omp 2 128 0.013130 0.000281 0.013416
omp 2 128 0.014078 0.000278 0.014364
omp 2 128 0.012713 0.000270 0.012992
omp 2 128 0.011767 0.000274 0.012049
omp 2 128 0.013193 0.000272 0.013471
omp 2 128 0.009669 0.000473 0.010149
omp 2 128 0.009155 0.000273 0.009434
omp 2 128 0.009155 0.000277 0.009439
omp 2 128 0.011827 0.000281 0.012113
omp 2 128 0.013229 0.000270 0.013509
\n
omp 2 256 0.036506 0.000996 0.037510
omp 2 256 0.036673 0.000992 0.037670
omp 2 256 0.036505 0.001028 0.037540
omp 2 256 0.037830 0.001043 0.038881
omp 2 256 0.036639 0.001007 0.037652
omp 2 256 0.036679 0.001000 0.037686
omp 2 256 0.036602 0.001005 0.037615
omp 2 256 0.036519 0.000996 0.037522
omp 2 256 0.038496 0.001012 0.039516
omp 2 256 0.038500 0.000983 0.039489
\n
omp 2 512 0.146166 0.003865 0.150046
omp 2 512 0.146660 0.003874 0.150548
omp 2 512 0.145751 0.003878 0.149643
omp 2 512 0.145719 0.003887 0.149621
omp 2 512 0.147708 0.003866 0.151588
omp 2 512 0.146882 0.003852 0.150747
omp 2 512 0.148366 0.003901 0.152278
omp 2 512 0.146596 0.003908 0.150519
omp 2 512 0.146859 0.003876 0.150749
omp 2 512 0.146742 0.003877 0.150633
\n
omp 2 1024 0.584445 0.015216 0.599678
omp 2 1024 0.583541 0.017179 0.600737
omp 2 1024 0.584831 0.024161 0.609010
omp 2 1024 0.587299 0.015503 0.602821
omp 2 1024 0.585011 0.015298 0.600322
omp 2 1024 0.587476 0.017194 0.604688
omp 2 1024 0.584797 0.015233 0.600050
omp 2 1024 0.582828 0.016920 0.599766
omp 2 1024 0.592107 0.015424 0.607545
omp 2 1024 0.583438 0.024531 0.607988
\n
omp 2 2048 2.343185 0.078442 2.421646
omp 2 2048 2.357209 0.079770 2.436995
omp 2 2048 2.345795 0.451583 2.797396
omp 2 2048 2.343592 0.077730 2.421343
omp 2 2048 2.332528 0.086643 2.419188
omp 2 2048 2.356737 0.077696 2.434451
omp 2 2048 2.333026 0.089191 2.422237
omp 2 2048 2.342955 0.106958 2.449936
omp 2 2048 2.335029 0.078894 2.413947
omp 2 2048 2.345921 0.085309 2.431249
\n
omp 2 4096 9.388980 0.371450 9.760452
omp 2 4096 9.381024 0.344639 9.725685
omp 2 4096 9.372420 0.345038 9.717480
omp 2 4096 9.381464 0.335712 9.717197
omp 2 4096 9.390263 0.345659 9.735944
omp 2 4096 9.377301 0.387006 9.764327
omp 2 4096 9.382870 0.343079 9.725966
omp 2 4096 9.401620 0.387344 9.788985
omp 2 4096 9.342667 0.357690 9.700377
omp 2 4096 9.365127 0.366693 9.731839
\n
omp 2 8192 37.532741 1.406547 38.939306
omp 2 8192 37.499550 1.508605 39.008177
omp 2 8192 37.441367 1.478603 38.919993
omp 2 8192 37.506155 1.520942 39.027118
omp 2 8192 37.586228 1.524270 39.110518
omp 2 8192 37.423962 1.445573 38.869555
omp 2 8192 37.509094 1.443542 38.952657
omp 2 8192 37.555827 1.592800 39.148649
omp 2 8192 37.570524 1.455183 39.025726
omp 2 8192 37.493920 1.424502 38.918440
\n
omp 4 16 0.000137 0.000041 0.000185
omp 4 16 0.000221 0.000070 0.000301
omp 4 16 0.000208 0.000068 0.000286
omp 4 16 0.000175 0.000039 0.000221
omp 4 16 0.000157 0.000037 0.000200
omp 4 16 0.000160 0.000037 0.000203
omp 4 16 0.000123 0.000037 0.000166
omp 4 16 0.000190 0.000062 0.000261
omp 4 16 0.000157 0.000037 0.000200
omp 4 16 0.000160 0.000038 0.000203
\n
omp 4 32 0.000494 0.000053 0.000552
omp 4 32 0.000623 0.000085 0.000717
omp 4 32 0.000333 0.000050 0.000389
omp 4 32 0.000347 0.000051 0.000404
omp 4 32 0.000336 0.000051 0.000391
omp 4 32 0.000536 0.000050 0.000592
omp 4 32 0.000344 0.000050 0.000400
omp 4 32 0.000339 0.000052 0.000396
omp 4 32 0.000341 0.000052 0.000399
omp 4 32 0.000372 0.000051 0.000428
\n
omp 4 64 0.001288 0.000113 0.001408
omp 4 64 0.001834 0.000114 0.001955
omp 4 64 0.001276 0.000119 0.001400
omp 4 64 0.001261 0.000117 0.001384
omp 4 64 0.001274 0.000115 0.001395
omp 4 64 0.001268 0.000115 0.001389
omp 4 64 0.001805 0.000122 0.001933
omp 4 64 0.001256 0.000119 0.001381
omp 4 64 0.001249 0.000109 0.001364
omp 4 64 0.001773 0.000113 0.001892
\n
omp 4 128 0.004972 0.000347 0.005325
omp 4 128 0.004921 0.000342 0.005269
omp 4 128 0.004968 0.000350 0.005324
omp 4 128 0.004920 0.000345 0.005270
omp 4 128 0.004935 0.000361 0.005302
omp 4 128 0.004974 0.000345 0.005325
omp 4 128 0.004953 0.000345 0.005304
omp 4 128 0.004982 0.000347 0.005335
omp 4 128 0.005000 0.000352 0.005358
omp 4 128 0.004962 0.000350 0.005318
\n
omp 4 256 0.019686 0.001290 0.020982
omp 4 256 0.019734 0.001291 0.021034
omp 4 256 0.019662 0.001300 0.020970
omp 4 256 0.019631 0.001280 0.020918
omp 4 256 0.019759 0.001286 0.021053
omp 4 256 0.019658 0.001295 0.020960
omp 4 256 0.019716 0.001267 0.020993
omp 4 256 0.019883 0.001311 0.021200
omp 4 256 0.021353 0.001277 0.022637
omp 4 256 0.019789 0.001288 0.021084
\n
omp 4 512 0.083718 0.004119 0.087855
omp 4 512 0.078539 0.004947 0.083499
omp 4 512 0.079222 0.004899 0.084140
omp 4 512 0.078859 0.004961 0.083833
omp 4 512 0.082478 0.004960 0.087455
omp 4 512 0.082279 0.004304 0.086594
omp 4 512 0.078271 0.004969 0.083258
omp 4 512 0.076637 0.004073 0.080725
omp 4 512 0.080210 0.005119 0.085345
omp 4 512 0.081129 0.003914 0.085057
\n
omp 4 1024 0.314096 0.015532 0.329646
omp 4 1024 0.311343 0.024723 0.336087
omp 4 1024 0.314748 0.015440 0.330208
omp 4 1024 0.321104 0.016299 0.337424
omp 4 1024 0.308429 0.019650 0.328098
omp 4 1024 0.307780 0.015508 0.323302
omp 4 1024 0.307087 0.024785 0.331892
omp 4 1024 0.308490 0.018285 0.326794
omp 4 1024 0.308947 0.015495 0.324461
omp 4 1024 0.307027 0.015443 0.322489
\n
omp 4 2048 1.241820 0.082560 1.324402
omp 4 2048 1.240329 0.077718 1.318072
omp 4 2048 1.238245 0.115634 1.353900
omp 4 2048 1.255188 0.086344 1.341552
omp 4 2048 1.241368 0.078010 1.319401
omp 4 2048 1.242423 0.084651 1.327092
omp 4 2048 1.255471 0.082757 1.338253
omp 4 2048 1.254220 0.095993 1.350237
omp 4 2048 1.257046 0.084588 1.341656
omp 4 2048 1.238991 0.082480 1.321491
\n
omp 4 4096 4.993112 0.343227 5.336360
omp 4 4096 4.963431 0.358676 5.322129
omp 4 4096 4.959014 0.368083 5.327115
omp 4 4096 4.957328 0.346511 5.303859
omp 4 4096 4.958219 0.359415 5.317653
omp 4 4096 4.983729 0.374624 5.358369
omp 4 4096 4.950480 0.391608 5.342110
omp 4 4096 4.963610 0.366994 5.330622
omp 4 4096 4.948402 0.362430 5.310852
omp 4 4096 4.938099 0.348617 5.286736
\n
omp 4 8192 19.786702 1.461530 21.248254
omp 4 8192 19.774586 1.492796 21.267403
omp 4 8192 19.840930 1.532410 21.373359
omp 4 8192 19.793732 1.436727 21.230480
omp 4 8192 19.774703 1.463900 21.238623
omp 4 8192 19.855474 1.421306 21.276794
omp 4 8192 19.787267 1.466591 21.253881
omp 4 8192 19.761544 1.428557 21.190123
omp 4 8192 19.798913 1.441279 21.240215
omp 4 8192 19.808356 1.434007 21.242386
\n
omp 8 16 0.001043 0.000069 0.001120
omp 8 16 0.000151 0.000043 0.000200
omp 8 16 0.000149 0.000046 0.000200
omp 8 16 0.000146 0.000048 0.000200
omp 8 16 0.004812 0.001331 0.006151
omp 8 16 0.004776 0.000048 0.004829
omp 8 16 0.000151 0.000052 0.000209
omp 8 16 0.004389 0.000059 0.004453
omp 8 16 0.001648 0.000059 0.001713
omp 8 16 0.000145 0.000050 0.000202
\n
omp 8 32 0.008781 0.000072 0.008858
omp 8 32 0.000244 0.000066 0.000317
omp 8 32 0.003289 0.000058 0.003353
omp 8 32 0.000611 0.000061 0.000678
omp 8 32 0.001767 0.000073 0.001844
omp 8 32 0.000259 0.000057 0.000321
omp 8 32 0.000256 0.000062 0.000323
omp 8 32 0.001404 0.000078 0.001488
omp 8 32 0.003397 0.000080 0.003484
omp 8 32 0.004912 0.000061 0.004978
\n
omp 8 64 0.007705 0.000136 0.007847
omp 8 64 0.000715 0.000123 0.000843
omp 8 64 0.002575 0.002896 0.005478
omp 8 64 0.000722 0.000137 0.000865
omp 8 64 0.007646 0.000145 0.007798
omp 8 64 0.001120 0.000133 0.001258
omp 8 64 0.010460 0.000127 0.010593
omp 8 64 0.000721 0.000119 0.000846
omp 8 64 0.010262 0.000145 0.010414
omp 8 64 0.005393 0.000132 0.005531
\n
omp 8 128 0.002679 0.000407 0.003092
omp 8 128 0.005487 0.000405 0.005898
omp 8 128 0.010153 0.000424 0.010584
omp 8 128 0.003551 0.000364 0.003921
omp 8 128 0.003398 0.000361 0.003766
omp 8 128 0.002613 0.004890 0.007510
omp 8 128 0.008118 0.001810 0.009949
omp 8 128 0.002626 0.000398 0.003030
omp 8 128 0.002590 0.000397 0.002994
omp 8 128 0.002581 0.000402 0.002989
\n
omp 8 256 0.013991 0.001552 0.015551
omp 8 256 0.014891 0.001478 0.016377
omp 8 256 0.014838 0.001334 0.016180
omp 8 256 0.014947 0.001486 0.016440
omp 8 256 0.019712 0.001521 0.021241
omp 8 256 0.011132 0.001523 0.012663
omp 8 256 0.013390 0.001494 0.014891
omp 8 256 0.010472 0.001340 0.011819
omp 8 256 0.010241 0.001462 0.011710
omp 8 256 0.018288 0.001334 0.019629
\n
omp 8 512 0.042766 0.005542 0.048322
omp 8 512 0.054364 0.009114 0.063493
omp 8 512 0.048289 0.005514 0.053817
omp 8 512 0.045841 0.005552 0.051409
omp 8 512 0.042178 0.005591 0.047785
omp 8 512 0.049949 0.008761 0.058726
omp 8 512 0.060013 0.007599 0.067626
omp 8 512 0.057307 0.007892 0.065215
omp 8 512 0.052940 0.005422 0.058374
omp 8 512 0.049093 0.005462 0.054572
\n
omp 8 1024 0.169633 0.018283 0.187936
omp 8 1024 0.171139 0.017313 0.188474
omp 8 1024 0.172706 0.016641 0.189364
omp 8 1024 0.189975 0.018179 0.208176
omp 8 1024 0.167968 0.018159 0.186144
omp 8 1024 0.168416 0.017106 0.185541
omp 8 1024 0.165360 0.016846 0.182225
omp 8 1024 0.171073 0.017122 0.188218
omp 8 1024 0.166839 0.028912 0.195771
omp 8 1024 0.185852 0.016871 0.202742
\n
omp 8 2048 0.669963 0.079862 0.749849
omp 8 2048 0.664453 0.097039 0.761515
omp 8 2048 0.662126 0.085163 0.747312
omp 8 2048 0.663677 0.096751 0.760451
omp 8 2048 0.666979 0.086777 0.753776
omp 8 2048 0.670350 0.081465 0.751847
omp 8 2048 0.669810 0.080671 0.750500
omp 8 2048 0.669869 0.083964 0.753859
omp 8 2048 0.682101 0.094204 0.776325
omp 8 2048 0.682566 0.076520 0.759106
\n
omp 8 4096 2.651980 0.363842 3.015839
omp 8 4096 2.646441 0.385248 3.031704
omp 8 4096 2.665299 0.349778 3.015097
omp 8 4096 2.660472 0.345413 3.005907
omp 8 4096 2.637636 0.353392 2.991052
omp 8 4096 2.646826 0.343309 2.990158
omp 8 4096 2.634788 2.308235 4.943047
omp 8 4096 2.644564 0.351889 2.996474
omp 8 4096 2.640879 0.359292 3.000191
omp 8 4096 2.664218 0.350127 3.014365
\n
omp 8 8192 10.560173 1.174896 11.735087
omp 8 8192 10.566810 1.137512 11.704341
omp 8 8192 10.551852 1.485287 12.037161
omp 8 8192 10.578325 1.490023 12.068370
omp 8 8192 10.554024 1.457198 12.011241
omp 8 8192 10.563786 1.498919 12.062718
omp 8 8192 10.563943 1.443039 12.007005
omp 8 8192 10.569250 2.942451 13.511726
omp 8 8192 10.544067 1.397678 11.941769
omp 8 8192 10.527139 1.426447 11.953607
\n
omp 16 16 0.000379 0.000081 0.000480
omp 16 16 0.000464 0.000039 0.000508
omp 16 16 0.000417 0.000068 0.000493
omp 16 16 0.000425 0.000071 0.000506
omp 16 16 0.000484 0.000046 0.000536
omp 16 16 0.000598 0.000062 0.000671
omp 16 16 0.000372 0.000039 0.000417
omp 16 16 0.000371 0.000063 0.000441
omp 16 16 0.000601 0.000043 0.000652
omp 16 16 0.000690 0.000070 0.000769
\n
omp 16 32 0.001274 0.000056 0.001337
omp 16 32 0.001279 0.000051 0.001336
omp 16 32 0.001318 0.000051 0.001375
omp 16 32 0.000895 0.000052 0.000952
omp 16 32 0.000826 0.000089 0.000925
omp 16 32 0.000956 0.000055 0.001016
omp 16 32 0.000924 0.000047 0.000977
omp 16 32 0.001460 0.000089 0.001558
omp 16 32 0.000924 0.000056 0.000986
omp 16 32 0.001454 0.000086 0.001549
\n
omp 16 64 0.002298 0.000150 0.002455
omp 16 64 0.004529 0.000177 0.004717
omp 16 64 0.001439 0.000108 0.001553
omp 16 64 0.003175 0.000169 0.003353
omp 16 64 0.002252 0.000108 0.002366
omp 16 64 0.002934 0.000164 0.003108
omp 16 64 0.002116 0.000138 0.002261
omp 16 64 0.002551 0.000179 0.002737
omp 16 64 0.003761 0.000178 0.003947
omp 16 64 0.003875 0.000120 0.004000
\n
omp 16 128 0.005303 0.000483 0.005795
omp 16 128 0.007719 0.000464 0.008191
omp 16 128 0.006558 0.000413 0.006978
omp 16 128 0.007208 0.000275 0.007491
omp 16 128 0.005872 0.000307 0.006187
omp 16 128 0.007962 0.000531 0.008501
omp 16 128 0.005914 0.000373 0.006294
omp 16 128 0.006073 0.000378 0.006458
omp 16 128 0.006099 0.000386 0.006492
omp 16 128 0.007985 0.000738 0.008736
\n
omp 16 256 0.016743 0.001204 0.017958
omp 16 256 0.017132 0.001037 0.018185
omp 16 256 0.014270 0.001045 0.015326
omp 16 256 0.012496 0.001469 0.013972
omp 16 256 0.014621 0.001180 0.015810
omp 16 256 0.014981 0.001144 0.016135
omp 16 256 0.016587 0.001203 0.017800
omp 16 256 0.017429 0.001809 0.019250
omp 16 256 0.013747 0.001026 0.014786
omp 16 256 0.013793 0.001043 0.014846
\n
omp 16 512 0.056320 0.007809 0.064149
omp 16 512 0.046413 0.006291 0.052723
omp 16 512 0.051681 0.008234 0.059935
omp 16 512 0.048323 0.004052 0.052392
omp 16 512 0.049480 0.004172 0.053666
omp 16 512 0.043476 0.006419 0.049911
omp 16 512 0.046468 0.003974 0.050464
omp 16 512 0.046175 0.004005 0.050202
omp 16 512 0.051732 0.009825 0.061574
omp 16 512 0.045466 0.006708 0.052190
\n
omp 16 1024 0.178427 0.021425 0.199873
omp 16 1024 0.175587 0.015618 0.191224
omp 16 1024 0.194475 0.016032 0.210529
omp 16 1024 0.182313 0.020511 0.202844
omp 16 1024 0.174364 0.025288 0.199678
omp 16 1024 0.172770 0.015722 0.188511
omp 16 1024 0.188151 0.015586 0.203758
omp 16 1024 0.171158 0.015763 0.186946
omp 16 1024 0.179507 0.020133 0.199658
omp 16 1024 0.180092 0.017717 0.197829
\n
omp 16 2048 0.655029 0.583290 1.238339
omp 16 2048 0.626378 0.079858 0.706258
omp 16 2048 0.624096 0.079429 0.703545
omp 16 2048 0.676301 0.079608 0.755930
omp 16 2048 0.626979 0.079295 0.706297
omp 16 2048 0.628951 0.084770 0.713745
omp 16 2048 0.657851 0.080579 0.738453
omp 16 2048 0.657419 0.078914 0.736357
omp 16 2048 0.613308 0.079383 0.692712
omp 16 2048 0.628293 0.078970 0.707286
\n
omp 16 4096 2.436681 0.354026 2.790726
omp 16 4096 2.486354 0.351747 2.838121
omp 16 4096 2.440336 0.359996 2.800354
omp 16 4096 2.518604 0.383376 2.902001
omp 16 4096 2.489116 0.385766 2.874906
omp 16 4096 2.425417 0.356866 2.782305
omp 16 4096 2.421971 0.368016 2.790008
omp 16 4096 2.587190 0.378843 2.966051
omp 16 4096 2.494010 0.350557 2.844583
omp 16 4096 2.473729 0.369806 2.843558
\n
omp 16 8192 9.457971 1.486982 10.944973
omp 16 8192 10.147900 1.474665 11.622586
omp 16 8192 9.887676 1.660628 11.548327
omp 16 8192 10.093780 1.465693 11.559493
omp 16 8192 10.207254 1.450831 11.658103
omp 16 8192 9.662258 1.502176 11.164459
omp 16 8192 9.700607 1.481882 11.182509
omp 16 8192 9.712378 1.575620 11.288022
omp 16 8192 9.726257 1.482805 11.209087
omp 16 8192 9.604970 1.475094 11.080086
\n
omp 32 16 0.002928 0.000090 0.003034
omp 32 16 0.006635 0.000084 0.006728
omp 32 16 0.004683 0.000093 0.004783
omp 32 16 0.004749 0.000070 0.004826
omp 32 16 0.004266 0.000079 0.004352
omp 32 16 0.004595 0.000066 0.004668
omp 32 16 0.005480 0.000075 0.005561
omp 32 16 0.004428 0.000097 0.004536
omp 32 16 0.005301 0.000090 0.005402
omp 32 16 0.004789 0.000102 0.004902
\n
omp 32 32 0.001848 0.000101 0.001958
omp 32 32 0.001616 0.000066 0.001688
omp 32 32 0.001301 0.000056 0.001363
omp 32 32 0.001044 0.000096 0.001146
omp 32 32 0.001204 0.000056 0.001266
omp 32 32 0.001574 0.000091 0.001675
omp 32 32 0.001975 0.000093 0.002078
omp 32 32 0.001742 0.000073 0.001823
omp 32 32 0.001900 0.000088 0.001999
omp 32 32 0.002127 0.000095 0.002231
\n
omp 32 64 0.002463 0.000192 0.002665
omp 32 64 0.003329 0.000103 0.003441
omp 32 64 0.002311 0.000172 0.002493
omp 32 64 0.004608 0.000241 0.004859
omp 32 64 0.003353 0.000113 0.003474
omp 32 64 0.003639 0.000117 0.003765
omp 32 64 0.002839 0.000180 0.003031
omp 32 64 0.005662 0.000190 0.005863
omp 32 64 0.002782 0.000117 0.002905
omp 32 64 0.003223 0.000115 0.003346
\n
omp 32 128 0.006157 0.000302 0.006469
omp 32 128 0.007298 0.000739 0.008048
omp 32 128 0.007269 0.000497 0.007778
omp 32 128 0.005004 0.000554 0.005576
omp 32 128 0.005977 0.000505 0.006490
omp 32 128 0.006013 0.000552 0.006575
omp 32 128 0.008558 0.000488 0.009054
omp 32 128 0.010088 0.000485 0.010580
omp 32 128 0.004756 0.000448 0.005211
omp 32 128 0.007210 0.000290 0.007510
\n
omp 32 256 0.015900 0.001144 0.017054
omp 32 256 0.015019 0.001165 0.016194
omp 32 256 0.015680 0.001046 0.016736
omp 32 256 0.015622 0.001069 0.016701
omp 32 256 0.014440 0.001021 0.015472
omp 32 256 0.016362 0.001033 0.017409
omp 32 256 0.014816 0.001065 0.015890
omp 32 256 0.016555 0.001170 0.017734
omp 32 256 0.013741 0.001044 0.014795
omp 32 256 0.017634 0.001085 0.018727
\n
omp 32 512 0.049805 0.004237 0.054057
omp 32 512 0.050087 0.004168 0.054272
omp 32 512 0.047200 0.004218 0.051433
omp 32 512 0.048384 0.004677 0.053078
omp 32 512 0.046185 0.004180 0.050381
omp 32 512 0.046062 0.004008 0.050085
omp 32 512 0.042875 0.004038 0.046930
omp 32 512 0.046505 0.006148 0.052669
omp 32 512 0.049434 0.004402 0.053854
omp 32 512 0.045392 0.005224 0.050634
\n
omp 32 1024 0.159211 0.017913 0.177145
omp 32 1024 0.157522 0.020988 0.178534
omp 32 1024 0.167953 0.015833 0.183808
omp 32 1024 0.176605 0.019054 0.195676
omp 32 1024 0.163738 0.015999 0.179752
omp 32 1024 0.166889 0.019137 0.186049
omp 32 1024 0.166284 0.015871 0.182173
omp 32 1024 0.165471 0.018250 0.183739
omp 32 1024 0.158427 0.019690 0.178134
omp 32 1024 0.174157 0.021241 0.195415
\n
omp 32 2048 0.610435 0.075270 0.685731
omp 32 2048 0.598656 0.080236 0.678915
omp 32 2048 0.629486 0.085672 0.715181
omp 32 2048 0.612282 0.080058 0.692362
omp 32 2048 0.608751 0.090991 0.699766
omp 32 2048 0.621080 0.079142 0.700247
omp 32 2048 0.621727 0.095775 0.717526
omp 32 2048 0.615785 0.102364 0.718178
omp 32 2048 0.593272 0.081766 0.675067
omp 32 2048 0.610113 0.081239 0.691369
\n
omp 32 4096 2.377116 0.346187 2.723326
omp 32 4096 2.328182 4.254860 6.583062
omp 32 4096 2.386524 0.385744 2.772287
omp 32 4096 2.360249 0.349646 2.709918
omp 32 4096 2.344161 0.355228 2.699412
omp 32 4096 2.404604 0.351998 2.756619
omp 32 4096 2.349844 0.356423 2.706289
omp 32 4096 2.406826 2.311593 4.718442
omp 32 4096 2.398908 0.369005 2.767935
omp 32 4096 2.408584 0.350046 2.758651
\n
omp 32 8192 9.364303 1.438917 10.803245
omp 32 8192 9.557907 1.448090 11.006018
omp 32 8192 9.510386 1.469634 10.980043
omp 32 8192 9.441960 1.607759 11.049743
omp 32 8192 9.460125 1.431141 10.891287
omp 32 8192 9.435016 1.471556 10.906595
omp 32 8192 9.465342 1.431616 10.896980
omp 32 8192 9.448888 1.452141 10.901053
omp 32 8192 9.454340 1.470989 10.925351
omp 32 8192 9.396888 1.507907 10.904817
\n
