omp 1 16 0.000300 0.000044 0.000351
omp 1 16 0.000291 0.000032 0.000329
omp 1 16 0.000290 0.000033 0.000328
omp 1 16 0.000509 0.000062 0.000581
omp 1 16 0.000512 0.000062 0.000584
omp 1 16 0.000509 0.000061 0.000579
omp 1 16 0.000519 0.000072 0.000603
omp 1 16 0.000291 0.000035 0.000332
omp 1 16 0.000291 0.000037 0.000333
omp 1 16 0.000290 0.000032 0.000328
\n
omp 1 32 0.001157 0.000041 0.001204
omp 1 32 0.001162 0.000041 0.001209
omp 1 32 0.001167 0.000049 0.001223
omp 1 32 0.001164 0.000041 0.001210
omp 1 32 0.002029 0.000082 0.002121
omp 1 32 0.001164 0.000041 0.001211
omp 1 32 0.002385 0.000086 0.002482
omp 1 32 0.002303 0.000083 0.002396
omp 1 32 0.002030 0.000072 0.002111
omp 1 32 0.001154 0.000045 0.001205
\n
omp 1 64 0.004692 0.000090 0.004790
omp 1 64 0.008645 0.000149 0.008802
omp 1 64 0.008266 0.000091 0.008365
omp 1 64 0.004607 0.000087 0.004698
omp 1 64 0.004597 0.000088 0.004692
omp 1 64 0.006141 0.000152 0.006300
omp 1 64 0.004595 0.000086 0.004687
omp 1 64 0.008317 0.000194 0.008521
omp 1 64 0.007043 0.000198 0.007249
omp 1 64 0.004611 0.000084 0.004701
\n
omp 1 128 0.026066 0.000252 0.026327
omp 1 128 0.018315 0.000244 0.018565
omp 1 128 0.024287 0.000256 0.024552
omp 1 128 0.018350 0.000246 0.018601
omp 1 128 0.018330 0.000277 0.018612
omp 1 128 0.018319 0.000248 0.018573
omp 1 128 0.019889 0.000265 0.020160
omp 1 128 0.018298 0.000250 0.018554
omp 1 128 0.018317 0.000253 0.018576
omp 1 128 0.024682 0.000257 0.024948
\n
omp 1 256 0.073488 0.000907 0.074403
omp 1 256 0.073192 0.000922 0.074122
omp 1 256 0.073181 0.000910 0.074098
omp 1 256 0.073634 0.000915 0.074557
omp 1 256 0.073347 0.000914 0.074269
omp 1 256 0.073179 0.000918 0.074106
omp 1 256 0.073322 0.000910 0.074240
omp 1 256 0.073126 0.000914 0.074049
omp 1 256 0.073095 0.000908 0.074011
omp 1 256 0.073941 0.000922 0.074871
\n
omp 1 512 0.293982 0.003556 0.297551
omp 1 512 0.295801 0.003638 0.299455
omp 1 512 0.297591 0.003543 0.301151
omp 1 512 0.301674 0.003542 0.305229
omp 1 512 0.293159 0.003545 0.296715
omp 1 512 0.298916 0.003575 0.302506
omp 1 512 0.292645 0.003561 0.296220
omp 1 512 0.292984 0.003534 0.296530
omp 1 512 0.300113 0.003551 0.303678
omp 1 512 0.293303 0.003937 0.297253
\n
omp 1 1024 1.171283 0.013758 1.185055
omp 1 1024 1.170580 0.014061 1.184657
omp 1 1024 1.170712 0.013992 1.184717
omp 1 1024 1.173187 0.013948 1.187152
omp 1 1024 1.175379 0.014042 1.189436
omp 1 1024 1.178592 0.014097 1.192703
omp 1 1024 1.174257 0.018833 1.193104
omp 1 1024 1.170823 0.015612 1.186453
omp 1 1024 1.172641 0.015664 1.188322
omp 1 1024 1.170732 0.014008 1.184756
\n
omp 1 2048 4.683876 0.072811 4.756706
omp 1 2048 4.688264 0.076297 4.764582
omp 1 2048 4.722686 0.075723 4.798430
omp 1 2048 4.713599 0.072360 4.785981
omp 1 2048 4.710442 0.074378 4.784840
omp 1 2048 4.717942 0.072679 4.790642
omp 1 2048 4.684752 0.072132 4.756901
omp 1 2048 4.720409 0.073769 4.794198
omp 1 2048 4.708567 0.073164 4.781743
omp 1 2048 4.719103 0.074513 4.793636
\n
omp 1 4096 18.836112 0.321683 19.157817
omp 1 4096 18.871559 0.367403 19.238980
omp 1 4096 18.818227 0.331594 19.149842
omp 1 4096 18.808520 0.330361 19.138904
omp 1 4096 18.729112 0.316247 19.045379
omp 1 4096 18.733907 0.340665 19.074594
omp 1 4096 18.905437 0.368282 19.273741
omp 1 4096 18.795447 0.342942 19.138410
omp 1 4096 18.845217 0.332641 19.177879
omp 1 4096 18.801721 0.352355 19.154092
\n
omp 1 8192 75.077328 1.389478 76.466828
omp 1 8192 75.020045 1.357827 76.377889
omp 1 8192 75.147764 1.361596 76.509384
omp 1 8192 75.233669 1.402098 76.635787
omp 1 8192 75.086093 1.398082 76.484197
omp 1 8192 75.099205 1.365489 76.464713
omp 1 8192 75.426027 1.355503 76.781550
omp 1 8192 74.958578 1.374993 76.333594
omp 1 8192 74.949415 1.374952 76.324390
omp 1 8192 75.365942 1.352926 76.718891
\n
omp 2 16 0.000302 0.000061 0.000374
omp 2 16 0.000297 0.000033 0.000336
omp 2 16 0.000358 0.000083 0.000451
omp 2 16 0.000286 0.000035 0.000329
omp 2 16 0.000263 0.000034 0.000303
omp 2 16 0.000270 0.000039 0.000314
omp 2 16 0.000265 0.000035 0.000306
omp 2 16 0.000209 0.000037 0.000254
omp 2 16 0.000177 0.000037 0.000220
omp 2 16 0.000175 0.000033 0.000213
\n
omp 2 32 0.000638 0.000042 0.000685
omp 2 32 0.001119 0.000071 0.001200
omp 2 32 0.000708 0.000042 0.000758
omp 2 32 0.000648 0.000042 0.000696
omp 2 32 0.000638 0.000043 0.000686
omp 2 32 0.000646 0.000048 0.000699
omp 2 32 0.000649 0.000046 0.000701
omp 2 32 0.000638 0.000045 0.000688
omp 2 32 0.000958 0.000047 0.001011
omp 2 32 0.000980 0.000047 0.001032
\n
omp 2 64 0.003857 0.000096 0.003963
omp 2 64 0.002493 0.000092 0.002591
omp 2 64 0.002503 0.000100 0.002609
omp 2 64 0.002480 0.000101 0.002587
omp 2 64 0.002472 0.000090 0.002568
omp 2 64 0.004334 0.000096 0.004436
omp 2 64 0.003653 0.000094 0.003753
omp 2 64 0.002485 0.000108 0.002598
omp 2 64 0.002546 0.000113 0.002664
omp 2 64 0.002556 0.000114 0.002676
\n
omp 2 128 0.013183 0.000271 0.013460
omp 2 128 0.009800 0.000289 0.010096
omp 2 128 0.009849 0.000314 0.010170
omp 2 128 0.009843 0.000278 0.010127
omp 2 128 0.012517 0.000269 0.012791
omp 2 128 0.009808 0.000269 0.010083
omp 2 128 0.009897 0.000273 0.010177
omp 2 128 0.009801 0.000268 0.010074
omp 2 128 0.010722 0.000294 0.011020
omp 2 128 0.009783 0.000273 0.010061
\n
omp 2 256 0.039130 0.000996 0.040134
omp 2 256 0.040262 0.001009 0.041280
omp 2 256 0.039394 0.000997 0.040399
omp 2 256 0.039459 0.001009 0.040477
omp 2 256 0.039227 0.001001 0.040236
omp 2 256 0.039266 0.001001 0.040276
omp 2 256 0.040831 0.000991 0.041830
omp 2 256 0.039177 0.000986 0.040171
omp 2 256 0.042544 0.000995 0.043546
omp 2 256 0.039047 0.000985 0.040040
\n
omp 2 512 0.156227 0.003841 0.160081
omp 2 512 0.158108 0.003992 0.162114
omp 2 512 0.156142 0.004140 0.160297
omp 2 512 0.158138 0.003846 0.161998
omp 2 512 0.156794 0.003928 0.160734
omp 2 512 0.157164 0.003875 0.161054
omp 2 512 0.156444 0.004209 0.160667
omp 2 512 0.156050 0.003917 0.159981
omp 2 512 0.159420 0.003858 0.163294
omp 2 512 0.156285 0.003875 0.160175
\n
omp 2 1024 0.626058 0.015321 0.641396
omp 2 1024 0.628035 0.017322 0.645373
omp 2 1024 0.625384 0.015311 0.640712
omp 2 1024 0.625827 0.015344 0.641188
omp 2 1024 0.632351 0.015369 0.647742
omp 2 1024 0.625233 0.015302 0.640550
omp 2 1024 0.632436 0.017259 0.649716
omp 2 1024 0.630508 0.015465 0.645990
omp 2 1024 0.624601 0.016978 0.641597
omp 2 1024 0.627669 0.024213 0.651896
\n
omp 2 2048 2.525065 0.098202 2.623290
omp 2 2048 2.513454 0.108120 2.621594
omp 2 2048 2.519424 0.414386 2.933833
omp 2 2048 2.506205 0.094723 2.600949
omp 2 2048 2.501957 0.090436 2.592414
omp 2 2048 2.502135 0.083541 2.585699
omp 2 2048 2.517595 0.094675 2.612294
omp 2 2048 2.506272 0.079282 2.585574
omp 2 2048 2.498044 0.084648 2.582712
omp 2 2048 2.505006 0.088923 2.593949
\n
omp 2 4096 10.038726 0.344260 10.383009
omp 2 4096 10.064480 0.353907 10.418410
omp 2 4096 10.023179 0.382834 10.406032
omp 2 4096 10.056405 0.370207 10.426634
omp 2 4096 10.055409 0.367795 10.423229
omp 2 4096 10.000325 0.354685 10.355030
omp 2 4096 10.034101 0.355755 10.389874
omp 2 4096 10.011105 0.359378 10.370505
omp 2 4096 10.056299 0.354220 10.410541
omp 2 4096 9.998958 0.350401 10.349376
\n
omp 2 8192 40.132479 1.554539 41.687034
omp 2 8192 40.144020 1.452156 41.596191
omp 2 8192 40.201171 1.451564 41.652757
omp 2 8192 40.231804 1.480701 41.712530
omp 2 8192 40.133018 1.512431 41.645469
omp 2 8192 40.146342 1.419271 41.565633
omp 2 8192 40.083131 1.499044 41.582195
omp 2 8192 40.119816 1.486848 41.606688
omp 2 8192 40.156253 1.481943 41.638218
omp 2 8192 40.160009 1.430574 41.590603
\n
omp 4 16 0.000256 0.000072 0.000338
omp 4 16 0.000249 0.000072 0.000332
omp 4 16 0.000241 0.000066 0.000318
omp 4 16 0.000126 0.000037 0.000169
omp 4 16 0.000162 0.000042 0.000209
omp 4 16 0.000156 0.000041 0.000203
omp 4 16 0.000221 0.000069 0.000298
omp 4 16 0.000161 0.000038 0.000205
omp 4 16 0.000164 0.000038 0.000207
omp 4 16 0.000162 0.000038 0.000205
\n
omp 4 32 0.000625 0.000088 0.000725
omp 4 32 0.000634 0.000085 0.000728
omp 4 32 0.000363 0.000050 0.000419
omp 4 32 0.000363 0.000050 0.000418
omp 4 32 0.000360 0.000049 0.000414
omp 4 32 0.000364 0.000049 0.000418
omp 4 32 0.000364 0.000051 0.000421
omp 4 32 0.000364 0.000052 0.000422
omp 4 32 0.000359 0.000052 0.000417
omp 4 32 0.000358 0.000052 0.000415
\n
omp 4 64 0.001571 0.000112 0.001688
omp 4 64 0.001371 0.000120 0.001497
omp 4 64 0.001920 0.000113 0.002039
omp 4 64 0.001340 0.000113 0.001459
omp 4 64 0.001346 0.000112 0.001464
omp 4 64 0.001340 0.000115 0.001461
omp 4 64 0.001765 0.000116 0.001886
omp 4 64 0.001328 0.000112 0.001447
omp 4 64 0.001752 0.000117 0.001875
omp 4 64 0.001334 0.000113 0.001452
\n
omp 4 128 0.006734 0.000344 0.007083
omp 4 128 0.005312 0.000348 0.005666
omp 4 128 0.006636 0.000422 0.007067
omp 4 128 0.005230 0.000346 0.005583
omp 4 128 0.008550 0.000350 0.008906
omp 4 128 0.005265 0.000342 0.005614
omp 4 128 0.005273 0.000352 0.005631
omp 4 128 0.005358 0.000358 0.005722
omp 4 128 0.006975 0.000348 0.007329
omp 4 128 0.005274 0.000351 0.005630
\n
omp 4 256 0.021044 0.001289 0.022340
omp 4 256 0.022481 0.001289 0.023779
omp 4 256 0.023342 0.001284 0.024635
omp 4 256 0.023106 0.001303 0.024418
omp 4 256 0.022131 0.001306 0.023445
omp 4 256 0.020876 0.001274 0.022158
omp 4 256 0.021450 0.001309 0.022767
omp 4 256 0.020894 0.001282 0.022183
omp 4 256 0.021035 0.001301 0.022344
omp 4 256 0.021105 0.001304 0.022417
\n
omp 4 512 0.082043 0.004300 0.086358
omp 4 512 0.083789 0.003962 0.087766
omp 4 512 0.086764 0.007236 0.094017
omp 4 512 0.084549 0.005018 0.089577
omp 4 512 0.086860 0.006178 0.093053
omp 4 512 0.083389 0.004995 0.088397
omp 4 512 0.081450 0.004335 0.085800
omp 4 512 0.084506 0.005073 0.089592
omp 4 512 0.081519 0.004358 0.085889
omp 4 512 0.081877 0.003906 0.085799
\n
omp 4 1024 0.326167 0.015445 0.341629
omp 4 1024 0.325169 0.015448 0.340634
omp 4 1024 0.329990 0.019347 0.349355
omp 4 1024 0.324587 0.024175 0.348778
omp 4 1024 0.323871 0.016415 0.340305
omp 4 1024 0.330024 0.016377 0.346420
omp 4 1024 0.326265 0.015474 0.341757
omp 4 1024 0.325486 0.017662 0.343166
omp 4 1024 0.329663 0.024731 0.354412
omp 4 1024 0.337382 0.015334 0.352737
\n
omp 4 2048 1.305794 0.080718 1.386535
omp 4 2048 1.299397 0.083121 1.382539
omp 4 2048 1.315585 0.079562 1.395166
omp 4 2048 1.307252 0.091905 1.399179
omp 4 2048 1.311230 0.082904 1.394160
omp 4 2048 1.314265 0.099205 1.413494
omp 4 2048 1.311031 0.092808 1.403859
omp 4 2048 1.309395 0.083135 1.392552
omp 4 2048 1.311001 0.074169 1.385190
omp 4 2048 1.321881 0.079377 1.401279
\n
omp 4 4096 5.224751 0.347010 5.571784
omp 4 4096 5.265890 0.368966 5.634880
omp 4 4096 5.275830 0.361227 5.637079
omp 4 4096 5.231039 0.365958 5.597018
omp 4 4096 5.250814 0.354420 5.605256
omp 4 4096 5.235435 0.368481 5.603940
omp 4 4096 5.239863 0.350807 5.590693
omp 4 4096 5.239979 0.342102 5.582099
omp 4 4096 5.236150 0.359107 5.595276
omp 4 4096 5.244244 0.338991 5.583255
\n
omp 4 8192 20.987266 1.445771 22.433055
omp 4 8192 20.923377 1.445173 22.368570
omp 4 8192 20.902816 1.420238 22.323075
omp 4 8192 20.955205 1.459345 22.414570
omp 4 8192 20.931577 1.443671 22.375266
omp 4 8192 20.959995 1.480824 22.440836
omp 4 8192 20.882929 1.497460 22.380409
omp 4 8192 20.989697 1.450440 22.440152
omp 4 8192 20.981143 1.471273 22.452438
omp 4 8192 20.899149 1.442066 22.341235
\n
omp 8 16 0.007950 0.000071 0.008031
omp 8 16 0.000153 0.000045 0.000204
omp 8 16 0.009427 0.000046 0.009479
omp 8 16 0.000145 0.000041 0.000192
omp 8 16 0.002010 0.000064 0.002080
omp 8 16 0.000149 0.000044 0.000199
omp 8 16 0.000590 0.000044 0.000640
omp 8 16 0.006677 0.000065 0.006748
omp 8 16 0.003343 0.000051 0.003401
omp 8 16 0.000930 0.000041 0.000977
\n
omp 8 32 0.004857 0.000070 0.004934
omp 8 32 0.000261 0.000059 0.000325
omp 8 32 0.009663 0.000086 0.009756
omp 8 32 0.002138 0.000070 0.002214
omp 8 32 0.000634 0.000060 0.000699
omp 8 32 0.004887 0.000080 0.004973
omp 8 32 0.000674 0.000078 0.000758
omp 8 32 0.000266 0.000066 0.000337
omp 8 32 0.000280 0.000064 0.000350
omp 8 32 0.000269 0.000056 0.000330
\n
omp 8 64 0.000754 0.000119 0.000880
omp 8 64 0.000766 0.002369 0.003142
omp 8 64 0.005846 0.000147 0.005999
omp 8 64 0.001163 0.000140 0.001310
omp 8 64 0.000757 0.000116 0.000879
omp 8 64 0.000748 0.000133 0.000887
omp 8 64 0.000777 0.000145 0.000928
omp 8 64 0.005392 0.000127 0.005526
omp 8 64 0.000767 0.000136 0.000910
omp 8 64 0.000768 0.000703 0.001478
\n
omp 8 128 0.003982 0.000365 0.004353
omp 8 128 0.002737 0.000357 0.003100
omp 8 128 0.003140 0.000361 0.003507
omp 8 128 0.014242 0.005028 0.019277
omp 8 128 0.008360 0.000412 0.008779
omp 8 128 0.013812 0.000865 0.014684
omp 8 128 0.002722 0.000395 0.003124
omp 8 128 0.012622 0.000368 0.012997
omp 8 128 0.011269 0.000418 0.011694
omp 8 128 0.002731 0.000396 0.003133
\n
omp 8 256 0.016099 0.001529 0.017637
omp 8 256 0.026919 0.001490 0.028417
omp 8 256 0.014457 0.001476 0.015942
omp 8 256 0.015647 0.001324 0.016979
omp 8 256 0.020036 0.001490 0.021534
omp 8 256 0.023712 0.001582 0.025307
omp 8 256 0.017162 0.001328 0.018498
omp 8 256 0.022026 0.001969 0.024177
omp 8 256 0.012257 0.001368 0.013632
omp 8 256 0.013363 0.001401 0.014771
\n
omp 8 512 0.060070 0.008885 0.068972
omp 8 512 0.058695 0.005531 0.064241
omp 8 512 0.050784 0.005717 0.056516
omp 8 512 0.052474 0.007861 0.060351
omp 8 512 0.050793 0.007004 0.057813
omp 8 512 0.053422 0.009298 0.062740
omp 8 512 0.055755 0.005588 0.061359
omp 8 512 0.059563 0.006979 0.066552
omp 8 512 0.055824 0.009888 0.065727
omp 8 512 0.056733 0.005347 0.062096
\n
omp 8 1024 0.189818 0.022385 0.212225
omp 8 1024 0.181243 0.017723 0.198986
omp 8 1024 0.194609 0.018527 0.213156
omp 8 1024 0.197187 0.018670 0.215879
omp 8 1024 0.186947 0.022498 0.209466
omp 8 1024 0.187034 0.022457 0.209512
omp 8 1024 0.185438 0.017194 0.202650
omp 8 1024 0.188564 0.024754 0.213337
omp 8 1024 0.194996 0.024035 0.219047
omp 8 1024 0.189757 0.018489 0.208265
\n
omp 8 2048 0.718369 0.094588 0.812980
omp 8 2048 0.715902 0.119097 0.835022
omp 8 2048 0.706786 0.093544 0.800348
omp 8 2048 0.710896 0.094565 0.805488
omp 8 2048 0.718279 0.089362 0.807662
omp 8 2048 0.716415 0.098701 0.815137
omp 8 2048 0.716861 0.093488 0.810368
omp 8 2048 0.710015 0.097198 0.807234
omp 8 2048 0.708973 0.091171 0.800166
omp 8 2048 0.710631 0.474750 1.185404
\n
omp 8 4096 2.797654 0.363569 3.161246
omp 8 4096 2.803231 0.355433 3.158686
omp 8 4096 2.803696 0.355015 3.158732
omp 8 4096 2.806799 0.380133 3.186957
omp 8 4096 2.816280 0.348500 3.164801
omp 8 4096 2.807773 0.359723 3.167517
omp 8 4096 2.801621 0.367170 3.168810
omp 8 4096 2.805208 0.364871 3.170100
omp 8 4096 2.807354 0.357093 3.164468
omp 8 4096 2.813096 0.366965 3.180082
\n
omp 8 8192 11.156056 1.448882 12.604952
omp 8 8192 11.199355 1.474877 12.674252
omp 8 8192 11.190714 1.587695 12.778432
omp 8 8192 11.197785 1.430093 12.627900
omp 8 8192 11.183700 1.454797 12.638522
omp 8 8192 11.193867 1.461538 12.655429
omp 8 8192 11.187313 1.530889 12.718220
omp 8 8192 11.163614 1.451728 12.615362
omp 8 8192 11.170408 1.500051 12.670480
omp 8 8192 11.193503 1.433194 12.626721
\n
omp 16 16 0.000670 0.000044 0.000719
omp 16 16 0.000416 0.000046 0.000467
omp 16 16 0.000502 0.000061 0.000573
omp 16 16 0.000535 0.000048 0.000590
omp 16 16 0.000696 0.000061 0.000767
omp 16 16 0.000624 0.000042 0.000672
omp 16 16 0.000416 0.000900 0.001322
omp 16 16 0.001630 0.000045 0.001682
omp 16 16 0.000728 0.000070 0.000808
omp 16 16 0.000543 0.000063 0.000614
\n
omp 16 32 0.001395 0.000058 0.001458
omp 16 32 0.001078 0.000081 0.001170
omp 16 32 0.001812 0.000061 0.001882
omp 16 32 0.001075 0.000107 0.001192
omp 16 32 0.001350 0.000057 0.001411
omp 16 32 0.001069 0.000053 0.001128
omp 16 32 0.000997 0.000085 0.001090
omp 16 32 0.001012 0.000062 0.001082
omp 16 32 0.001052 0.000063 0.001120
omp 16 32 0.001830 0.000081 0.001920
\n
omp 16 64 0.001641 0.000102 0.001749
omp 16 64 0.003311 0.000169 0.003490
omp 16 64 0.003626 0.000169 0.003803
omp 16 64 0.002152 0.000226 0.002389
omp 16 64 0.001935 0.000169 0.002116
omp 16 64 0.002708 0.000098 0.002812
omp 16 64 0.004846 0.000123 0.004976
omp 16 64 0.002294 0.000098 0.002400
omp 16 64 0.001939 0.000109 0.002053
omp 16 64 0.003216 0.000110 0.003333
\n
omp 16 128 0.006255 0.000329 0.006591
omp 16 128 0.005858 0.000279 0.006148
omp 16 128 0.006437 0.000312 0.006759
omp 16 128 0.007383 0.000284 0.007674
omp 16 128 0.005692 0.000281 0.005981
omp 16 128 0.006217 0.000495 0.006723
omp 16 128 0.005327 0.000371 0.005708
omp 16 128 0.007226 0.000319 0.007555
omp 16 128 0.006703 0.000539 0.007254
omp 16 128 0.007355 0.000308 0.007669
\n
omp 16 256 0.014809 0.001199 0.016016
omp 16 256 0.015484 0.001127 0.016620
omp 16 256 0.015178 0.001046 0.016233
omp 16 256 0.015527 0.001033 0.016574
omp 16 256 0.015393 0.001128 0.016531
omp 16 256 0.014532 0.001380 0.015922
omp 16 256 0.014964 0.001029 0.016001
omp 16 256 0.017362 0.001178 0.018549
omp 16 256 0.014824 0.001084 0.015917
omp 16 256 0.018313 0.001246 0.019570
\n
omp 16 512 0.049451 0.007063 0.056528
omp 16 512 0.055038 0.004033 0.059089
omp 16 512 0.049604 0.003975 0.053596
omp 16 512 0.051130 0.004314 0.055460
omp 16 512 0.055389 0.008133 0.063544
omp 16 512 0.053491 0.004091 0.057601
omp 16 512 0.056402 0.004121 0.060540
omp 16 512 0.055620 0.007743 0.063381
omp 16 512 0.050621 0.003963 0.054600
omp 16 512 0.050708 0.004194 0.054919
\n
omp 16 1024 0.196694 0.015785 0.212503
omp 16 1024 0.201837 0.015999 0.217864
omp 16 1024 0.198592 0.022484 0.221094
omp 16 1024 0.190517 0.025215 0.215750
omp 16 1024 0.193074 0.020280 0.213378
omp 16 1024 0.193620 0.015787 0.209429
omp 16 1024 0.200145 0.015333 0.215498
omp 16 1024 0.185143 0.022869 0.208035
omp 16 1024 0.175955 0.020518 0.196491
omp 16 1024 0.202935 0.017241 0.220194
\n
omp 16 2048 0.727737 0.603147 1.330904
omp 16 2048 0.705487 0.091210 0.796725
omp 16 2048 0.724470 0.095156 0.819649
omp 16 2048 0.761499 0.114550 0.876068
omp 16 2048 0.702694 0.099494 0.802211
omp 16 2048 0.736741 0.099383 0.836151
omp 16 2048 0.703401 0.115029 0.818454
omp 16 2048 0.720657 0.099356 0.820040
omp 16 2048 0.685927 0.086709 0.772667
omp 16 2048 0.718646 0.086578 0.805244
\n
omp 16 4096 2.717161 0.353479 3.070665
omp 16 4096 2.698232 0.358898 3.057155
omp 16 4096 2.726753 0.345805 3.072585
omp 16 4096 2.786134 0.327124 3.113277
omp 16 4096 2.768728 0.357225 3.125977
omp 16 4096 2.709900 0.380881 3.090803
omp 16 4096 2.724545 0.342827 3.067396
omp 16 4096 2.735060 0.348861 3.083944
omp 16 4096 2.768426 0.381014 3.149459
omp 16 4096 2.713433 0.376413 3.089872
\n
omp 16 8192 11.665078 1.492038 13.157139
omp 16 8192 10.852835 1.528395 12.381248
omp 16 8192 10.676969 1.546250 12.223242
omp 16 8192 10.951163 1.518846 12.470029
omp 16 8192 10.652343 1.459014 12.111374
omp 16 8192 10.631530 1.513170 12.144718
omp 16 8192 10.791384 2.366229 13.157636
omp 16 8192 10.688969 1.454027 12.143015
omp 16 8192 10.855332 1.511680 12.367038
omp 16 8192 10.703910 1.454681 12.158609
\n
omp 32 16 0.004328 0.000087 0.004427
omp 32 16 0.002866 0.000054 0.002925
omp 32 16 0.004029 0.000059 0.004098
omp 32 16 0.006706 0.000081 0.006795
omp 32 16 0.004595 0.000073 0.004680
omp 32 16 0.002850 0.000077 0.002935
omp 32 16 0.004083 0.000054 0.004143
omp 32 16 0.004406 0.000098 0.004513
omp 32 16 0.003615 0.000085 0.003710
omp 32 16 0.004741 0.000081 0.004830
\n
omp 32 32 0.001484 0.000061 0.001552
omp 32 32 0.001986 0.000141 0.002139
omp 32 32 0.001368 0.000054 0.001429
omp 32 32 0.001271 0.000060 0.001338
omp 32 32 0.001853 0.000063 0.001922
omp 32 32 0.002254 0.000092 0.002356
omp 32 32 0.002303 0.000098 0.002413
omp 32 32 0.001830 0.000088 0.001925
omp 32 32 0.002108 0.000109 0.002227
omp 32 32 0.001954 0.000098 0.002061
\n
omp 32 64 0.002092 0.000177 0.002280
omp 32 64 0.003629 0.000184 0.003823
omp 32 64 0.003303 0.000187 0.003499
omp 32 64 0.003746 0.000183 0.003938
omp 32 64 0.001799 0.000195 0.002004
omp 32 64 0.004166 0.000115 0.004287
omp 32 64 0.003606 0.000257 0.003874
omp 32 64 0.003349 0.000114 0.003468
omp 32 64 0.004120 0.000258 0.004401
omp 32 64 0.004012 0.000132 0.004152
\n
omp 32 128 0.007148 0.000502 0.007657
omp 32 128 0.009178 0.000391 0.009577
omp 32 128 0.010510 0.000506 0.011025
omp 32 128 0.006107 0.000633 0.006749
omp 32 128 0.006896 0.000549 0.007453
omp 32 128 0.005451 0.000404 0.005862
omp 32 128 0.005720 0.000293 0.006022
omp 32 128 0.005793 0.000298 0.006098
omp 32 128 0.006648 0.000299 0.006954
omp 32 128 0.004090 0.000506 0.004603
\n
omp 32 256 0.016560 0.001094 0.017662
omp 32 256 0.014909 0.001045 0.015963
omp 32 256 0.017719 0.001040 0.018768
omp 32 256 0.018409 0.001125 0.019542
omp 32 256 0.015206 0.001773 0.016989
omp 32 256 0.014362 0.001137 0.015508
omp 32 256 0.017357 0.001042 0.018409
omp 32 256 0.016891 0.001115 0.018016
omp 32 256 0.015992 0.001044 0.017047
omp 32 256 0.013815 0.001067 0.014891
\n
omp 32 512 0.056928 0.004035 0.060976
omp 32 512 0.047640 0.006536 0.054196
omp 32 512 0.052343 0.004236 0.056603
omp 32 512 0.050655 0.006594 0.057264
omp 32 512 0.049873 0.006654 0.056543
omp 32 512 0.053815 0.004022 0.057854
omp 32 512 0.051749 0.004334 0.056099
omp 32 512 0.049229 0.004093 0.053335
omp 32 512 0.051090 0.004202 0.055306
omp 32 512 0.055928 0.004170 0.060114
\n
omp 32 1024 0.180855 0.017565 0.198446
omp 32 1024 0.183319 0.019379 0.202718
omp 32 1024 0.180906 0.015824 0.196749
omp 32 1024 0.174570 0.015928 0.190514
omp 32 1024 0.179900 0.022445 0.202369
omp 32 1024 0.177590 0.021656 0.199267
omp 32 1024 0.182893 0.015893 0.198809
omp 32 1024 0.193015 0.025455 0.218489
omp 32 1024 0.181956 0.017541 0.199518
omp 32 1024 0.181126 0.025522 0.206672
\n
omp 32 2048 0.676971 0.082219 0.759211
omp 32 2048 0.675403 0.099065 0.774488
omp 32 2048 0.708210 0.080170 0.788403
omp 32 2048 0.680450 0.084602 0.765080
omp 32 2048 0.697881 0.079051 0.776956
omp 32 2048 0.682930 0.081881 0.764836
omp 32 2048 0.693005 0.084548 0.777578
omp 32 2048 0.705456 0.079680 0.785159
omp 32 2048 0.683918 0.085239 0.769180
omp 32 2048 0.698673 0.081374 0.780071
\n
omp 32 4096 2.703855 0.381994 3.085870
omp 32 4096 2.655184 0.379053 3.034256
omp 32 4096 2.704834 0.332577 3.037433
omp 32 4096 2.659257 0.353685 3.012964
omp 32 4096 2.663235 0.332645 2.995903
omp 32 4096 2.632730 0.361428 2.994179
omp 32 4096 2.662777 0.367053 3.029852
omp 32 4096 2.656656 0.357036 3.013713
omp 32 4096 2.655396 0.351236 3.006651
omp 32 4096 2.642252 0.362862 3.005135
\n
omp 32 8192 10.466754 1.496952 11.963730
omp 32 8192 10.546655 1.482968 12.029645
omp 32 8192 10.564727 1.454352 12.019100
omp 32 8192 10.523761 1.541706 12.065489
omp 32 8192 10.552440 1.482022 12.034483
omp 32 8192 10.536217 1.522551 12.058788
omp 32 8192 10.577254 1.526278 12.103556
omp 32 8192 10.542736 1.483839 12.026608
omp 32 8192 10.557978 1.485671 12.043670
omp 32 8192 10.515918 2.748423 13.264365
\n
