pth 1 16 0.000613 0.000033 0.000653
pth 1 16 0.000346 0.000066 0.000424
pth 1 16 0.000324 0.000058 0.000393
pth 1 16 0.000541 0.000055 0.000607
pth 1 16 0.000485 0.000050 0.000546
pth 1 16 0.000532 0.000033 0.000572
pth 1 16 0.000530 0.000033 0.000570
pth 1 16 0.000326 0.000041 0.000373
pth 1 16 0.000615 0.000060 0.000687
pth 1 16 0.000573 0.000060 0.000644
\n
pth 1 32 0.001043 0.000050 0.001099
pth 1 32 0.001040 0.000049 0.001096
pth 1 32 0.001802 0.000043 0.001852
pth 1 32 0.001046 0.000067 0.001121
pth 1 32 0.001049 0.000073 0.001133
pth 1 32 0.001099 0.000072 0.001182
pth 1 32 0.002074 0.000049 0.002129
pth 1 32 0.001051 0.000081 0.001144
pth 1 32 0.001042 0.000046 0.001095
pth 1 32 0.001055 0.000078 0.001142
\n
pth 1 64 0.006832 0.000095 0.006933
pth 1 64 0.003943 0.000195 0.004152
pth 1 64 0.003954 0.000196 0.004163
pth 1 64 0.007627 0.000279 0.007924
pth 1 64 0.003990 0.000162 0.004161
pth 1 64 0.006830 0.000166 0.007008
pth 1 64 0.007803 0.000184 0.007995
pth 1 64 0.006961 0.000114 0.007086
pth 1 64 0.007487 0.000228 0.007726
pth 1 64 0.005654 0.000180 0.005844
\n
pth 1 128 0.015395 0.000480 0.015888
pth 1 128 0.021843 0.000539 0.022396
pth 1 128 0.015394 0.000661 0.016068
pth 1 128 0.015395 0.000526 0.015934
pth 1 128 0.015413 0.000530 0.015953
pth 1 128 0.015403 0.000462 0.015877
pth 1 128 0.015503 0.000542 0.016060
pth 1 128 0.015428 0.000539 0.015981
pth 1 128 0.015433 0.000535 0.015982
pth 1 128 0.019458 0.000525 0.019992
\n
pth 1 256 0.065888 0.001949 0.067851
pth 1 256 0.061420 0.001957 0.063397
pth 1 256 0.069356 0.002015 0.071386
pth 1 256 0.063350 0.001764 0.065131
pth 1 256 0.067603 0.001970 0.069590
pth 1 256 0.065469 0.001942 0.067423
pth 1 256 0.066725 0.001978 0.068721
pth 1 256 0.066336 0.001991 0.068341
pth 1 256 0.061114 0.001718 0.062847
pth 1 256 0.064848 0.001977 0.066842
\n
pth 1 512 0.248233 0.008514 0.256766
pth 1 512 0.247737 0.007784 0.255542
pth 1 512 0.249814 0.007587 0.257422
pth 1 512 0.243941 0.010491 0.254457
pth 1 512 0.244870 0.007740 0.252632
pth 1 512 0.250968 0.007550 0.258542
pth 1 512 0.249513 0.007826 0.257356
pth 1 512 0.244715 0.007326 0.252063
pth 1 512 0.249546 0.007088 0.256655
pth 1 512 0.246835 0.007589 0.254442
\n
pth 1 1024 0.980216 0.022539 1.002774
pth 1 1024 0.982695 0.019316 1.002030
pth 1 1024 0.981923 0.028670 1.010614
pth 1 1024 0.978787 0.022383 1.001189
pth 1 1024 0.976698 0.029562 1.006276
pth 1 1024 0.975963 0.023235 0.999215
pth 1 1024 0.980398 0.029604 1.010021
pth 1 1024 0.980917 0.022754 1.003689
pth 1 1024 0.981587 0.024783 1.006387
pth 1 1024 0.983506 0.023220 1.006742
\n
pth 1 2048 3.902970 0.085051 3.988042
pth 1 2048 3.912226 0.091881 4.004126
pth 1 2048 3.918068 0.083005 4.001095
pth 1 2048 3.904314 0.085314 3.989653
pth 1 2048 3.932509 0.089759 4.022295
pth 1 2048 3.904361 0.085414 3.989795
pth 1 2048 3.903753 0.086622 3.990398
pth 1 2048 3.900928 0.082521 3.983473
pth 1 2048 3.907743 0.079617 3.987381
pth 1 2048 3.905411 0.101654 4.007084
\n
pth 1 4096 15.667588 0.356596 16.024208
pth 1 4096 15.656496 0.369365 16.025885
pth 1 4096 15.659109 0.359806 16.018939
pth 1 4096 15.605797 0.347614 15.953434
pth 1 4096 15.624971 0.358964 15.983957
pth 1 4096 15.628595 0.368863 15.997483
pth 1 4096 15.616555 0.387963 16.004539
pth 1 4096 15.623470 0.439797 16.063294
pth 1 4096 15.669980 0.367556 16.037562
pth 1 4096 15.641914 0.363916 16.005852
\n
pth 1 8192 62.507002 1.430781 63.937809
pth 1 8192 62.433333 1.512910 63.946264
pth 1 8192 62.457367 1.513041 63.970429
pth 1 8192 62.327691 1.524517 63.852229
pth 1 8192 62.361146 1.486813 63.847983
pth 1 8192 62.341145 1.482081 63.823248
pth 1 8192 62.373338 1.453850 63.827211
pth 1 8192 62.351309 1.425382 63.776712
pth 1 8192 62.354744 1.500577 63.855338
pth 1 8192 62.377930 1.537930 63.915876
\n
pth 2 16 0.000353 0.000036 0.000395
pth 2 16 0.000329 0.000035 0.000370
pth 2 16 0.000317 0.000060 0.000388
pth 2 16 0.000270 0.000034 0.000311
pth 2 16 0.000340 0.000058 0.000411
pth 2 16 0.000334 0.000037 0.000377
pth 2 16 0.000337 0.000053 0.000398
pth 2 16 0.000274 0.000039 0.000319
pth 2 16 0.000270 0.000056 0.000338
pth 2 16 0.000210 0.000056 0.000277
\n
pth 2 32 0.000565 0.000044 0.000618
pth 2 32 0.000947 0.000043 0.000995
pth 2 32 0.001020 0.000077 0.001109
pth 2 32 0.000574 0.000044 0.000625
pth 2 32 0.000579 0.000055 0.000641
pth 2 32 0.000556 0.000081 0.000645
pth 2 32 0.000947 0.000074 0.001033
pth 2 32 0.000974 0.000074 0.001059
pth 2 32 0.000971 0.000077 0.001061
pth 2 32 0.000977 0.000078 0.001067
\n
pth 2 64 0.002026 0.000165 0.002203
pth 2 64 0.002003 0.000162 0.002177
pth 2 64 0.003462 0.000100 0.003569
pth 2 64 0.002009 0.000154 0.002174
pth 2 64 0.002617 0.000100 0.002723
pth 2 64 0.001997 0.000100 0.002103
pth 2 64 0.002112 0.000097 0.002216
pth 2 64 0.003432 0.000173 0.003618
pth 2 64 0.003441 0.000171 0.003622
pth 2 64 0.003523 0.000168 0.003700
\n
pth 2 128 0.012053 0.000479 0.012541
pth 2 128 0.013613 0.000287 0.013913
pth 2 128 0.012496 0.000560 0.013065
pth 2 128 0.013391 0.000394 0.013798
pth 2 128 0.013522 0.000535 0.014066
pth 2 128 0.014864 0.000358 0.015229
pth 2 128 0.007806 0.000267 0.008080
pth 2 128 0.013053 0.000336 0.013398
pth 2 128 0.007812 0.000281 0.008100
pth 2 128 0.012127 0.000462 0.012600
\n
pth 2 256 0.036798 0.001975 0.038791
pth 2 256 0.033094 0.001020 0.034129
pth 2 256 0.037231 0.001956 0.039198
pth 2 256 0.030773 0.001728 0.032515
pth 2 256 0.038087 0.001169 0.039266
pth 2 256 0.035276 0.001006 0.036291
pth 2 256 0.034709 0.001047 0.035766
pth 2 256 0.034944 0.001721 0.036682
pth 2 256 0.034729 0.001932 0.036677
pth 2 256 0.035196 0.001289 0.036499
\n
pth 2 512 0.129159 0.007928 0.137107
pth 2 512 0.130964 0.008504 0.139489
pth 2 512 0.127392 0.007835 0.135247
pth 2 512 0.128281 0.007594 0.135897
pth 2 512 0.125642 0.007513 0.133176
pth 2 512 0.129304 0.006847 0.136171
pth 2 512 0.130010 0.007969 0.138002
pth 2 512 0.124734 0.006907 0.131658
pth 2 512 0.128523 0.007949 0.136494
pth 2 512 0.128533 0.007496 0.136046
\n
pth 2 1024 0.496386 0.024726 0.521131
pth 2 1024 0.499197 0.024198 0.523413
pth 2 1024 0.497189 0.022560 0.519768
pth 2 1024 0.495300 0.027948 0.523266
pth 2 1024 0.495732 0.021915 0.517666
pth 2 1024 0.505257 0.017580 0.522859
pth 2 1024 0.491995 0.024131 0.516145
pth 2 1024 0.495465 0.020556 0.516038
pth 2 1024 0.492274 0.021855 0.514147
pth 2 1024 0.494076 0.023514 0.517608
\n
pth 2 2048 1.962882 0.084552 2.047460
pth 2 2048 1.969947 0.084075 2.054048
pth 2 2048 1.970709 0.110449 2.081179
pth 2 2048 1.996284 0.098616 2.094926
pth 2 2048 1.977848 0.077910 2.055782
pth 2 2048 1.974714 0.074021 2.048756
pth 2 2048 1.971723 0.084653 2.056402
pth 2 2048 1.966916 0.090936 2.057871
pth 2 2048 1.964361 0.080661 2.045048
pth 2 2048 1.969306 0.088804 2.058133
\n
pth 2 4096 7.854415 0.357749 8.212184
pth 2 4096 7.838766 0.366610 8.205398
pth 2 4096 7.821107 0.385034 8.206178
pth 2 4096 7.832870 0.389697 8.222591
pth 2 4096 7.841087 0.355962 8.197069
pth 2 4096 7.839636 0.344283 8.183940
pth 2 4096 7.833760 0.345983 8.179765
pth 2 4096 7.857781 0.389582 8.247382
pth 2 4096 7.857202 0.347107 8.204333
pth 2 4096 7.850248 0.356816 8.207087
\n
pth 2 8192 31.418365 1.490758 32.909146
pth 2 8192 31.300748 1.474129 32.774900
pth 2 8192 31.313136 1.512364 32.825521
pth 2 8192 31.335511 1.499103 32.834641
pth 2 8192 31.323521 1.455899 32.779446
pth 2 8192 31.318187 1.534732 32.852939
pth 2 8192 31.288957 1.330982 32.619964
pth 2 8192 31.302756 1.199237 32.502018
pth 2 8192 31.311878 1.186962 32.498861
pth 2 8192 31.361719 1.473502 32.835246
\n
pth 4 16 0.000225 0.000091 0.000330
pth 4 16 0.000213 0.000058 0.000282
pth 4 16 0.000175 0.000060 0.000246
pth 4 16 0.000267 0.000068 0.000348
pth 4 16 0.000223 0.000028 0.000261
pth 4 16 0.000148 0.000035 0.000190
pth 4 16 0.000148 0.000036 0.000190
pth 4 16 0.000144 0.000036 0.000188
pth 4 16 0.000182 0.000037 0.000225
pth 4 16 0.000184 0.000057 0.000253
\n
pth 4 32 0.000451 0.000080 0.000543
pth 4 32 0.000354 0.000044 0.000404
pth 4 32 0.000573 0.000045 0.000624
pth 4 32 0.000609 0.000074 0.000695
pth 4 32 0.000565 0.000046 0.000617
pth 4 32 0.000576 0.000043 0.000626
pth 4 32 0.000590 0.000073 0.000675
pth 4 32 0.000548 0.000048 0.000602
pth 4 32 0.000569 0.000045 0.000620
pth 4 32 0.000434 0.000043 0.000484
\n
pth 4 64 0.001228 0.000097 0.001332
pth 4 64 0.001549 0.000157 0.001719
pth 4 64 0.002023 0.000100 0.002130
pth 4 64 0.002033 0.000104 0.002145
pth 4 64 0.001550 0.000158 0.001721
pth 4 64 0.001215 0.000093 0.001315
pth 4 64 0.001205 0.000095 0.001308
pth 4 64 0.001540 0.000097 0.001644
pth 4 64 0.002066 0.000092 0.002165
pth 4 64 0.002053 0.000091 0.002151
\n
pth 4 128 0.005306 0.000322 0.005634
pth 4 128 0.005623 0.000465 0.006097
pth 4 128 0.006635 0.000270 0.006916
pth 4 128 0.004636 0.000272 0.004915
pth 4 128 0.004651 0.000268 0.004927
pth 4 128 0.004599 0.000267 0.004873
pth 4 128 0.004694 0.000470 0.005174
pth 4 128 0.007970 0.000529 0.008509
pth 4 128 0.006086 0.000372 0.006465
pth 4 128 0.005434 0.000286 0.005728
\n
pth 4 256 0.019886 0.000990 0.020888
pth 4 256 0.020118 0.000978 0.021105
pth 4 256 0.021357 0.001022 0.022393
pth 4 256 0.018505 0.001303 0.019818
pth 4 256 0.018520 0.000999 0.019528
pth 4 256 0.019804 0.001185 0.020999
pth 4 256 0.021809 0.001099 0.022917
pth 4 256 0.021759 0.001236 0.023004
pth 4 256 0.018537 0.001694 0.020242
pth 4 256 0.018624 0.001024 0.019661
\n
pth 4 512 0.072832 0.003854 0.076699
pth 4 512 0.079538 0.004196 0.083749
pth 4 512 0.077912 0.007064 0.084992
pth 4 512 0.079051 0.007020 0.086094
pth 4 512 0.074483 0.007618 0.082120
pth 4 512 0.075539 0.003887 0.079446
pth 4 512 0.077746 0.004330 0.082094
pth 4 512 0.076573 0.007028 0.083619
pth 4 512 0.077091 0.004086 0.081195
pth 4 512 0.077754 0.007667 0.085442
\n
pth 4 1024 0.286205 0.018352 0.304574
pth 4 1024 0.295218 0.015675 0.310913
pth 4 1024 0.286093 0.015273 0.301383
pth 4 1024 0.289948 0.020836 0.310802
pth 4 1024 0.300944 0.021225 0.322193
pth 4 1024 0.297317 0.015603 0.312938
pth 4 1024 0.296457 0.023348 0.319823
pth 4 1024 0.287805 0.016906 0.304728
pth 4 1024 0.289932 0.018619 0.308569
pth 4 1024 0.288212 0.015231 0.303465
\n
pth 4 2048 1.147547 0.083898 1.231468
pth 4 2048 1.175137 0.078840 1.254003
pth 4 2048 1.158181 0.083352 1.241554
pth 4 2048 1.155716 0.092089 1.247829
pth 4 2048 1.143569 0.075349 1.218937
pth 4 2048 1.156440 0.083383 1.239838
pth 4 2048 1.153165 0.088884 1.242074
pth 4 2048 1.163862 0.088845 1.252732
pth 4 2048 1.158102 0.124555 1.282678
pth 4 2048 1.149258 0.091153 1.240430
\n
pth 4 4096 4.590309 0.352745 4.943077
pth 4 4096 4.603334 2.677312 7.280664
pth 4 4096 4.588649 0.381519 4.970187
pth 4 4096 4.586259 0.391159 4.977442
pth 4 4096 4.604822 0.349841 4.954683
pth 4 4096 4.599745 0.351101 4.950865
pth 4 4096 4.593414 0.366218 4.959652
pth 4 4096 4.583073 4.382722 8.965818
pth 4 4096 4.582627 0.348523 4.931177
pth 4 4096 4.609760 0.366503 4.976282
\n
pth 4 8192 18.312097 1.493331 19.805450
pth 4 8192 18.314280 1.457540 19.771848
pth 4 8192 18.240230 1.504034 19.744288
pth 4 8192 18.344326 1.470885 19.815236
pth 4 8192 18.310195 1.510466 19.820680
pth 4 8192 18.331480 1.476476 19.807979
pth 4 8192 18.324528 1.457524 19.782078
pth 4 8192 18.312104 1.489211 19.801337
pth 4 8192 18.341774 1.488956 19.830751
pth 4 8192 18.333010 1.445163 19.778189
\n
pth 8 16 0.000290 0.000075 0.000378
pth 8 16 0.000176 0.000041 0.000224
pth 8 16 0.000193 0.000067 0.000268
pth 8 16 0.000211 0.000071 0.000291
pth 8 16 0.000330 0.000039 0.000378
pth 8 16 0.000352 0.000039 0.000401
pth 8 16 0.000262 0.000039 0.000310
pth 8 16 0.000226 0.000036 0.000272
pth 8 16 0.000173 0.000035 0.000215
pth 8 16 0.000179 0.000037 0.000223
\n
pth 8 32 0.000390 0.000045 0.000441
pth 8 32 0.000678 0.000046 0.000734
pth 8 32 0.000567 0.000073 0.000649
pth 8 32 0.000656 0.000081 0.000749
pth 8 32 0.000674 0.000066 0.000751
pth 8 32 0.000408 0.000045 0.000460
pth 8 32 0.000402 0.000084 0.000494
pth 8 32 0.000590 0.000062 0.000662
pth 8 32 0.000389 0.000048 0.000444
pth 8 32 0.000400 0.000043 0.000450
\n
pth 8 64 0.001259 0.000099 0.001365
pth 8 64 0.001449 0.000129 0.001585
pth 8 64 0.001259 0.000097 0.001363
pth 8 64 0.001247 0.000095 0.001349
pth 8 64 0.001245 0.000099 0.001351
pth 8 64 0.001252 0.000099 0.001358
pth 8 64 0.001142 0.000146 0.001297
pth 8 64 0.001182 0.000094 0.001283
pth 8 64 0.001093 0.000096 0.001197
pth 8 64 0.001237 0.000095 0.001338
\n
pth 8 128 0.005986 0.000300 0.006294
pth 8 128 0.003893 0.000305 0.004205
pth 8 128 0.003393 0.000297 0.003698
pth 8 128 0.003791 0.000274 0.004072
pth 8 128 0.004398 0.000275 0.004701
pth 8 128 0.003883 0.000287 0.004178
pth 8 128 0.004161 0.000270 0.004438
pth 8 128 0.004204 0.000333 0.004544
pth 8 128 0.006710 0.000513 0.007232
pth 8 128 0.004188 0.000271 0.004467
\n
pth 8 256 0.011888 0.001003 0.012899
pth 8 256 0.015359 0.001187 0.016554
pth 8 256 0.012062 0.001010 0.013081
pth 8 256 0.014581 0.001138 0.015729
pth 8 256 0.013380 0.001030 0.014418
pth 8 256 0.012228 0.001178 0.013415
pth 8 256 0.014842 0.001132 0.015982
pth 8 256 0.012768 0.001136 0.013914
pth 8 256 0.014835 0.001016 0.015860
pth 8 256 0.010332 0.001055 0.011394
\n
pth 8 512 0.045739 0.006268 0.052023
pth 8 512 0.050503 0.007697 0.058216
pth 8 512 0.045155 0.004497 0.049667
pth 8 512 0.043175 0.005288 0.048479
pth 8 512 0.040231 0.004024 0.044268
pth 8 512 0.050094 0.009496 0.059607
pth 8 512 0.047430 0.004026 0.051471
pth 8 512 0.047762 0.009402 0.057179
pth 8 512 0.045796 0.004398 0.050213
pth 8 512 0.052618 0.008958 0.061594
\n
pth 8 1024 0.181673 0.023008 0.204703
pth 8 1024 0.185713 0.022203 0.207934
pth 8 1024 0.175957 0.019713 0.195690
pth 8 1024 0.181113 0.022769 0.203900
pth 8 1024 0.205697 0.019420 0.225132
pth 8 1024 0.184229 0.023028 0.207275
pth 8 1024 0.191063 0.021766 0.212851
pth 8 1024 0.180264 0.020557 0.200838
pth 8 1024 0.182442 0.022594 0.205053
pth 8 1024 0.161570 0.015460 0.177048
\n
pth 8 2048 0.654926 0.088900 0.743847
pth 8 2048 0.652976 0.085416 0.738413
pth 8 2048 0.664778 0.081163 0.745962
pth 8 2048 0.679257 0.083809 0.763090
pth 8 2048 0.647193 0.085577 0.732795
pth 8 2048 0.638427 0.084721 0.723174
pth 8 2048 0.653289 0.087909 0.741224
pth 8 2048 0.654755 0.080130 0.734905
pth 8 2048 0.644691 0.091122 0.735835
pth 8 2048 0.652933 0.078853 0.731810
\n
pth 8 4096 2.544982 0.349053 2.894055
pth 8 4096 2.557708 0.360464 2.918192
pth 8 4096 2.560252 0.398656 2.958932
pth 8 4096 2.572291 0.362189 2.934499
pth 8 4096 2.567627 0.354797 2.922443
pth 8 4096 2.558720 0.356047 2.914789
pth 8 4096 2.554925 0.389963 2.944904
pth 8 4096 2.623037 0.362278 2.985335
pth 8 4096 2.600963 0.390515 2.991498
pth 8 4096 2.572588 0.358297 2.930904
\n
pth 8 8192 10.159018 1.486336 11.645378
pth 8 8192 10.159994 1.487134 11.647153
pth 8 8192 10.181977 1.447145 11.629148
pth 8 8192 10.155211 1.444377 11.599611
pth 8 8192 10.138291 1.517088 11.655401
pth 8 8192 10.157511 1.435394 11.592940
pth 8 8192 10.231853 1.476595 11.708468
pth 8 8192 10.217579 1.495250 11.712854
pth 8 8192 10.257703 1.179835 11.437560
pth 8 8192 10.272297 1.499065 11.771382
\n
pth 16 16 0.000408 0.000072 0.000494
pth 16 16 0.000487 0.000069 0.000568
pth 16 16 0.000456 0.000087 0.000556
pth 16 16 0.000279 0.000041 0.000326
pth 16 16 0.000366 0.000037 0.000413
pth 16 16 0.000353 0.000041 0.000404
pth 16 16 0.000311 0.000055 0.000375
pth 16 16 0.000287 0.000065 0.000361
pth 16 16 0.000409 0.000040 0.000459
pth 16 16 0.000380 0.000061 0.000452
\n
pth 16 32 0.000603 0.000077 0.000692
pth 16 32 0.000671 0.000052 0.000734
pth 16 32 0.000633 0.000061 0.000705
pth 16 32 0.000587 0.000082 0.000677
pth 16 32 0.000759 0.000082 0.000852
pth 16 32 0.000538 0.000089 0.000636
pth 16 32 0.000547 0.000079 0.000634
pth 16 32 0.000363 0.000052 0.000421
pth 16 32 0.000885 0.000052 0.000948
pth 16 32 0.000442 0.000047 0.000495
\n
pth 16 64 0.001375 0.000106 0.001487
pth 16 64 0.001285 0.000099 0.001391
pth 16 64 0.001065 0.000103 0.001174
pth 16 64 0.001030 0.000101 0.001139
pth 16 64 0.001393 0.000105 0.001506
pth 16 64 0.001032 0.000101 0.001140
pth 16 64 0.001031 0.000096 0.001135
pth 16 64 0.001001 0.000096 0.001105
pth 16 64 0.001013 0.000097 0.001117
pth 16 64 0.001024 0.000163 0.001197
\n
pth 16 128 0.003598 0.000278 0.003883
pth 16 128 0.004589 0.000326 0.004924
pth 16 128 0.003487 0.000279 0.003773
pth 16 128 0.004184 0.000505 0.004698
pth 16 128 0.003400 0.000277 0.003685
pth 16 128 0.003432 0.000282 0.003721
pth 16 128 0.004516 0.000402 0.004925
pth 16 128 0.004241 0.000283 0.004537
pth 16 128 0.003284 0.000279 0.003569
pth 16 128 0.004200 0.000382 0.004592
\n
pth 16 256 0.012412 0.001021 0.013443
pth 16 256 0.022507 0.001240 0.023758
pth 16 256 0.013451 0.001040 0.014501
pth 16 256 0.012154 0.001032 0.013196
pth 16 256 0.010879 0.001225 0.012112
pth 16 256 0.011989 0.001038 0.013037
pth 16 256 0.011631 0.001157 0.012798
pth 16 256 0.014479 0.001644 0.016132
pth 16 256 0.012789 0.001030 0.013828
pth 16 256 0.013022 0.001280 0.014312
\n
pth 16 512 0.046943 0.004133 0.051094
pth 16 512 0.047970 0.008456 0.056441
pth 16 512 0.051669 0.005938 0.057621
pth 16 512 0.045270 0.005788 0.051075
pth 16 512 0.057167 0.004363 0.061546
pth 16 512 0.049189 0.004019 0.053223
pth 16 512 0.040743 0.004002 0.044763
pth 16 512 0.046976 0.003965 0.050958
pth 16 512 0.044141 0.007213 0.051370
pth 16 512 0.047186 0.006309 0.053511
\n
pth 16 1024 0.161861 0.018948 0.180832
pth 16 1024 0.153021 0.018633 0.171671
pth 16 1024 0.162787 0.025488 0.188293
pth 16 1024 0.166803 0.021779 0.188598
pth 16 1024 0.162304 0.022109 0.184433
pth 16 1024 0.158162 0.019214 0.177392
pth 16 1024 0.157977 0.015674 0.173669
pth 16 1024 0.156143 0.024141 0.180302
pth 16 1024 0.160950 0.030280 0.191249
pth 16 1024 0.148131 0.019820 0.167970
\n
pth 16 2048 0.631629 0.088123 0.719779
pth 16 2048 0.642418 0.079456 0.721898
pth 16 2048 0.596406 0.086991 0.683417
pth 16 2048 0.640163 0.079354 0.719543
pth 16 2048 0.620357 0.079876 0.700256
pth 16 2048 0.608801 0.094766 0.703587
pth 16 2048 0.605275 0.087568 0.692869
pth 16 2048 0.613162 0.094028 0.707214
pth 16 2048 0.586186 0.083353 0.669562
pth 16 2048 0.595915 0.090878 0.686818
\n
pth 16 4096 2.327237 2.055879 4.383139
pth 16 4096 2.343072 0.375284 2.718378
pth 16 4096 2.321082 0.356479 2.677578
pth 16 4096 2.390683 2.117452 4.508156
pth 16 4096 2.391860 0.389379 2.781259
pth 16 4096 2.365792 0.361045 2.726860
pth 16 4096 2.462011 2.090597 4.552628
pth 16 4096 2.386466 0.380820 2.767305
pth 16 4096 2.552152 0.397068 2.949241
pth 16 4096 2.385986 2.517574 4.903578
\n
pth 16 8192 9.395094 1.452032 10.847144
pth 16 8192 9.344633 1.505509 10.850157
pth 16 8192 9.213860 1.534815 10.748695
pth 16 8192 9.134870 1.479084 10.613970
pth 16 8192 9.214158 1.441370 10.655548
pth 16 8192 9.694203 1.467176 11.161401
pth 16 8192 9.386776 1.478865 10.865663
pth 16 8192 9.341748 1.559353 10.901124
pth 16 8192 9.246966 1.566617 10.813608
pth 16 8192 9.128516 1.479547 10.608085
\n
pth 32 16 0.001838 0.000072 0.001920
pth 32 16 0.002632 0.000056 0.002695
pth 32 16 0.001369 0.000041 0.001416
pth 32 16 0.001209 0.000037 0.001254
pth 32 16 0.001285 0.000039 0.001331
pth 32 16 0.001254 0.000046 0.001307
pth 32 16 0.001452 0.000044 0.001504
pth 32 16 0.001061 0.000038 0.001107
pth 32 16 0.001283 0.000040 0.001329
pth 32 16 0.001513 0.000044 0.001564
\n
pth 32 32 0.000673 0.000063 0.000745
pth 32 32 0.000529 0.000048 0.000583
pth 32 32 0.000539 0.000053 0.000599
pth 32 32 0.000680 0.000083 0.000774
pth 32 32 0.000824 0.000077 0.000913
pth 32 32 0.000670 0.000054 0.000735
pth 32 32 0.000466 0.000052 0.000525
pth 32 32 0.000827 0.000082 0.000920
pth 32 32 0.000498 0.000082 0.000588
pth 32 32 0.000751 0.000055 0.000816
\n
pth 32 64 0.002530 0.000103 0.002640
pth 32 64 0.001138 0.000095 0.001240
pth 32 64 0.001141 0.000112 0.001260
pth 32 64 0.001080 0.000134 0.001223
pth 32 64 0.001521 0.000106 0.001633
pth 32 64 0.001128 0.000135 0.001270
pth 32 64 0.001545 0.000100 0.001653
pth 32 64 0.001146 0.000100 0.001253
pth 32 64 0.001086 0.000099 0.001193
pth 32 64 0.001230 0.000117 0.001354
\n
pth 32 128 0.004713 0.000277 0.004998
pth 32 128 0.003352 0.000430 0.003790
pth 32 128 0.004807 0.000287 0.005100
pth 32 128 0.003447 0.000283 0.003738
pth 32 128 0.004262 0.000272 0.004541
pth 32 128 0.004073 0.000281 0.004363
pth 32 128 0.004718 0.000421 0.005147
pth 32 128 0.003281 0.000282 0.003571
pth 32 128 0.004118 0.000283 0.004409
pth 32 128 0.005429 0.000351 0.005788
\n
pth 32 256 0.011025 0.001029 0.012063
pth 32 256 0.012982 0.001035 0.014027
pth 32 256 0.015043 0.001081 0.016133
pth 32 256 0.013191 0.001213 0.014413
pth 32 256 0.012016 0.001039 0.013064
pth 32 256 0.011099 0.001227 0.012336
pth 32 256 0.011116 0.001146 0.012270
pth 32 256 0.011231 0.001049 0.012287
pth 32 256 0.011333 0.001053 0.012395
pth 32 256 0.011596 0.001220 0.012825
\n
pth 32 512 0.054654 0.005333 0.060005
pth 32 512 0.046227 0.004358 0.050600
pth 32 512 0.050999 0.006349 0.057364
pth 32 512 0.038038 0.004216 0.042268
pth 32 512 0.039686 0.004478 0.044180
pth 32 512 0.040386 0.004480 0.044882
pth 32 512 0.039680 0.005807 0.045502
pth 32 512 0.044906 0.004169 0.049088
pth 32 512 0.043420 0.004248 0.047685
pth 32 512 0.039458 0.004278 0.043751
\n
pth 32 1024 0.157637 0.021023 0.178677
pth 32 1024 0.144957 0.018919 0.163895
pth 32 1024 0.158244 0.025482 0.183744
pth 32 1024 0.146366 0.021030 0.167414
pth 32 1024 0.153467 0.022869 0.176355
pth 32 1024 0.149600 0.019099 0.168722
pth 32 1024 0.147895 0.028672 0.176590
pth 32 1024 0.153021 0.020995 0.174033
pth 32 1024 0.161926 0.022689 0.184634
pth 32 1024 0.146058 0.113619 0.259696
\n
pth 32 2048 0.584584 0.089054 0.673660
pth 32 2048 0.576918 0.104448 0.681383
pth 32 2048 0.569887 0.085799 0.655711
pth 32 2048 0.572385 0.089435 0.661846
pth 32 2048 0.571222 0.091781 0.663023
pth 32 2048 0.570918 0.079943 0.650883
pth 32 2048 0.564497 0.094097 0.658615
pth 32 2048 0.578311 0.084138 0.662474
pth 32 2048 0.563772 0.084110 0.647905
pth 32 2048 0.581427 0.081718 0.663169
\n
pth 32 4096 2.215495 0.356399 2.571911
pth 32 4096 2.211422 0.383606 2.595047
pth 32 4096 2.274460 0.360241 2.634722
pth 32 4096 2.269572 0.359757 2.629348
pth 32 4096 2.236798 0.355259 2.592079
pth 32 4096 2.225159 0.371620 2.596800
pth 32 4096 2.244175 0.337648 2.581843
pth 32 4096 2.239157 0.371790 2.610967
pth 32 4096 2.271275 0.359516 2.630812
pth 32 4096 2.273257 0.367784 2.641063
\n
pth 32 8192 8.948571 1.494625 10.443217
pth 32 8192 8.887496 1.482613 10.370133
pth 32 8192 8.945249 1.433762 10.379036
pth 32 8192 8.894850 1.456184 10.351059
pth 32 8192 9.073289 1.488067 10.561374
pth 32 8192 9.042924 1.463255 10.506197
pth 32 8192 8.913767 1.458927 10.372715
pth 32 8192 8.810963 1.497130 10.308113
pth 32 8192 8.933730 1.463932 10.397686
pth 32 8192 9.084952 1.505769 10.590743
\n
