pth 1 16 0.000633 0.000052 0.000691
pth 1 16 0.000322 0.000034 0.000363
pth 1 16 0.000326 0.000041 0.000373
pth 1 16 0.000557 0.000056 0.000624
pth 1 16 0.000504 0.000051 0.000566
pth 1 16 0.000542 0.000033 0.000582
pth 1 16 0.000564 0.000034 0.000604
pth 1 16 0.000329 0.000048 0.000384
pth 1 16 0.000553 0.000060 0.000626
pth 1 16 0.000556 0.000059 0.000627
\n
pth 1 32 0.001103 0.000048 0.001158
pth 1 32 0.001094 0.000048 0.001148
pth 1 32 0.001891 0.000044 0.001942
pth 1 32 0.001080 0.000043 0.001128
pth 1 32 0.001100 0.000072 0.001184
pth 1 32 0.001095 0.000072 0.001177
pth 1 32 0.002167 0.000055 0.002232
pth 1 32 0.001097 0.000077 0.001184
pth 1 32 0.001880 0.000048 0.001935
pth 1 32 0.001092 0.000044 0.001144
\n
pth 1 64 0.006803 0.000159 0.006973
pth 1 64 0.006827 0.000196 0.007034
pth 1 64 0.004174 0.000260 0.004449
pth 1 64 0.008337 0.000185 0.008532
pth 1 64 0.007344 0.000143 0.007495
pth 1 64 0.008271 0.000102 0.008380
pth 1 64 0.008524 0.000206 0.008742
pth 1 64 0.007321 0.000159 0.007493
pth 1 64 0.008523 0.000113 0.008642
pth 1 64 0.004121 0.000116 0.004244
\n
pth 1 128 0.016272 0.000524 0.016810
pth 1 128 0.022476 0.000528 0.023012
pth 1 128 0.020742 0.000539 0.021297
pth 1 128 0.019041 0.000547 0.019604
pth 1 128 0.016344 0.000537 0.016895
pth 1 128 0.022447 0.000533 0.022989
pth 1 128 0.020618 0.000538 0.021168
pth 1 128 0.019065 0.000560 0.019640
pth 1 128 0.017290 0.000534 0.017833
pth 1 128 0.020963 0.000485 0.021462
\n
pth 1 256 0.070083 0.002194 0.072293
pth 1 256 0.065075 0.002144 0.067240
pth 1 256 0.069848 0.001987 0.071851
pth 1 256 0.064746 0.001954 0.066722
pth 1 256 0.068327 0.001961 0.070304
pth 1 256 0.067167 0.001947 0.069130
pth 1 256 0.073103 0.001974 0.075090
pth 1 256 0.071707 0.001017 0.072740
pth 1 256 0.064723 0.001950 0.066689
pth 1 256 0.067899 0.001991 0.069904
\n
pth 1 512 0.259395 0.007514 0.266931
pth 1 512 0.260501 0.007613 0.268130
pth 1 512 0.266860 0.006979 0.273857
pth 1 512 0.264467 0.007522 0.272006
pth 1 512 0.264028 0.011974 0.276019
pth 1 512 0.266452 0.007266 0.273736
pth 1 512 0.261924 0.007779 0.269722
pth 1 512 0.262707 0.004205 0.266933
pth 1 512 0.259631 0.007495 0.267141
pth 1 512 0.262266 0.007643 0.269928
\n
pth 1 1024 1.034018 0.022249 1.056290
pth 1 1024 1.040408 0.019470 1.059894
pth 1 1024 1.040268 0.026950 1.067235
pth 1 1024 1.039854 0.015220 1.055090
pth 1 1024 1.045230 0.028737 1.073984
pth 1 1024 1.038720 0.020083 1.058820
pth 1 1024 1.044344 0.021900 1.066262
pth 1 1024 1.039235 0.022750 1.062002
pth 1 1024 1.043510 0.029552 1.073081
pth 1 1024 1.049739 0.021219 1.070977
\n
pth 1 2048 4.144391 0.114859 4.259275
pth 1 2048 4.158516 0.098240 4.256782
pth 1 2048 4.163457 0.123914 4.287396
pth 1 2048 4.137712 0.120251 4.257987
pth 1 2048 4.144958 0.100531 4.245510
pth 1 2048 4.162299 0.089571 4.251890
pth 1 2048 4.155734 0.096928 4.252685
pth 1 2048 4.167242 0.090732 4.257998
pth 1 2048 4.149146 0.101077 4.250245
pth 1 2048 4.168604 0.089345 4.257971
\n
pth 1 4096 16.603009 0.370340 16.973374
pth 1 4096 16.619191 0.344885 16.964097
pth 1 4096 16.614448 0.379037 16.993511
pth 1 4096 16.547480 0.376154 16.923657
pth 1 4096 16.541263 0.400181 16.941463
pth 1 4096 16.584897 0.348398 16.933320
pth 1 4096 16.608545 0.368973 16.977544
pth 1 4096 16.569204 0.381418 16.950641
pth 1 4096 16.614691 0.389269 17.003983
pth 1 4096 16.592049 0.374885 16.966957
\n
pth 1 8192 66.467762 1.527140 67.994923
pth 1 8192 66.401718 1.466713 67.868456
pth 1 8192 66.120035 1.521406 67.641466
pth 1 8192 66.186819 1.475329 67.662168
pth 1 8192 66.134749 1.460601 67.595372
pth 1 8192 66.276168 1.466246 67.742438
pth 1 8192 66.353737 1.526508 67.880264
pth 1 8192 66.185644 1.505860 67.691528
pth 1 8192 66.288910 1.475089 67.764021
pth 1 8192 66.255640 1.512906 67.768566
\n
pth 2 16 0.000390 0.000045 0.000444
pth 2 16 0.000354 0.000034 0.000395
pth 2 16 0.000363 0.000051 0.000421
pth 2 16 0.000295 0.000036 0.000337
pth 2 16 0.000338 0.000058 0.000409
pth 2 16 0.000319 0.000036 0.000360
pth 2 16 0.000316 0.000034 0.000356
pth 2 16 0.000318 0.000035 0.000360
pth 2 16 0.000254 0.000057 0.000322
pth 2 16 0.000207 0.000057 0.000276
\n
pth 2 32 0.000615 0.000079 0.000706
pth 2 32 0.000600 0.000042 0.000648
pth 2 32 0.001075 0.000076 0.001163
pth 2 32 0.000600 0.000043 0.000650
pth 2 32 0.000626 0.000044 0.000677
pth 2 32 0.000604 0.000046 0.000658
pth 2 32 0.000833 0.000077 0.000918
pth 2 32 0.000859 0.000081 0.000952
pth 2 32 0.001048 0.000076 0.001136
pth 2 32 0.001067 0.000103 0.001182
\n
pth 2 64 0.003819 0.000157 0.003984
pth 2 64 0.002328 0.000160 0.002499
pth 2 64 0.002317 0.000100 0.002425
pth 2 64 0.004050 0.000157 0.004218
pth 2 64 0.002313 0.000097 0.002417
pth 2 64 0.004069 0.000205 0.004286
pth 2 64 0.002314 0.000098 0.002419
pth 2 64 0.004090 0.000166 0.004264
pth 2 64 0.004035 0.000102 0.004144
pth 2 64 0.003252 0.000227 0.003492
\n
pth 2 128 0.010347 0.000277 0.010634
pth 2 128 0.013165 0.000469 0.013644
pth 2 128 0.014407 0.000329 0.014748
pth 2 128 0.010602 0.000468 0.011084
pth 2 128 0.014436 0.000464 0.014909
pth 2 128 0.012286 0.000530 0.012826
pth 2 128 0.012333 0.000265 0.012608
pth 2 128 0.011840 0.000266 0.012118
pth 2 128 0.011399 0.000587 0.011996
pth 2 128 0.012282 0.000529 0.012819
\n
pth 2 256 0.036493 0.001967 0.038470
pth 2 256 0.036630 0.001941 0.038581
pth 2 256 0.039845 0.001200 0.041058
pth 2 256 0.041116 0.001960 0.043088
pth 2 256 0.036444 0.001126 0.037580
pth 2 256 0.039928 0.000994 0.040932
pth 2 256 0.037720 0.001112 0.038844
pth 2 256 0.037106 0.001948 0.039067
pth 2 256 0.039989 0.001923 0.041921
pth 2 256 0.036776 0.001924 0.038719
\n
pth 2 512 0.149494 0.007514 0.157029
pth 2 512 0.147079 0.006088 0.153187
pth 2 512 0.152305 0.007119 0.159444
pth 2 512 0.147375 0.007945 0.155337
pth 2 512 0.150727 0.007714 0.158457
pth 2 512 0.150393 0.007577 0.157992
pth 2 512 0.151800 0.010507 0.162329
pth 2 512 0.153988 0.007282 0.161289
pth 2 512 0.147042 0.007040 0.154100
pth 2 512 0.146947 0.007387 0.154356
\n
pth 2 1024 0.588602 0.023642 0.612261
pth 2 1024 0.594565 0.022793 0.617377
pth 2 1024 0.590133 0.024262 0.614411
pth 2 1024 0.586943 0.020026 0.606990
pth 2 1024 0.591532 0.021557 0.613105
pth 2 1024 0.590477 0.021271 0.611767
pth 2 1024 0.590727 0.021603 0.612349
pth 2 1024 0.587471 0.020181 0.607671
pth 2 1024 0.591962 0.018670 0.610650
pth 2 1024 0.590371 0.030617 0.621008
\n
pth 2 2048 2.340329 0.089080 2.429431
pth 2 2048 2.344597 0.078099 2.422717
pth 2 2048 2.353868 0.090733 2.444620
pth 2 2048 2.348018 0.104769 2.452807
pth 2 2048 2.372256 0.098245 2.470516
pth 2 2048 2.372979 0.115162 2.488161
pth 2 2048 2.342481 0.100060 2.442562
pth 2 2048 2.353222 0.085024 2.438265
pth 2 2048 2.353216 0.089865 2.443103
pth 2 2048 2.348052 0.084606 2.432683
\n
pth 2 4096 9.383442 0.353546 9.737010
pth 2 4096 9.400581 0.379059 9.779662
pth 2 4096 9.370197 0.350054 9.720277
pth 2 4096 9.351140 0.373023 9.724188
pth 2 4096 9.363558 0.365297 9.728880
pth 2 4096 9.337559 0.370722 9.708301
pth 2 4096 9.394062 0.351544 9.745634
pth 2 4096 9.373083 0.361292 9.734397
pth 2 4096 9.396113 0.395110 9.791244
pth 2 4096 9.390108 0.368626 9.758757
\n
pth 2 8192 37.417227 1.502688 38.919939
pth 2 8192 37.543828 1.477492 39.021340
pth 2 8192 37.505623 1.449027 38.954675
pth 2 8192 37.433948 1.475734 38.909708
pth 2 8192 37.409813 1.502615 38.912450
pth 2 8192 37.477814 1.539736 39.017575
pth 2 8192 37.459201 1.485704 38.944929
pth 2 8192 37.356750 1.440115 38.796887
pth 2 8192 37.385172 1.497352 38.882546
pth 2 8192 37.394874 1.494073 38.888969
\n
pth 4 16 0.000269 0.000096 0.000383
pth 4 16 0.000221 0.000064 0.000298
pth 4 16 0.000187 0.000070 0.000269
pth 4 16 0.000226 0.000069 0.000306
pth 4 16 0.000265 0.000030 0.000305
pth 4 16 0.000200 0.000045 0.000254
pth 4 16 0.000155 0.000038 0.000201
pth 4 16 0.000152 0.000035 0.000193
pth 4 16 0.000184 0.000045 0.000236
pth 4 16 0.000183 0.000058 0.000252
\n
pth 4 32 0.000549 0.000080 0.000641
pth 4 32 0.000344 0.000046 0.000397
pth 4 32 0.000567 0.000046 0.000619
pth 4 32 0.000590 0.000074 0.000672
pth 4 32 0.000576 0.000090 0.000677
pth 4 32 0.000570 0.000043 0.000621
pth 4 32 0.000589 0.000073 0.000672
pth 4 32 0.000581 0.000044 0.000632
pth 4 32 0.000567 0.000044 0.000618
pth 4 32 0.000580 0.000048 0.000634
\n
pth 4 64 0.001238 0.000100 0.001345
pth 4 64 0.001810 0.000159 0.001981
pth 4 64 0.002005 0.000158 0.002176
pth 4 64 0.001227 0.000092 0.001326
pth 4 64 0.001718 0.000156 0.001882
pth 4 64 0.001406 0.000094 0.001511
pth 4 64 0.001253 0.000098 0.001358
pth 4 64 0.002021 0.000159 0.002192
pth 4 64 0.002186 0.000091 0.002285
pth 4 64 0.002185 0.000095 0.002288
\n
pth 4 128 0.007084 0.000362 0.007453
pth 4 128 0.007979 0.000383 0.008372
pth 4 128 0.006914 0.000479 0.007405
pth 4 128 0.004927 0.000271 0.005205
pth 4 128 0.004946 0.000271 0.005223
pth 4 128 0.005069 0.000275 0.005351
pth 4 128 0.006957 0.000480 0.007449
pth 4 128 0.007129 0.000274 0.007414
pth 4 128 0.005548 0.000462 0.006018
pth 4 128 0.005238 0.000281 0.005526
\n
pth 4 256 0.021347 0.000997 0.022352
pth 4 256 0.023877 0.000991 0.024881
pth 4 256 0.024494 0.001437 0.025941
pth 4 256 0.021295 0.001142 0.022447
pth 4 256 0.024113 0.001221 0.025342
pth 4 256 0.024854 0.001012 0.025878
pth 4 256 0.020890 0.003072 0.023974
pth 4 256 0.025110 0.001704 0.026824
pth 4 256 0.019395 0.000993 0.020396
pth 4 256 0.024039 0.000989 0.025040
\n
pth 4 512 0.082338 0.007564 0.089919
pth 4 512 0.081833 0.007634 0.089491
pth 4 512 0.084543 0.007213 0.091773
pth 4 512 0.080653 0.007836 0.088509
pth 4 512 0.084613 0.003959 0.088592
pth 4 512 0.079573 0.011579 0.091176
pth 4 512 0.081882 0.007384 0.089281
pth 4 512 0.079915 0.006680 0.086610
pth 4 512 0.079527 0.007560 0.087110
pth 4 512 0.077111 0.007044 0.084171
\n
pth 4 1024 0.312584 0.022884 0.335486
pth 4 1024 0.314622 0.015987 0.330627
pth 4 1024 0.309642 0.023951 0.333615
pth 4 1024 0.320332 0.022531 0.342879
pth 4 1024 0.310970 0.021528 0.332521
pth 4 1024 0.309460 0.022155 0.331633
pth 4 1024 0.313744 0.021287 0.335050
pth 4 1024 0.312614 0.018571 0.331204
pth 4 1024 0.311881 0.020296 0.332194
pth 4 1024 0.317774 0.023496 0.341289
\n
pth 4 2048 1.252356 0.080751 1.333132
pth 4 2048 1.242430 0.093244 1.335696
pth 4 2048 1.243184 0.079212 1.322418
pth 4 2048 1.257556 0.086229 1.343809
pth 4 2048 1.241634 1.180807 2.422460
pth 4 2048 1.244384 0.085275 1.329682
pth 4 2048 1.251772 0.084066 1.335857
pth 4 2048 1.250192 0.085740 1.335958
pth 4 2048 1.242266 0.090012 1.332297
pth 4 2048 1.263633 0.084576 1.348227
\n
pth 4 4096 4.961668 0.371130 5.332819
pth 4 4096 4.970032 0.364197 5.334251
pth 4 4096 5.006473 0.368035 5.374528
pth 4 4096 4.969785 0.393499 5.363301
pth 4 4096 4.958454 0.357353 5.315831
pth 4 4096 4.965415 0.361183 5.326618
pth 4 4096 4.968195 0.366073 5.334288
pth 4 4096 4.953613 0.365251 5.318888
pth 4 4096 4.975325 0.357097 5.332443
pth 4 4096 4.980009 0.366821 5.346854
\n
pth 4 8192 19.796240 1.510812 21.307076
pth 4 8192 19.778919 1.503924 21.282869
pth 4 8192 19.795220 1.446591 21.241836
pth 4 8192 19.831155 1.449378 21.280560
pth 4 8192 19.832129 1.493631 21.325785
pth 4 8192 19.791914 1.422977 21.214917
pth 4 8192 19.749854 1.415254 21.165133
pth 4 8192 19.825604 1.479882 21.305507
pth 4 8192 19.847840 1.522075 21.369940
pth 4 8192 19.856356 1.459502 21.315883
\n
pth 8 16 0.000266 0.000078 0.000356
pth 8 16 0.000183 0.000041 0.000231
pth 8 16 0.000183 0.000037 0.000226
pth 8 16 0.000239 0.000064 0.000321
pth 8 16 0.000219 0.000059 0.000290
pth 8 16 0.000374 0.000073 0.000458
pth 8 16 0.000246 0.000081 0.000336
pth 8 16 0.000190 0.000038 0.000235
pth 8 16 0.000158 0.000040 0.000205
pth 8 16 0.000190 0.000036 0.000233
\n
pth 8 32 0.000323 0.000047 0.000377
pth 8 32 0.000337 0.000050 0.000393
pth 8 32 0.000671 0.000085 0.000767
pth 8 32 0.000611 0.000064 0.000686
pth 8 32 0.000593 0.000047 0.000651
pth 8 32 0.000468 0.000110 0.000588
pth 8 32 0.000528 0.000049 0.000587
pth 8 32 0.000535 0.000077 0.000622
pth 8 32 0.000535 0.000051 0.000597
pth 8 32 0.000334 0.000046 0.000387
\n
pth 8 64 0.002590 0.000099 0.002696
pth 8 64 0.001479 0.000105 0.001591
pth 8 64 0.001059 0.000095 0.001161
pth 8 64 0.001024 0.000096 0.001127
pth 8 64 0.001003 0.000096 0.001107
pth 8 64 0.001204 0.000098 0.001309
pth 8 64 0.001006 0.000097 0.001110
pth 8 64 0.001805 0.000094 0.001906
pth 8 64 0.001076 0.000103 0.001186
pth 8 64 0.001009 0.000100 0.001116
\n
pth 8 128 0.004253 0.000342 0.004602
pth 8 128 0.003210 0.000284 0.003502
pth 8 128 0.003537 0.000275 0.003819
pth 8 128 0.004054 0.000319 0.004383
pth 8 128 0.004380 0.000304 0.004695
pth 8 128 0.002588 0.000286 0.002881
pth 8 128 0.003634 0.000295 0.003936
pth 8 128 0.002577 0.000274 0.002858
pth 8 128 0.003964 0.000274 0.004245
pth 8 128 0.004312 0.000272 0.004591
\n
pth 8 256 0.013831 0.001097 0.014936
pth 8 256 0.014877 0.001201 0.016089
pth 8 256 0.017397 0.000998 0.018407
pth 8 256 0.014525 0.001009 0.015546
pth 8 256 0.014944 0.001018 0.015974
pth 8 256 0.015397 0.001042 0.016448
pth 8 256 0.013039 0.001168 0.014216
pth 8 256 0.015581 0.001220 0.016810
pth 8 256 0.013539 0.001164 0.014715
pth 8 256 0.013448 0.001815 0.015272
\n
pth 8 512 0.045473 0.003990 0.049476
pth 8 512 0.047282 0.004064 0.051361
pth 8 512 0.047899 0.006277 0.054191
pth 8 512 0.047069 0.004552 0.051635
pth 8 512 0.050233 0.004290 0.054537
pth 8 512 0.046889 0.004183 0.051091
pth 8 512 0.055726 0.007063 0.062806
pth 8 512 0.047946 0.003987 0.051950
pth 8 512 0.055502 0.004570 0.060092
pth 8 512 0.048024 0.004413 0.052451
\n
pth 8 1024 0.182992 0.021470 0.204482
pth 8 1024 0.175681 0.023406 0.199107
pth 8 1024 0.169333 0.028906 0.198261
pth 8 1024 0.170794 0.019850 0.190662
pth 8 1024 0.174166 0.019619 0.193803
pth 8 1024 0.168408 0.025960 0.194390
pth 8 1024 0.189160 0.018808 0.207988
pth 8 1024 0.168256 0.019227 0.187506
pth 8 1024 0.171988 0.021307 0.193317
pth 8 1024 0.168223 0.021979 0.190222
\n
pth 8 2048 0.723637 0.085729 0.809387
pth 8 2048 0.710847 0.078973 0.789841
pth 8 2048 0.700774 0.085030 0.785828
pth 8 2048 0.713431 0.097676 0.811130
pth 8 2048 0.676982 0.078651 0.755656
pth 8 2048 0.697625 0.089269 0.786918
pth 8 2048 0.706209 0.085944 0.792178
pth 8 2048 0.674762 0.083118 0.757906
pth 8 2048 0.695078 0.087589 0.782691
pth 8 2048 0.680234 0.075002 0.755255
\n
pth 8 4096 2.722353 0.360754 3.083128
pth 8 4096 2.727065 0.359840 3.086927
pth 8 4096 2.704463 0.352678 3.057162
pth 8 4096 2.693392 0.361665 3.055077
pth 8 4096 2.694793 0.368205 3.063018
pth 8 4096 2.698632 0.386285 3.084942
pth 8 4096 2.931759 2.266973 5.198755
pth 8 4096 2.693884 0.391486 3.085396
pth 8 4096 2.691999 0.370341 3.062364
pth 8 4096 2.684475 0.356445 3.040940
\n
pth 8 8192 10.723332 1.492625 12.215981
pth 8 8192 11.033094 1.572769 12.605882
pth 8 8192 10.739402 1.384025 12.123450
pth 8 8192 10.710460 1.457271 12.167752
pth 8 8192 10.775214 1.487137 12.262369
pth 8 8192 10.697922 1.468528 12.166474
pth 8 8192 10.904103 1.514605 12.418729
pth 8 8192 10.735680 1.456843 12.192543
pth 8 8192 10.654704 1.421139 12.075863
pth 8 8192 10.703917 1.475860 12.179797
\n
pth 16 16 0.000436 0.000077 0.000527
pth 16 16 0.000464 0.000076 0.000555
pth 16 16 0.000357 0.000038 0.000404
pth 16 16 0.000283 0.000065 0.000357
pth 16 16 0.000403 0.000066 0.000481
pth 16 16 0.000285 0.000047 0.000339
pth 16 16 0.000287 0.000067 0.000363
pth 16 16 0.000334 0.000038 0.000381
pth 16 16 0.000447 0.000061 0.000520
pth 16 16 0.000280 0.000061 0.000350
\n
pth 16 32 0.000722 0.000080 0.000813
pth 16 32 0.000624 0.000104 0.000740
pth 16 32 0.001431 0.000064 0.001502
pth 16 32 0.000712 0.000049 0.000771
pth 16 32 0.000863 0.000070 0.000940
pth 16 32 0.000498 0.000078 0.000588
pth 16 32 0.000576 0.000049 0.000636
pth 16 32 0.000389 0.000052 0.000448
pth 16 32 0.000462 0.000050 0.000519
pth 16 32 0.000441 0.000083 0.000532
\n
pth 16 64 0.001344 0.000164 0.001516
pth 16 64 0.001388 0.000097 0.001492
pth 16 64 0.001031 0.000101 0.001139
pth 16 64 0.000964 0.000104 0.001076
pth 16 64 0.001766 0.000114 0.001887
pth 16 64 0.001270 0.000129 0.001407
pth 16 64 0.000970 0.000094 0.001071
pth 16 64 0.000969 0.000101 0.001078
pth 16 64 0.001014 0.000097 0.001117
pth 16 64 0.000996 0.000098 0.001101
\n
pth 16 128 0.004544 0.000286 0.004837
pth 16 128 0.004294 0.000372 0.004674
pth 16 128 0.004083 0.000310 0.004401
pth 16 128 0.003376 0.000274 0.003658
pth 16 128 0.003955 0.000276 0.004238
pth 16 128 0.003216 0.000277 0.003500
pth 16 128 0.004132 0.000279 0.004419
pth 16 128 0.004608 0.000423 0.005041
pth 16 128 0.003738 0.000279 0.004024
pth 16 128 0.004346 0.000275 0.004628
\n
pth 16 256 0.018933 0.001174 0.020117
pth 16 256 0.015774 0.001497 0.017282
pth 16 256 0.016300 0.001030 0.017340
pth 16 256 0.012873 0.001137 0.014020
pth 16 256 0.014247 0.001608 0.015866
pth 16 256 0.015833 0.001082 0.016925
pth 16 256 0.013582 0.001135 0.014727
pth 16 256 0.013385 0.001613 0.015007
pth 16 256 0.013069 0.001129 0.014206
pth 16 256 0.014605 0.001016 0.015630
\n
pth 16 512 0.049976 0.010146 0.060139
pth 16 512 0.049107 0.006739 0.055863
pth 16 512 0.049068 0.004026 0.053110
pth 16 512 0.040288 0.004154 0.044459
pth 16 512 0.051254 0.006448 0.057719
pth 16 512 0.042842 0.004128 0.046986
pth 16 512 0.049921 0.004153 0.054089
pth 16 512 0.046488 0.006652 0.053155
pth 16 512 0.041398 0.004053 0.045467
pth 16 512 0.050373 0.004095 0.054484
\n
pth 16 1024 0.166137 0.019655 0.185810
pth 16 1024 0.164741 0.019328 0.184087
pth 16 1024 0.165097 0.021782 0.186898
pth 16 1024 0.172818 0.020814 0.193649
pth 16 1024 0.162406 0.019420 0.181845
pth 16 1024 0.167897 0.017725 0.185641
pth 16 1024 0.163216 0.015788 0.179022
pth 16 1024 0.159538 0.024729 0.184288
pth 16 1024 0.161331 0.017302 0.178655
pth 16 1024 0.171791 0.020588 0.192398
\n
pth 16 2048 0.678284 0.099540 0.777847
pth 16 2048 0.655134 0.086184 0.741343
pth 16 2048 0.631320 0.091158 0.722503
pth 16 2048 0.624325 0.084879 0.709228
pth 16 2048 0.620501 0.082208 0.702733
pth 16 2048 0.642370 0.092384 0.734780
pth 16 2048 0.614390 0.080201 0.694613
pth 16 2048 0.651653 0.084997 0.736674
pth 16 2048 0.625198 0.081564 0.706788
pth 16 2048 0.622380 0.084770 0.707171
\n
pth 16 4096 2.398805 0.341977 2.740805
pth 16 4096 2.415665 0.399974 2.815664
pth 16 4096 2.570395 0.356243 2.926663
pth 16 4096 2.493999 0.364283 2.858302
pth 16 4096 2.558367 0.369096 2.927485
pth 16 4096 2.497932 0.382599 2.880552
pth 16 4096 2.550113 0.407950 2.958085
pth 16 4096 2.505088 0.357541 2.862650
pth 16 4096 2.862276 0.371851 3.234148
pth 16 4096 2.412893 0.378157 2.791074
\n
pth 16 8192 9.527077 1.485396 11.012492
pth 16 8192 9.734744 1.504224 11.238991
pth 16 8192 9.750110 1.476472 11.226608
pth 16 8192 9.734154 1.495917 11.230095
pth 16 8192 9.618430 1.531878 11.150334
pth 16 8192 9.613781 1.440261 11.054061
pth 16 8192 9.690204 1.521634 11.211857
pth 16 8192 9.860615 1.491601 11.352240
pth 16 8192 9.541029 1.455201 10.996254
pth 16 8192 9.493528 1.420228 10.913780
\n
pth 32 16 0.001761 0.000089 0.001861
pth 32 16 0.001617 0.000042 0.001669
pth 32 16 0.001408 0.000041 0.001456
pth 32 16 0.001353 0.000046 0.001407
pth 32 16 0.001245 0.000042 0.001294
pth 32 16 0.001248 0.000042 0.001297
pth 32 16 0.001508 0.000038 0.001553
pth 32 16 0.001327 0.000046 0.001381
pth 32 16 0.001332 0.000043 0.001383
pth 32 16 0.001174 0.000049 0.001230
\n
pth 32 32 0.000565 0.000058 0.000630
pth 32 32 0.000696 0.000047 0.000751
pth 32 32 0.000560 0.000054 0.000621
pth 32 32 0.000539 0.000050 0.000596
pth 32 32 0.000640 0.000076 0.000724
pth 32 32 0.000582 0.000051 0.000641
pth 32 32 0.000512 0.000049 0.000568
pth 32 32 0.000791 0.000087 0.000890
pth 32 32 0.000662 0.000050 0.000722
pth 32 32 0.001088 0.000074 0.001170
\n
pth 32 64 0.001414 0.000096 0.001517
pth 32 64 0.000966 0.000103 0.001076
pth 32 64 0.000992 0.000105 0.001105
pth 32 64 0.000971 0.000101 0.001079
pth 32 64 0.001113 0.000101 0.001222
pth 32 64 0.001070 0.000198 0.001276
pth 32 64 0.001052 0.000105 0.001165
pth 32 64 0.001084 0.000109 0.001201
pth 32 64 0.000957 0.000099 0.001062
pth 32 64 0.001040 0.000103 0.001151
\n
pth 32 128 0.003626 0.000402 0.004035
pth 32 128 0.004226 0.000286 0.004520
pth 32 128 0.005674 0.000282 0.005963
pth 32 128 0.003779 0.000315 0.004101
pth 32 128 0.004418 0.000276 0.004702
pth 32 128 0.005466 0.000300 0.005777
pth 32 128 0.004600 0.000536 0.005145
pth 32 128 0.003572 0.000393 0.003973
pth 32 128 0.003645 0.000282 0.003938
pth 32 128 0.004243 0.000396 0.004646
\n
pth 32 256 0.011383 0.001158 0.012551
pth 32 256 0.014116 0.001171 0.015296
pth 32 256 0.011154 0.001518 0.012683
pth 32 256 0.013078 0.001624 0.014712
pth 32 256 0.012915 0.001023 0.013947
pth 32 256 0.010802 0.001464 0.012276
pth 32 256 0.014787 0.001031 0.015829
pth 32 256 0.011477 0.001034 0.012520
pth 32 256 0.010681 0.001289 0.011978
pth 32 256 0.014584 0.001035 0.015628
\n
pth 32 512 0.048867 0.003978 0.052859
pth 32 512 0.056446 0.004244 0.060706
pth 32 512 0.044631 0.004823 0.049470
pth 32 512 0.041742 0.004266 0.046021
pth 32 512 0.041888 0.004457 0.046361
pth 32 512 0.053184 0.008248 0.061448
pth 32 512 0.044279 0.004099 0.048393
pth 32 512 0.042476 0.004156 0.046648
pth 32 512 0.051420 0.004583 0.056018
pth 32 512 0.046864 0.004064 0.050941
\n
pth 32 1024 0.161028 0.017773 0.178818
pth 32 1024 0.154357 0.016253 0.170629
pth 32 1024 0.152941 0.015993 0.168953
pth 32 1024 0.174334 0.017863 0.192214
pth 32 1024 0.149686 0.017571 0.167274
pth 32 1024 0.160306 0.015813 0.176140
pth 32 1024 0.154584 0.016155 0.170757
pth 32 1024 0.153357 0.015963 0.169338
pth 32 1024 0.155801 0.020253 0.176076
pth 32 1024 0.152737 0.015802 0.168557
\n
pth 32 2048 0.596381 0.086545 0.682947
pth 32 2048 0.608891 0.081667 0.690580
pth 32 2048 0.602227 0.084109 0.686360
pth 32 2048 0.598300 0.090536 0.688863
pth 32 2048 0.605737 0.079481 0.685235
pth 32 2048 0.609801 0.088644 0.698472
pth 32 2048 0.609357 0.085049 0.694429
pth 32 2048 0.595887 0.082554 0.678464
pth 32 2048 0.606344 0.090428 0.696799
pth 32 2048 0.601783 0.094742 0.696546
\n
pth 32 4096 2.347555 3.592521 5.940098
pth 32 4096 2.396203 0.348550 2.744776
pth 32 4096 2.384000 0.368856 2.752881
pth 32 4096 2.342568 0.357102 2.699689
pth 32 4096 2.361452 0.370193 2.731664
pth 32 4096 2.393286 0.369141 2.762449
pth 32 4096 2.369310 2.805857 5.175191
pth 32 4096 2.403511 0.384033 2.787565
pth 32 4096 2.343991 0.351971 2.695981
pth 32 4096 2.332149 0.349632 2.681803
\n
pth 32 8192 9.369622 1.471899 10.841542
pth 32 8192 9.411029 4.187212 13.598258
pth 32 8192 9.366510 1.468175 10.834707
pth 32 8192 9.461825 1.518313 10.980157
pth 32 8192 9.296361 1.472867 10.769252
pth 32 8192 9.367705 1.497199 10.864924
pth 32 8192 9.336124 1.454921 10.791067
pth 32 8192 9.414685 1.434634 10.849339
pth 32 8192 9.354191 1.472624 10.826836
pth 32 8192 9.349427 1.527685 10.877136
\n
