pth 1 16 0.000710 0.000035 0.000751
pth 1 16 0.000396 0.000073 0.000483
pth 1 16 0.000633 0.000061 0.000705
pth 1 16 0.000612 0.000055 0.000677
pth 1 16 0.000614 0.000055 0.000681
pth 1 16 0.000370 0.000034 0.000412
pth 1 16 0.000604 0.000034 0.000644
pth 1 16 0.000625 0.000056 0.000694
pth 1 16 0.000618 0.000056 0.000685
pth 1 16 0.000620 0.000062 0.000693
\n
pth 1 32 0.001225 0.000056 0.001289
pth 1 32 0.002107 0.000110 0.002228
pth 1 32 0.001811 0.000049 0.001867
pth 1 32 0.001227 0.000074 0.001313
pth 1 32 0.002155 0.000083 0.002250
pth 1 32 0.001231 0.000072 0.001314
pth 1 32 0.002421 0.000080 0.002518
pth 1 32 0.002130 0.000062 0.002199
pth 1 32 0.001233 0.000048 0.001288
pth 1 32 0.002145 0.000084 0.002242
\n
pth 1 64 0.008389 0.000138 0.008535
pth 1 64 0.007608 0.000209 0.007830
pth 1 64 0.008429 0.000172 0.008609
pth 1 64 0.009234 0.000219 0.009470
pth 1 64 0.004695 0.000194 0.004904
pth 1 64 0.008913 0.000116 0.009041
pth 1 64 0.004757 0.000179 0.004949
pth 1 64 0.008876 0.000250 0.009144
pth 1 64 0.009129 0.000098 0.009235
pth 1 64 0.004737 0.000192 0.004944
\n
pth 1 128 0.018452 0.000530 0.018996
pth 1 128 0.018456 0.000537 0.019005
pth 1 128 0.022188 0.000548 0.022745
pth 1 128 0.018564 0.000549 0.019127
pth 1 128 0.025316 0.000808 0.026135
pth 1 128 0.021922 0.000540 0.022475
pth 1 128 0.018453 0.000539 0.019006
pth 1 128 0.024608 0.000556 0.025174
pth 1 128 0.024073 0.000543 0.024629
pth 1 128 0.022463 0.000560 0.023037
\n
pth 1 256 0.073832 0.001936 0.075784
pth 1 256 0.074874 0.001971 0.076860
pth 1 256 0.079840 0.001724 0.081583
pth 1 256 0.077989 0.002243 0.080255
pth 1 256 0.075652 0.001763 0.077435
pth 1 256 0.081549 0.001082 0.082644
pth 1 256 0.076311 0.001772 0.078102
pth 1 256 0.078740 0.001726 0.080485
pth 1 256 0.078197 0.001843 0.080055
pth 1 256 0.073444 0.001994 0.075460
\n
pth 1 512 0.293426 0.007074 0.300518
pth 1 512 0.294608 0.007062 0.301692
pth 1 512 0.302011 0.007416 0.309448
pth 1 512 0.302530 0.007828 0.310378
pth 1 512 0.300950 0.010403 0.311376
pth 1 512 0.296582 0.003999 0.300597
pth 1 512 0.294095 0.007675 0.301793
pth 1 512 0.296390 0.007789 0.304200
pth 1 512 0.296211 0.007873 0.304105
pth 1 512 0.298204 0.003871 0.302090
\n
pth 1 1024 1.177371 0.023868 1.201257
pth 1 1024 1.175529 0.020167 1.195714
pth 1 1024 1.175102 0.020523 1.195648
pth 1 1024 1.176100 0.026482 1.202602
pth 1 1024 1.183499 0.024101 1.207618
pth 1 1024 1.181597 0.023239 1.204852
pth 1 1024 1.177332 0.022834 1.200181
pth 1 1024 1.175906 0.021529 1.197458
pth 1 1024 1.186304 0.023002 1.209324
pth 1 1024 1.185419 0.022417 1.207854
\n
pth 1 2048 4.693879 0.092127 4.786022
pth 1 2048 4.704155 0.089360 4.793539
pth 1 2048 4.703072 0.081320 4.784410
pth 1 2048 4.719297 0.090136 4.809455
pth 1 2048 4.693064 0.084913 4.778001
pth 1 2048 4.706975 0.084918 4.791912
pth 1 2048 4.702368 0.081967 4.784357
pth 1 2048 4.698418 0.098095 4.796536
pth 1 2048 4.696618 0.097770 4.794411
pth 1 2048 4.697920 0.101607 4.799547
\n
pth 1 4096 18.858384 0.349257 19.207667
pth 1 4096 18.763220 0.370764 19.134009
pth 1 4096 18.780698 0.381051 19.161775
pth 1 4096 18.803763 0.391920 19.195703
pth 1 4096 18.762792 0.363127 19.125941
pth 1 4096 18.850644 0.373563 19.224226
pth 1 4096 18.890885 0.359126 19.250034
pth 1 4096 18.783221 0.348553 19.131792
pth 1 4096 18.812635 0.350604 19.163265
pth 1 4096 18.839295 0.361706 19.201026
\n
pth 1 8192 75.152304 1.454921 76.607251
pth 1 8192 75.289931 1.494359 76.784314
pth 1 8192 75.249505 1.451443 76.700974
pth 1 8192 75.110011 1.518475 76.628512
pth 1 8192 74.996833 1.451334 76.448184
pth 1 8192 75.289981 1.522873 76.812876
pth 1 8192 75.070985 1.461377 76.532381
pth 1 8192 75.244806 1.451650 76.696478
pth 1 8192 75.074047 1.463960 76.538027
pth 1 8192 75.202235 1.445506 76.647764
\n
pth 2 16 0.000384 0.000039 0.000429
pth 2 16 0.000380 0.000035 0.000422
pth 2 16 0.000396 0.000046 0.000449
pth 2 16 0.000366 0.000042 0.000415
pth 2 16 0.000369 0.000037 0.000413
pth 2 16 0.000357 0.000034 0.000398
pth 2 16 0.000353 0.000035 0.000394
pth 2 16 0.000282 0.000035 0.000323
pth 2 16 0.000298 0.000057 0.000367
pth 2 16 0.000224 0.000056 0.000292
\n
pth 2 32 0.000650 0.000043 0.000700
pth 2 32 0.001127 0.000087 0.001221
pth 2 32 0.000996 0.000075 0.001082
pth 2 32 0.000651 0.000046 0.000704
pth 2 32 0.000657 0.000048 0.000712
pth 2 32 0.000985 0.000048 0.001039
pth 2 32 0.001133 0.000045 0.001185
pth 2 32 0.001133 0.000073 0.001217
pth 2 32 0.001154 0.000076 0.001243
pth 2 32 0.001137 0.000074 0.001222
\n
pth 2 64 0.002505 0.000158 0.002674
pth 2 64 0.002506 0.000161 0.002679
pth 2 64 0.004345 0.000156 0.004509
pth 2 64 0.004375 0.000162 0.004549
pth 2 64 0.003805 0.000162 0.003976
pth 2 64 0.002494 0.000095 0.002596
pth 2 64 0.004605 0.000111 0.004722
pth 2 64 0.004169 0.000102 0.004278
pth 2 64 0.003828 0.000177 0.004017
pth 2 64 0.003989 0.000161 0.004162
\n
pth 2 128 0.014360 0.000280 0.014652
pth 2 128 0.015101 0.000540 0.015649
pth 2 128 0.010433 0.000529 0.010976
pth 2 128 0.011986 0.000534 0.012529
pth 2 128 0.011590 0.000340 0.011942
pth 2 128 0.014279 0.000418 0.014707
pth 2 128 0.009877 0.000547 0.010437
pth 2 128 0.016163 0.000341 0.016513
pth 2 128 0.012290 0.000285 0.012587
pth 2 128 0.012648 0.000293 0.012953
\n
pth 2 256 0.043590 0.001091 0.044696
pth 2 256 0.039078 0.001941 0.041030
pth 2 256 0.041242 0.001000 0.042256
pth 2 256 0.043854 0.001686 0.045550
pth 2 256 0.045118 0.002060 0.047188
pth 2 256 0.042117 0.001953 0.044081
pth 2 256 0.043422 0.001932 0.045365
pth 2 256 0.039191 0.001085 0.040286
pth 2 256 0.042070 0.001959 0.044045
pth 2 256 0.041279 0.001951 0.043242
\n
pth 2 512 0.161260 0.006926 0.168206
pth 2 512 0.161411 0.008435 0.169867
pth 2 512 0.159920 0.007879 0.167821
pth 2 512 0.157180 0.007548 0.164746
pth 2 512 0.156622 0.007592 0.164231
pth 2 512 0.156526 0.007558 0.164106
pth 2 512 0.157767 0.007739 0.165524
pth 2 512 0.159704 0.007703 0.167424
pth 2 512 0.163229 0.007866 0.171118
pth 2 512 0.159538 0.007656 0.167216
\n
pth 2 1024 0.627095 0.023618 0.650732
pth 2 1024 0.627518 0.022161 0.649693
pth 2 1024 0.631826 0.022045 0.653889
pth 2 1024 0.630828 0.029210 0.660057
pth 2 1024 0.625989 0.023684 0.649694
pth 2 1024 0.627416 0.023063 0.650497
pth 2 1024 0.630461 0.023816 0.654295
pth 2 1024 0.628673 0.022597 0.651287
pth 2 1024 0.624774 0.022090 0.646882
pth 2 1024 0.627549 0.021197 0.648760
\n
pth 2 2048 2.518322 0.089890 2.608233
pth 2 2048 2.523541 0.098438 2.622003
pth 2 2048 2.517391 0.079270 2.596683
pth 2 2048 2.515700 0.075322 2.591040
pth 2 2048 2.536348 0.097237 2.633605
pth 2 2048 2.499801 0.100686 2.600509
pth 2 2048 2.520581 0.088507 2.609111
pth 2 2048 2.521653 0.258197 2.779870
pth 2 2048 2.502937 0.081272 2.584231
pth 2 2048 2.500873 0.095631 2.596529
\n
pth 2 4096 10.050750 0.396176 10.446950
pth 2 4096 10.036196 0.352602 10.388821
pth 2 4096 10.004539 0.354280 10.358843
pth 2 4096 10.072019 0.352829 10.424870
pth 2 4096 10.023597 0.373172 10.396791
pth 2 4096 10.029036 0.385091 10.414150
pth 2 4096 10.045525 0.412144 10.457694
pth 2 4096 9.993909 0.404386 10.398322
pth 2 4096 10.056341 0.369099 10.425461
pth 2 4096 10.028612 0.361702 10.390339
\n
pth 2 8192 39.968224 1.478236 41.446476
pth 2 8192 40.045369 1.470872 41.516265
pth 2 8192 40.059476 1.462221 41.521719
pth 2 8192 40.114391 1.485569 41.599985
pth 2 8192 40.200759 1.527226 41.728005
pth 2 8192 39.977258 1.458060 41.435344
pth 2 8192 40.152458 1.449345 41.601829
pth 2 8192 40.145737 1.433479 41.579238
pth 2 8192 40.023663 1.509692 41.533380
pth 2 8192 39.994170 1.385187 41.379383
\n
pth 4 16 0.000255 0.000066 0.000335
pth 4 16 0.000234 0.000041 0.000281
pth 4 16 0.000234 0.000086 0.000332
pth 4 16 0.000259 0.000062 0.000333
pth 4 16 0.000229 0.000028 0.000268
pth 4 16 0.000158 0.000035 0.000199
pth 4 16 0.000158 0.000035 0.000201
pth 4 16 0.000204 0.000059 0.000274
pth 4 16 0.000204 0.000062 0.000278
pth 4 16 0.000199 0.000057 0.000267
\n
pth 4 32 0.000407 0.000046 0.000464
pth 4 32 0.000362 0.000044 0.000413
pth 4 32 0.000596 0.000043 0.000646
pth 4 32 0.000644 0.000073 0.000728
pth 4 32 0.000620 0.000044 0.000670
pth 4 32 0.000613 0.000073 0.000693
pth 4 32 0.000609 0.000081 0.000703
pth 4 32 0.000618 0.000044 0.000668
pth 4 32 0.000602 0.000044 0.000653
pth 4 32 0.000396 0.000044 0.000446
\n
pth 4 64 0.001304 0.000091 0.001403
pth 4 64 0.002204 0.000158 0.002373
pth 4 64 0.002250 0.000097 0.002354
pth 4 64 0.002256 0.000091 0.002355
pth 4 64 0.001777 0.000155 0.001945
pth 4 64 0.001323 0.000108 0.001438
pth 4 64 0.001812 0.000158 0.001980
pth 4 64 0.002256 0.000093 0.002359
pth 4 64 0.002183 0.000165 0.002357
pth 4 64 0.001321 0.000100 0.001429
\n
pth 4 128 0.007268 0.000308 0.007583
pth 4 128 0.006052 0.000333 0.006393
pth 4 128 0.005066 0.000265 0.005338
pth 4 128 0.005258 0.000330 0.005596
pth 4 128 0.005270 0.000276 0.005552
pth 4 128 0.005242 0.000282 0.005531
pth 4 128 0.005221 0.000279 0.005508
pth 4 128 0.008874 0.000386 0.009270
pth 4 128 0.007213 0.000355 0.007576
pth 4 128 0.006211 0.000298 0.006517
\n
pth 4 256 0.023824 0.001709 0.025544
pth 4 256 0.022039 0.001048 0.023096
pth 4 256 0.023405 0.001181 0.024595
pth 4 256 0.021614 0.001010 0.022632
pth 4 256 0.024446 0.001010 0.025465
pth 4 256 0.020289 0.000999 0.021296
pth 4 256 0.024534 0.001137 0.025680
pth 4 256 0.022091 0.001005 0.023106
pth 4 256 0.023564 0.000976 0.024552
pth 4 256 0.021092 0.001007 0.022108
\n
pth 4 512 0.089746 0.007550 0.097314
pth 4 512 0.087326 0.007338 0.094681
pth 4 512 0.086819 0.007605 0.094445
pth 4 512 0.091566 0.008559 0.100147
pth 4 512 0.085330 0.006869 0.092218
pth 4 512 0.081961 0.005117 0.087095
pth 4 512 0.085494 0.003951 0.089466
pth 4 512 0.087774 0.008302 0.096095
pth 4 512 0.084569 0.007845 0.092436
pth 4 512 0.081986 0.004168 0.086170
\n
pth 4 1024 0.327873 0.021341 0.349230
pth 4 1024 0.336107 0.020731 0.356858
pth 4 1024 0.329367 0.018693 0.348080
pth 4 1024 0.325997 0.022488 0.348505
pth 4 1024 0.328495 0.023079 0.351596
pth 4 1024 0.334470 0.018916 0.353404
pth 4 1024 0.337104 0.023274 0.360401
pth 4 1024 0.329134 0.021861 0.351013
pth 4 1024 0.331367 0.019458 0.350842
pth 4 1024 0.326202 0.021511 0.347732
\n
pth 4 2048 1.314175 0.086943 1.401140
pth 4 2048 1.331609 0.100040 1.431677
pth 4 2048 1.317108 0.091894 1.409027
pth 4 2048 1.319466 0.745816 2.065309
pth 4 2048 1.331703 0.081512 1.413230
pth 4 2048 1.319366 0.088327 1.407716
pth 4 2048 1.331526 0.083781 1.415330
pth 4 2048 1.323398 0.084317 1.407739
pth 4 2048 1.324529 0.082469 1.407020
pth 4 2048 1.309460 0.086595 1.396078
\n
pth 4 4096 5.237826 0.338045 5.575889
pth 4 4096 5.257694 0.362125 5.619841
pth 4 4096 5.249226 0.361239 5.610486
pth 4 4096 5.259868 0.342493 5.602380
pth 4 4096 5.235391 0.373472 5.608881
pth 4 4096 5.256847 0.350723 5.607594
pth 4 4096 5.240546 0.340438 5.581006
pth 4 4096 5.263925 0.398161 5.662110
pth 4 4096 5.265449 0.359525 5.624999
pth 4 4096 5.257052 0.346756 5.603834
\n
pth 4 8192 20.919797 1.478661 22.398479
pth 4 8192 20.977712 1.446824 22.424561
pth 4 8192 21.012496 1.404122 22.416639
pth 4 8192 21.047247 1.477873 22.525142
pth 4 8192 20.894486 1.469987 22.364498
pth 4 8192 20.972578 1.441995 22.414598
pth 4 8192 20.914019 1.427130 22.341176
pth 4 8192 20.966920 1.465070 22.432015
pth 4 8192 20.973828 1.470893 22.444747
pth 4 8192 20.900831 1.473328 22.374180
\n
pth 8 16 0.000290 0.000039 0.000341
pth 8 16 0.000193 0.000037 0.000236
pth 8 16 0.000250 0.000048 0.000305
pth 8 16 0.000333 0.000045 0.000390
pth 8 16 0.000402 0.000059 0.000472
pth 8 16 0.000386 0.000036 0.000432
pth 8 16 0.000199 0.000037 0.000243
pth 8 16 0.000203 0.000036 0.000246
pth 8 16 0.000172 0.000036 0.000216
pth 8 16 0.000192 0.000037 0.000236
\n
pth 8 32 0.000427 0.000043 0.000477
pth 8 32 0.000693 0.000076 0.000777
pth 8 32 0.000936 0.000072 0.001019
pth 8 32 0.000678 0.000063 0.000752
pth 8 32 0.000680 0.000047 0.000737
pth 8 32 0.000498 0.000065 0.000579
pth 8 32 0.000654 0.000049 0.000714
pth 8 32 0.000706 0.000049 0.000765
pth 8 32 0.000423 0.000051 0.000480
pth 8 32 0.000424 0.000042 0.000474
\n
pth 8 64 0.001217 0.000131 0.001356
pth 8 64 0.001361 0.000101 0.001469
pth 8 64 0.001391 0.000101 0.001499
pth 8 64 0.001342 0.000101 0.001451
pth 8 64 0.001327 0.000091 0.001424
pth 8 64 0.001348 0.000103 0.001459
pth 8 64 0.001363 0.000103 0.001473
pth 8 64 0.002323 0.000134 0.002465
pth 8 64 0.001328 0.000095 0.001430
pth 8 64 0.001344 0.000093 0.001445
\n
pth 8 128 0.005326 0.000286 0.005619
pth 8 128 0.003942 0.000334 0.004284
pth 8 128 0.004889 0.000279 0.005175
pth 8 128 0.005114 0.000281 0.005402
pth 8 128 0.004699 0.000368 0.005080
pth 8 128 0.004855 0.000383 0.005245
pth 8 128 0.004723 0.000333 0.005063
pth 8 128 0.004475 0.000277 0.004762
pth 8 128 0.005740 0.000325 0.006073
pth 8 128 0.005173 0.000275 0.005456
\n
pth 8 256 0.015409 0.001241 0.016659
pth 8 256 0.019050 0.001491 0.020550
pth 8 256 0.018263 0.001301 0.019573
pth 8 256 0.018090 0.001045 0.019144
pth 8 256 0.010926 0.001022 0.011956
pth 8 256 0.013828 0.001013 0.014852
pth 8 256 0.016066 0.001158 0.017234
pth 8 256 0.017451 0.001030 0.018491
pth 8 256 0.019454 0.001117 0.020580
pth 8 256 0.016613 0.001067 0.017689
\n
pth 8 512 0.049304 0.004154 0.053474
pth 8 512 0.051380 0.004010 0.055405
pth 8 512 0.054445 0.007682 0.062145
pth 8 512 0.046274 0.006290 0.052579
pth 8 512 0.055661 0.006625 0.062300
pth 8 512 0.056873 0.003929 0.060821
pth 8 512 0.050890 0.004570 0.055476
pth 8 512 0.058661 0.007418 0.066103
pth 8 512 0.052401 0.004331 0.056747
pth 8 512 0.063435 0.004180 0.067630
\n
pth 8 1024 0.194188 0.020422 0.214629
pth 8 1024 0.188403 0.019580 0.208004
pth 8 1024 0.202328 0.023717 0.226062
pth 8 1024 0.192439 0.020480 0.212940
pth 8 1024 0.189062 0.020060 0.209153
pth 8 1024 0.191471 0.023123 0.214617
pth 8 1024 0.198583 0.024096 0.222697
pth 8 1024 0.200740 0.017499 0.218257
pth 8 1024 0.192946 0.023600 0.216564
pth 8 1024 0.196986 0.022630 0.219634
\n
pth 8 2048 0.729944 0.093769 0.823738
pth 8 2048 0.721836 0.087757 0.809612
pth 8 2048 0.721125 0.085238 0.806382
pth 8 2048 0.727357 0.085506 0.812884
pth 8 2048 0.721070 0.102039 0.823132
pth 8 2048 0.738531 0.084094 0.822642
pth 8 2048 0.722063 0.082801 0.804888
pth 8 2048 0.716155 0.084577 0.800756
pth 8 2048 0.716218 0.082405 0.798647
pth 8 2048 0.726063 0.087630 0.813718
\n
pth 8 4096 2.956069 0.360580 3.316667
pth 8 4096 2.853150 0.394281 3.247449
pth 8 4096 2.871059 0.360870 3.231952
pth 8 4096 2.808761 0.356811 3.165594
pth 8 4096 2.973343 0.358942 3.332309
pth 8 4096 3.009331 0.385425 3.394780
pth 8 4096 3.014233 0.373579 3.387833
pth 8 4096 2.817945 0.358305 3.176273
pth 8 4096 2.823358 0.380191 3.203571
pth 8 4096 2.839516 0.378684 3.218222
\n
pth 8 8192 11.218042 1.507398 12.725458
pth 8 8192 11.266373 1.461756 12.728153
pth 8 8192 11.249140 4.211588 15.460754
pth 8 8192 11.243812 1.474460 12.718297
pth 8 8192 11.267930 1.432133 12.700088
pth 8 8192 11.229834 1.494734 12.724588
pth 8 8192 11.262411 1.454977 12.717412
pth 8 8192 11.434664 1.472949 12.907637
pth 8 8192 11.242623 1.450934 12.693577
pth 8 8192 11.227553 1.446083 12.673657
\n
pth 16 16 0.000391 0.000074 0.000478
pth 16 16 0.000365 0.000037 0.000413
pth 16 16 0.000390 0.000040 0.000438
pth 16 16 0.000277 0.000039 0.000323
pth 16 16 0.000277 0.000062 0.000347
pth 16 16 0.000279 0.000041 0.000328
pth 16 16 0.000421 0.000039 0.000469
pth 16 16 0.000340 0.000039 0.000390
pth 16 16 0.000335 0.000061 0.000407
pth 16 16 0.000353 0.000061 0.000426
\n
pth 16 32 0.000671 0.000078 0.000761
pth 16 32 0.000607 0.000051 0.000669
pth 16 32 0.000488 0.000087 0.000587
pth 16 32 0.000633 0.000049 0.000690
pth 16 32 0.000669 0.000081 0.000758
pth 16 32 0.000618 0.000053 0.000677
pth 16 32 0.000487 0.000047 0.000541
pth 16 32 0.000527 0.000050 0.000584
pth 16 32 0.000565 0.000052 0.000624
pth 16 32 0.000565 0.000051 0.000626
\n
pth 16 64 0.001359 0.000099 0.001465
pth 16 64 0.001236 0.000104 0.001348
pth 16 64 0.001282 0.000099 0.001389
pth 16 64 0.001124 0.000103 0.001234
pth 16 64 0.001284 0.000100 0.001392
pth 16 64 0.001073 0.000097 0.001177
pth 16 64 0.001102 0.000101 0.001210
pth 16 64 0.001101 0.000098 0.001206
pth 16 64 0.001074 0.000100 0.001181
pth 16 64 0.001583 0.000143 0.001742
\n
pth 16 128 0.003803 0.000286 0.004095
pth 16 128 0.004885 0.000284 0.005178
pth 16 128 0.003786 0.000280 0.004074
pth 16 128 0.004570 0.000418 0.004997
pth 16 128 0.003681 0.000276 0.003964
pth 16 128 0.004615 0.000278 0.004900
pth 16 128 0.004792 0.000280 0.005079
pth 16 128 0.004596 0.000281 0.004884
pth 16 128 0.003884 0.000337 0.004228
pth 16 128 0.003753 0.000278 0.004039
\n
pth 16 256 0.013960 0.001129 0.015099
pth 16 256 0.013744 0.001158 0.014913
pth 16 256 0.015529 0.001268 0.016807
pth 16 256 0.019405 0.001147 0.020562
pth 16 256 0.013679 0.001024 0.014713
pth 16 256 0.013998 0.001593 0.015602
pth 16 256 0.013367 0.001026 0.014402
pth 16 256 0.013625 0.001027 0.014661
pth 16 256 0.013466 0.001109 0.014585
pth 16 256 0.014722 0.001129 0.015861
\n
pth 16 512 0.049952 0.006372 0.056343
pth 16 512 0.054582 0.003977 0.058574
pth 16 512 0.047941 0.004007 0.051967
pth 16 512 0.046490 0.003998 0.050502
pth 16 512 0.049680 0.004202 0.053896
pth 16 512 0.051317 0.009788 0.061120
pth 16 512 0.051169 0.007755 0.058941
pth 16 512 0.049123 0.004550 0.053693
pth 16 512 0.050917 0.005865 0.056798
pth 16 512 0.047662 0.004228 0.051906
\n
pth 16 1024 0.183952 0.024825 0.208800
pth 16 1024 0.192986 0.015666 0.208673
pth 16 1024 0.192064 0.021500 0.213584
pth 16 1024 0.191302 0.017372 0.208697
pth 16 1024 0.183261 0.020927 0.204213
pth 16 1024 0.179087 0.019489 0.198595
pth 16 1024 0.184046 0.020466 0.204529
pth 16 1024 0.189127 0.018796 0.207942
pth 16 1024 0.178986 0.023150 0.202157
pth 16 1024 0.188152 0.019674 0.207849
\n
pth 16 2048 0.698917 0.117398 0.816341
pth 16 2048 0.704492 0.098894 0.803412
pth 16 2048 0.707862 0.096405 0.804291
pth 16 2048 0.693335 0.102493 0.795854
pth 16 2048 0.703774 0.093355 0.797150
pth 16 2048 0.705899 0.102937 0.808857
pth 16 2048 0.714732 0.094295 0.809049
pth 16 2048 0.700916 0.118432 0.819370
pth 16 2048 0.673311 0.111675 0.785009
pth 16 2048 0.700989 0.094745 0.795753
\n
pth 16 4096 2.765508 0.358725 3.124256
pth 16 4096 2.762140 0.361163 3.123327
pth 16 4096 2.689711 0.376813 3.066542
pth 16 4096 2.835574 0.397181 3.232776
pth 16 4096 2.674587 0.372863 3.047474
pth 16 4096 2.712480 0.374175 3.086677
pth 16 4096 2.768373 0.344915 3.113311
pth 16 4096 2.861210 0.392697 3.253930
pth 16 4096 2.692939 0.371457 3.064417
pth 16 4096 3.073149 0.354648 3.427816
\n
pth 16 8192 10.761194 1.550910 12.312129
pth 16 8192 10.880623 1.464655 12.345304
pth 16 8192 10.834522 1.496596 12.331142
pth 16 8192 10.632330 1.581889 12.214240
pth 16 8192 10.738357 1.466628 12.205009
pth 16 8192 10.746779 1.482641 12.229440
pth 16 8192 10.720316 2.246634 12.966976
pth 16 8192 10.629394 1.476535 12.105953
pth 16 8192 10.800894 1.500205 12.301124
pth 16 8192 10.670429 1.497639 12.168091
\n
pth 32 16 0.001652 0.000050 0.001710
pth 32 16 0.001591 0.000052 0.001650
pth 32 16 0.001525 0.000044 0.001576
pth 32 16 0.001261 0.000045 0.001314
pth 32 16 0.001690 0.000046 0.001743
pth 32 16 0.001334 0.000038 0.001379
pth 32 16 0.001531 0.000044 0.001582
pth 32 16 0.001437 0.000039 0.001522
pth 32 16 0.001691 0.000048 0.001747
pth 32 16 0.001444 0.000041 0.001492
\n
pth 32 32 0.000971 0.000053 0.001030
pth 32 32 0.000480 0.000046 0.000533
pth 32 32 0.000548 0.000053 0.000608
pth 32 32 0.000850 0.000086 0.000949
pth 32 32 0.000785 0.000074 0.000867
pth 32 32 0.000527 0.000085 0.000621
pth 32 32 0.000683 0.000052 0.000744
pth 32 32 0.000774 0.000053 0.000837
pth 32 32 0.000526 0.000050 0.000583
pth 32 32 0.000837 0.000051 0.000899
\n
pth 32 64 0.001154 0.000136 0.001299
pth 32 64 0.001151 0.000098 0.001257
pth 32 64 0.001220 0.000124 0.001351
pth 32 64 0.001119 0.000110 0.001237
pth 32 64 0.001382 0.000137 0.001526
pth 32 64 0.001615 0.000136 0.001759
pth 32 64 0.001473 0.000101 0.001581
pth 32 64 0.001704 0.000099 0.001811
pth 32 64 0.001102 0.000100 0.001208
pth 32 64 0.001099 0.000101 0.001207
\n
pth 32 128 0.005288 0.000425 0.005720
pth 32 128 0.004679 0.000316 0.005004
pth 32 128 0.005568 0.000279 0.005855
pth 32 128 0.005040 0.000426 0.005475
pth 32 128 0.004575 0.000282 0.004864
pth 32 128 0.004718 0.000292 0.005019
pth 32 128 0.004363 0.000294 0.004665
pth 32 128 0.004980 0.000279 0.005266
pth 32 128 0.004748 0.000288 0.005044
pth 32 128 0.003664 0.000282 0.003953
\n
pth 32 256 0.012607 0.001039 0.013654
pth 32 256 0.014016 0.001036 0.015062
pth 32 256 0.014215 0.001113 0.015338
pth 32 256 0.013111 0.001064 0.014184
pth 32 256 0.021172 0.001182 0.022364
pth 32 256 0.013048 0.001489 0.014547
pth 32 256 0.013463 0.001064 0.014537
pth 32 256 0.013245 0.001043 0.014298
pth 32 256 0.014970 0.001114 0.016093
pth 32 256 0.013512 0.001474 0.014996
\n
pth 32 512 0.051490 0.005356 0.056863
pth 32 512 0.043906 0.004538 0.048459
pth 32 512 0.047940 0.004645 0.052604
pth 32 512 0.055025 0.004191 0.059231
pth 32 512 0.047931 0.004266 0.052212
pth 32 512 0.050185 0.004630 0.054832
pth 32 512 0.045525 0.004072 0.049612
pth 32 512 0.051993 0.004104 0.056116
pth 32 512 0.045171 0.004087 0.049273
pth 32 512 0.047765 0.004096 0.051878
\n
pth 32 1024 0.185745 0.020883 0.206651
pth 32 1024 0.175768 0.017457 0.193247
pth 32 1024 0.181538 0.020961 0.202522
pth 32 1024 0.174426 0.025538 0.199983
pth 32 1024 0.174933 0.015706 0.190656
pth 32 1024 0.173159 0.019377 0.192554
pth 32 1024 0.176280 0.018267 0.194566
pth 32 1024 0.177912 0.015853 0.193782
pth 32 1024 0.179918 0.030064 0.210000
pth 32 1024 0.171384 0.015800 0.187200
\n
pth 32 2048 0.677289 0.079548 0.756861
pth 32 2048 0.664303 0.087259 0.751586
pth 32 2048 0.667478 0.083895 0.751397
pth 32 2048 0.665913 0.085779 0.751716
pth 32 2048 0.694670 0.087106 0.781801
pth 32 2048 0.685850 0.117870 0.803745
pth 32 2048 0.685700 0.085749 0.771471
pth 32 2048 0.667333 0.079685 0.747041
pth 32 2048 0.675633 0.094406 0.770064
pth 32 2048 0.694124 0.111851 0.805996
\n
pth 32 4096 2.663847 0.421854 3.085725
pth 32 4096 2.638322 0.359892 2.998238
pth 32 4096 2.644857 0.386175 3.031051
pth 32 4096 2.636709 0.439663 3.076396
pth 32 4096 2.631740 0.379073 3.010836
pth 32 4096 2.641087 0.394857 3.035970
pth 32 4096 2.650331 0.355053 3.005409
pth 32 4096 2.633013 0.358188 2.991219
pth 32 4096 2.678040 0.356629 3.034691
pth 32 4096 2.648357 0.362485 3.010867
\n
pth 32 8192 10.556516 1.519820 12.076355
pth 32 8192 10.468882 1.486299 11.955206
pth 32 8192 10.507890 1.570158 12.078068
pth 32 8192 10.591280 1.504602 12.095908
pth 32 8192 10.515499 1.462199 11.977723
pth 32 8192 10.495648 2.550007 13.045683
pth 32 8192 10.514597 1.457299 11.971913
pth 32 8192 10.552694 1.498424 12.051142
pth 32 8192 10.463829 1.534438 11.998288
pth 32 8192 10.553174 1.505973 12.059171
\n
